# gunzip -c exp/tri2b/decode/depth_tmp.*.gz | steps/diagnostic/analyze_lattice_depth_stats.py exp/tri2b/graph exp/tri2b/decode/ali_frame_tmp.gz 
# Started at Sat May  8 21:56:56 IST 2021
#
The total amount of data analyzed assuming 100 frames per second is 0.0 hours
Overall, lattice depth (10,50,90-percentile)=(1,2,7) and mean=3.1
Nonsilence phones as a group account for 85.0% of frames, with lattice depth (10,50,90-percentile)=(1,2,7) and mean=3.2
Phone SIL accounts for 15.0% of frames, with lattice depth (10,50,90-percentile)=(1,1,5) and mean=2.1
Phone N_E accounts for 8.8% of frames, with lattice depth (10,50,90-percentile)=(1,3,9) and mean=4.2
Phone UW_E accounts for 5.8% of frames, with lattice depth (10,50,90-percentile)=(1,2,12) and mean=3.5
Phone F_B accounts for 5.8% of frames, with lattice depth (10,50,90-percentile)=(1,3,6) and mean=3.4
Phone AY_I accounts for 4.9% of frames, with lattice depth (10,50,90-percentile)=(1,3,7) and mean=3.5
Phone AH_I accounts for 4.9% of frames, with lattice depth (10,50,90-percentile)=(1,3,6) and mean=2.9
Phone EY_B accounts for 4.1% of frames, with lattice depth (10,50,90-percentile)=(1,2,9) and mean=4.0
Phone AO_I accounts for 3.7% of frames, with lattice depth (10,50,90-percentile)=(1,2,5) and mean=2.8
Phone V_E accounts for 3.6% of frames, with lattice depth (10,50,90-percentile)=(1,3,7) and mean=3.5
Phone R_I accounts for 3.6% of frames, with lattice depth (10,50,90-percentile)=(1,2,6) and mean=2.7
Phone S_B accounts for 3.5% of frames, with lattice depth (10,50,90-percentile)=(1,1,4) and mean=2.1
Phone IY_E accounts for 3.3% of frames, with lattice depth (10,50,90-percentile)=(1,2,6) and mean=2.9
Phone S_E accounts for 3.3% of frames, with lattice depth (10,50,90-percentile)=(1,2,6) and mean=2.4
Phone T_E accounts for 3.1% of frames, with lattice depth (10,50,90-percentile)=(2,5,28) and mean=7.8
Phone Z_B accounts for 3.1% of frames, with lattice depth (10,50,90-percentile)=(1,1,5) and mean=2.4
Phone EH_I accounts for 2.9% of frames, with lattice depth (10,50,90-percentile)=(1,2,4) and mean=2.3
Phone TH_B accounts for 2.7% of frames, with lattice depth (10,50,90-percentile)=(1,2,6) and mean=2.5
Phone W_B accounts for 2.6% of frames, with lattice depth (10,50,90-percentile)=(1,2,7) and mean=2.7
Phone K_I accounts for 2.4% of frames, with lattice depth (10,50,90-percentile)=(1,1,3) and mean=1.7
Phone IH_I accounts for 2.2% of frames, with lattice depth (10,50,90-percentile)=(1,1,5) and mean=1.9
Phone IY_I accounts for 2.1% of frames, with lattice depth (10,50,90-percentile)=(1,1,5) and mean=2.4
Phone V_I accounts for 2.1% of frames, with lattice depth (10,50,90-percentile)=(1,2,5) and mean=2.4
Phone T_B accounts for 1.9% of frames, with lattice depth (10,50,90-percentile)=(1,2,9) and mean=3.0
Phone R_E accounts for 1.6% of frames, with lattice depth (10,50,90-percentile)=(1,3,7) and mean=3.9
Phone OW_E accounts for 1.5% of frames, with lattice depth (10,50,90-percentile)=(1,2,6) and mean=2.7
Phone N_B accounts for 1.5% of frames, with lattice depth (10,50,90-percentile)=(1,3,7) and mean=3.9
# Accounting: time=0 threads=1
# Ended (code 0) at Sat May  8 21:56:56 IST 2021, elapsed time 0 seconds
