# lattice-depth-per-frame "ark:gunzip -c exp/tri2b/decode/lat.1.gz|" "ark,t:|gzip -c > exp/tri2b/decode/depth_tmp.1.gz" ark:- | lattice-best-path --acoustic-scale=0.1 ark:- ark:/dev/null "ark,t:|gzip -c >exp/tri2b/decode/ali_tmp.1.gz" 
# Started at Sat May  8 21:56:56 IST 2021
#
lattice-depth-per-frame 'ark:gunzip -c exp/tri2b/decode/lat.1.gz|' 'ark,t:|gzip -c > exp/tri2b/decode/depth_tmp.1.gz' ark:- 
lattice-best-path --acoustic-scale=0.1 ark:- ark:/dev/null 'ark,t:|gzip -c >exp/tri2b/decode/ali_tmp.1.gz' 
LOG (lattice-best-path[5.5.916~1-7f57e]:main():lattice-best-path.cc:99) For utterance sravya_w01, best cost 50.2668 + 1798.45 = 1848.71 over 290 frames.
LOG (lattice-best-path[5.5.916~1-7f57e]:main():lattice-best-path.cc:99) For utterance sravya_w02, best cost 45.5554 + 1695.49 = 1741.04 over 267 frames.
LOG (lattice-best-path[5.5.916~1-7f57e]:main():lattice-best-path.cc:99) For utterance sravya_w03, best cost 48.0153 + 1774.72 = 1822.74 over 276 frames.
LOG (lattice-best-path[5.5.916~1-7f57e]:main():lattice-best-path.cc:99) For utterance sravya_w04, best cost 42.0532 + 1710.02 = 1752.07 over 265 frames.
LOG (lattice-best-path[5.5.916~1-7f57e]:main():lattice-best-path.cc:99) For utterance sravya_w05, best cost 46.1664 + 1720.93 = 1767.1 over 266 frames.
LOG (lattice-best-path[5.5.916~1-7f57e]:main():lattice-best-path.cc:99) For utterance sravya_w06, best cost 55.8915 + 2248.16 = 2304.05 over 335 frames.
LOG (lattice-best-path[5.5.916~1-7f57e]:main():lattice-best-path.cc:99) For utterance sravya_w07, best cost 60.4419 + 2495.91 = 2556.35 over 390 frames.
LOG (lattice-best-path[5.5.916~1-7f57e]:main():lattice-best-path.cc:99) For utterance sravya_w08, best cost 53.128 + 2177.13 = 2230.26 over 341 frames.
LOG (lattice-best-path[5.5.916~1-7f57e]:main():lattice-best-path.cc:99) For utterance sravya_w09, best cost 62.9482 + 2685.6 = 2748.55 over 424 frames.
LOG (lattice-best-path[5.5.916~1-7f57e]:main():lattice-best-path.cc:99) For utterance sravya_w10, best cost 70.2048 + 3067.42 = 3137.62 over 499 frames.
LOG (lattice-best-path[5.5.916~1-7f57e]:main():lattice-best-path.cc:99) For utterance sudharshan_x01, best cost 67.457 + 2946.05 = 3013.51 over 461 frames.
LOG (lattice-best-path[5.5.916~1-7f57e]:main():lattice-best-path.cc:99) For utterance sudharshan_x02, best cost 52.9832 + 2337 = 2389.98 over 370 frames.
LOG (lattice-best-path[5.5.916~1-7f57e]:main():lattice-best-path.cc:99) For utterance sudharshan_x03, best cost 54.181 + 2676.11 = 2730.29 over 435 frames.
LOG (lattice-best-path[5.5.916~1-7f57e]:main():lattice-best-path.cc:99) For utterance sudharshan_x04, best cost 50.0403 + 2262.2 = 2312.24 over 383 frames.
LOG (lattice-best-path[5.5.916~1-7f57e]:main():lattice-best-path.cc:99) For utterance sudharshan_x05, best cost 49.6129 + 2438.76 = 2488.38 over 409 frames.
LOG (lattice-best-path[5.5.916~1-7f57e]:main():lattice-best-path.cc:99) For utterance sudharshan_x06, best cost 68.1136 + 3313.89 = 3382 over 562 frames.
LOG (lattice-best-path[5.5.916~1-7f57e]:main():lattice-best-path.cc:99) For utterance sudharshan_x07, best cost 73.3516 + 3080.83 = 3154.18 over 519 frames.
LOG (lattice-best-path[5.5.916~1-7f57e]:main():lattice-best-path.cc:99) For utterance sudharshan_x08, best cost 60.7147 + 2940.92 = 3001.64 over 477 frames.
LOG (lattice-best-path[5.5.916~1-7f57e]:main():lattice-best-path.cc:99) For utterance sudharshan_x09, best cost 74.12 + 3210.66 = 3284.78 over 500 frames.
LOG (lattice-best-path[5.5.916~1-7f57e]:main():lattice-best-path.cc:99) For utterance sudharshan_x10, best cost 77.5544 + 3160.32 = 3237.87 over 536 frames.
LOG (lattice-best-path[5.5.916~1-7f57e]:main():lattice-best-path.cc:99) For utterance swetha_y01, best cost 45.032 + 1390.55 = 1435.58 over 230 frames.
LOG (lattice-best-path[5.5.916~1-7f57e]:main():lattice-best-path.cc:99) For utterance swetha_y02, best cost 44.3177 + 1288.92 = 1333.23 over 220 frames.
LOG (lattice-best-path[5.5.916~1-7f57e]:main():lattice-best-path.cc:99) For utterance swetha_y03, best cost 40.1786 + 1340.09 = 1380.27 over 227 frames.
LOG (lattice-best-path[5.5.916~1-7f57e]:main():lattice-best-path.cc:99) For utterance swetha_y04, best cost 40.4474 + 1235.49 = 1275.94 over 208 frames.
LOG (lattice-best-path[5.5.916~1-7f57e]:main():lattice-best-path.cc:99) For utterance swetha_y05, best cost 38.9266 + 1142.14 = 1181.07 over 189 frames.
LOG (lattice-best-path[5.5.916~1-7f57e]:main():lattice-best-path.cc:99) For utterance swetha_y06, best cost 58.4028 + 2046.55 = 2104.96 over 362 frames.
LOG (lattice-best-path[5.5.916~1-7f57e]:main():lattice-best-path.cc:99) For utterance swetha_y07, best cost 54.3537 + 1456.7 = 1511.05 over 247 frames.
LOG (lattice-best-path[5.5.916~1-7f57e]:main():lattice-best-path.cc:99) For utterance swetha_y08, best cost 50.7943 + 1455.56 = 1506.35 over 246 frames.
LOG (lattice-best-path[5.5.916~1-7f57e]:main():lattice-best-path.cc:99) For utterance swetha_y09, best cost 57.7074 + 1582.74 = 1640.45 over 258 frames.
LOG (lattice-best-path[5.5.916~1-7f57e]:main():lattice-best-path.cc:99) For utterance swetha_y10, best cost 50.1499 + 1512.48 = 1562.63 over 251 frames.
LOG (lattice-depth-per-frame[5.5.916~1-7f57e]:main():lattice-depth-per-frame.cc:82) Done 40 lattices.
LOG (lattice-best-path[5.5.916~1-7f57e]:main():lattice-best-path.cc:99) For utterance vvraju_z01, best cost 75.3231 + 3401.09 = 3476.41 over 476 frames.
LOG (lattice-best-path[5.5.916~1-7f57e]:main():lattice-best-path.cc:99) For utterance vvraju_z02, best cost 58.2334 + 2656.38 = 2714.62 over 385 frames.
LOG (lattice-best-path[5.5.916~1-7f57e]:main():lattice-best-path.cc:99) For utterance vvraju_z03, best cost 60.4826 + 2719.95 = 2780.44 over 374 frames.
LOG (lattice-best-path[5.5.916~1-7f57e]:main():lattice-best-path.cc:99) For utterance vvraju_z04, best cost 55.3148 + 2394.33 = 2449.64 over 340 frames.
LOG (lattice-best-path[5.5.916~1-7f57e]:main():lattice-best-path.cc:99) For utterance vvraju_z05, best cost 58.416 + 2258.44 = 2316.86 over 322 frames.
LOG (lattice-best-path[5.5.916~1-7f57e]:main():lattice-best-path.cc:99) For utterance vvraju_z06, best cost 75.7465 + 3095.98 = 3171.73 over 432 frames.
LOG (lattice-best-path[5.5.916~1-7f57e]:main():lattice-best-path.cc:99) For utterance vvraju_z07, best cost 71.2991 + 3135.66 = 3206.96 over 442 frames.
LOG (lattice-best-path[5.5.916~1-7f57e]:main():lattice-best-path.cc:99) For utterance vvraju_z08, best cost 67.1489 + 2701.61 = 2768.75 over 400 frames.
LOG (lattice-best-path[5.5.916~1-7f57e]:main():lattice-best-path.cc:99) For utterance vvraju_z09, best cost 79.9919 + 3242.51 = 3322.5 over 458 frames.
LOG (lattice-best-path[5.5.916~1-7f57e]:main():lattice-best-path.cc:99) For utterance vvraju_z10, best cost 75.9935 + 3156.04 = 3232.04 over 439 frames.
LOG (lattice-best-path[5.5.916~1-7f57e]:main():lattice-best-path.cc:124) Overall cost per frame is 6.5657 = 0.159952 [graph] + 6.40575 [acoustic] over 14511 frames.
LOG (lattice-best-path[5.5.916~1-7f57e]:main():lattice-best-path.cc:128) Done 40 lattices, failed for 0
# Accounting: time=0 threads=1
# Ended (code 0) at Sat May  8 21:56:56 IST 2021, elapsed time 0 seconds
