# build-tree --verbose=1 --max-leaves=8000 --cluster-thresh=-1 exp/tri2b/treeacc data/lang/phones/roots.int exp/tri2b/questions.qst data/lang/topo exp/tri2b/tree 
# Started at Sat May  8 21:54:33 IST 2021
#
build-tree --verbose=1 --max-leaves=8000 --cluster-thresh=-1 exp/tri2b/treeacc data/lang/phones/roots.int exp/tri2b/questions.qst data/lang/topo exp/tri2b/tree 
LOG (build-tree[5.5.916~1-7f57e]:main():build-tree.cc:104) Number of separate statistics is 407
LOG (build-tree[5.5.916~1-7f57e]:BuildTree():build-tree.cc:161) BuildTree: before building trees, map has 22 leaves.
LOG (build-tree[5.5.916~1-7f57e]:SplitDecisionTree():build-tree-utils.cc:577) DoDecisionTreeSplit: split 131 times, #leaves now 153
LOG (build-tree[5.5.916~1-7f57e]:BuildTree():build-tree.cc:187) Setting clustering threshold to smallest split 304.315
VLOG[1] (build-tree[5.5.916~1-7f57e]:BuildTree():build-tree.cc:196) After decision tree split, num-leaves = 153, like-impr = 6.15683 per frame over 71981 frames.
VLOG[1] (build-tree[5.5.916~1-7f57e]:BuildTree():build-tree.cc:200) Including just phones that were split, improvement is 6.15683 per frame over 71981 frames.
LOG (build-tree[5.5.916~1-7f57e]:BuildTree():build-tree.cc:215) BuildTree: removed 10 leaves.
VLOG[1] (build-tree[5.5.916~1-7f57e]:ClusterEventMapToNClustersRestrictedByMap():build-tree-utils.cc:914) Number of non-empty clusters in map = 20
VLOG[1] (build-tree[5.5.916~1-7f57e]:ClusterEventMapToNClustersRestrictedByMap():build-tree-utils.cc:915) Number of non-empty clusters = 141
LOG (build-tree[5.5.916~1-7f57e]:BuildTree():build-tree.cc:231) BuildTree: Rounded num leaves to multiple of 8 by removing 7 leaves.
VLOG[1] (build-tree[5.5.916~1-7f57e]:BuildTree():build-tree.cc:256) Objf change due to clustering -0.0657639 per frame.
VLOG[1] (build-tree[5.5.916~1-7f57e]:BuildTree():build-tree.cc:259) Normalizing over only split phones, this is: -0.0657639 per frame.
VLOG[1] (build-tree[5.5.916~1-7f57e]:BuildTree():build-tree.cc:262) Num-leaves is now 136
VLOG[1] (build-tree[5.5.916~1-7f57e]:main():build-tree.cc:143) For pdf-id 1, low count 0
VLOG[1] (build-tree[5.5.916~1-7f57e]:main():build-tree.cc:143) For pdf-id 8, low count 0
VLOG[1] (build-tree[5.5.916~1-7f57e]:main():build-tree.cc:143) For pdf-id 32, low count 87
VLOG[1] (build-tree[5.5.916~1-7f57e]:main():build-tree.cc:143) For pdf-id 55, low count 91
VLOG[1] (build-tree[5.5.916~1-7f57e]:main():build-tree.cc:143) For pdf-id 72, low count 93
VLOG[1] (build-tree[5.5.916~1-7f57e]:main():build-tree.cc:143) For pdf-id 75, low count 70
VLOG[1] (build-tree[5.5.916~1-7f57e]:main():build-tree.cc:143) For pdf-id 97, low count 90
VLOG[1] (build-tree[5.5.916~1-7f57e]:main():build-tree.cc:143) For pdf-id 110, low count 83
VLOG[1] (build-tree[5.5.916~1-7f57e]:main():build-tree.cc:143) For pdf-id 123, low count 69
VLOG[1] (build-tree[5.5.916~1-7f57e]:main():build-tree.cc:143) For pdf-id 126, low count 84
WARNING (build-tree[5.5.916~1-7f57e]:main():build-tree.cc:185) Saw no stats for following phones: 2 3 4 5 6 7 8 9 10 11 12 14 15 16 18 19 20 22 23 24 26 28 29 30 32 33 34 35 36 37 38 39 40 42 43 46 47 48 50 53 54 55 57 58 59 62 65 66 69 70 72 73 74 75 77 78 79 82 84 85 86 88 89 90 
LOG (build-tree[5.5.916~1-7f57e]:main():build-tree.cc:189) Wrote tree
# Accounting: time=0 threads=1
# Ended (code 0) at Sat May  8 21:54:33 IST 2021, elapsed time 0 seconds
