# ali-to-post "ark:gunzip -c exp/tri2b/ali.1.gz|" ark:- | weight-silence-post 0.0 1:2:3:4:5:6:7:8:9:10 exp/tri2b/12.mdl ark:- ark:- | gmm-acc-mllt --rand-prune=4.0 exp/tri2b/12.mdl "ark,s,cs:apply-cmvn  --utt2spk=ark:data/train/split1/1/utt2spk scp:data/train/split1/1/cmvn.scp scp:data/train/split1/1/feats.scp ark:- | splice-feats  ark:- ark:- | transform-feats exp/tri2b/6.mat ark:- ark:- |" ark:- exp/tri2b/12.1.macc 
# Started at Sat May  8 21:54:49 IST 2021
#
weight-silence-post 0.0 1:2:3:4:5:6:7:8:9:10 exp/tri2b/12.mdl ark:- ark:- 
ali-to-post 'ark:gunzip -c exp/tri2b/ali.1.gz|' ark:- 
gmm-acc-mllt --rand-prune=4.0 exp/tri2b/12.mdl 'ark,s,cs:apply-cmvn  --utt2spk=ark:data/train/split1/1/utt2spk scp:data/train/split1/1/cmvn.scp scp:data/train/split1/1/feats.scp ark:- | splice-feats  ark:- ark:- | transform-feats exp/tri2b/6.mat ark:- ark:- |' ark:- exp/tri2b/12.1.macc 
transform-feats exp/tri2b/6.mat ark:- ark:- 
splice-feats ark:- ark:- 
apply-cmvn --utt2spk=ark:data/train/split1/1/utt2spk scp:data/train/split1/1/cmvn.scp scp:data/train/split1/1/feats.scp ark:- 
LOG (gmm-acc-mllt[5.5.916~1-7f57e]:main():gmm-acc-mllt.cc:108) Average like for this file is -39.1276 over 401 frames.
LOG (gmm-acc-mllt[5.5.916~1-7f57e]:main():gmm-acc-mllt.cc:108) Average like for this file is -37.5739 over 359 frames.
LOG (gmm-acc-mllt[5.5.916~1-7f57e]:main():gmm-acc-mllt.cc:108) Average like for this file is -36.6447 over 382 frames.
LOG (gmm-acc-mllt[5.5.916~1-7f57e]:main():gmm-acc-mllt.cc:108) Average like for this file is -36.4411 over 379 frames.
LOG (gmm-acc-mllt[5.5.916~1-7f57e]:main():gmm-acc-mllt.cc:108) Average like for this file is -35.7762 over 313 frames.
LOG (gmm-acc-mllt[5.5.916~1-7f57e]:main():gmm-acc-mllt.cc:108) Average like for this file is -36.6843 over 415 frames.
LOG (gmm-acc-mllt[5.5.916~1-7f57e]:main():gmm-acc-mllt.cc:108) Average like for this file is -37.8491 over 450 frames.
LOG (gmm-acc-mllt[5.5.916~1-7f57e]:main():gmm-acc-mllt.cc:108) Average like for this file is -34.5445 over 394 frames.
LOG (gmm-acc-mllt[5.5.916~1-7f57e]:main():gmm-acc-mllt.cc:108) Average like for this file is -35.4835 over 481 frames.
LOG (gmm-acc-mllt[5.5.916~1-7f57e]:main():gmm-acc-mllt.cc:108) Average like for this file is -35.7556 over 461 frames.
LOG (gmm-acc-mllt[5.5.916~1-7f57e]:main():gmm-acc-mllt.cc:114) Avg like per frame so far is -36.5809
LOG (gmm-acc-mllt[5.5.916~1-7f57e]:main():gmm-acc-mllt.cc:108) Average like for this file is -42.9289 over 636 frames.
LOG (gmm-acc-mllt[5.5.916~1-7f57e]:main():gmm-acc-mllt.cc:108) Average like for this file is -41.8913 over 570 frames.
LOG (gmm-acc-mllt[5.5.916~1-7f57e]:main():gmm-acc-mllt.cc:108) Average like for this file is -43.0303 over 543 frames.
LOG (gmm-acc-mllt[5.5.916~1-7f57e]:main():gmm-acc-mllt.cc:108) Average like for this file is -42.4289 over 478 frames.
LOG (gmm-acc-mllt[5.5.916~1-7f57e]:main():gmm-acc-mllt.cc:108) Average like for this file is -42.9086 over 461 frames.
LOG (gmm-acc-mllt[5.5.916~1-7f57e]:main():gmm-acc-mllt.cc:108) Average like for this file is -42.9435 over 613 frames.
LOG (gmm-acc-mllt[5.5.916~1-7f57e]:main():gmm-acc-mllt.cc:108) Average like for this file is -43.4286 over 604 frames.
LOG (gmm-acc-mllt[5.5.916~1-7f57e]:main():gmm-acc-mllt.cc:108) Average like for this file is -43.1144 over 580 frames.
LOG (gmm-acc-mllt[5.5.916~1-7f57e]:main():gmm-acc-mllt.cc:108) Average like for this file is -42.7088 over 706 frames.
LOG (gmm-acc-mllt[5.5.916~1-7f57e]:main():gmm-acc-mllt.cc:108) Average like for this file is -42.6852 over 617 frames.
LOG (gmm-acc-mllt[5.5.916~1-7f57e]:main():gmm-acc-mllt.cc:114) Avg like per frame so far is -40.2584
LOG (gmm-acc-mllt[5.5.916~1-7f57e]:main():gmm-acc-mllt.cc:108) Average like for this file is -48.3964 over 472 frames.
LOG (gmm-acc-mllt[5.5.916~1-7f57e]:main():gmm-acc-mllt.cc:108) Average like for this file is -43.9636 over 415 frames.
LOG (gmm-acc-mllt[5.5.916~1-7f57e]:main():gmm-acc-mllt.cc:108) Average like for this file is -41.5127 over 453 frames.
LOG (gmm-acc-mllt[5.5.916~1-7f57e]:main():gmm-acc-mllt.cc:108) Average like for this file is -41.7494 over 387 frames.
LOG (gmm-acc-mllt[5.5.916~1-7f57e]:main():gmm-acc-mllt.cc:108) Average like for this file is -41.9089 over 393 frames.
LOG (gmm-acc-mllt[5.5.916~1-7f57e]:main():gmm-acc-mllt.cc:108) Average like for this file is -42.8613 over 565 frames.
LOG (gmm-acc-mllt[5.5.916~1-7f57e]:main():gmm-acc-mllt.cc:108) Average like for this file is -42.1531 over 509 frames.
LOG (gmm-acc-mllt[5.5.916~1-7f57e]:main():gmm-acc-mllt.cc:108) Average like for this file is -41.7651 over 506 frames.
LOG (gmm-acc-mllt[5.5.916~1-7f57e]:main():gmm-acc-mllt.cc:108) Average like for this file is -44.8301 over 597 frames.
LOG (gmm-acc-mllt[5.5.916~1-7f57e]:main():gmm-acc-mllt.cc:108) Average like for this file is -42.6232 over 670 frames.
LOG (gmm-acc-mllt[5.5.916~1-7f57e]:main():gmm-acc-mllt.cc:114) Avg like per frame so far is -41.2499
LOG (gmm-acc-mllt[5.5.916~1-7f57e]:main():gmm-acc-mllt.cc:108) Average like for this file is -51.2159 over 313 frames.
LOG (gmm-acc-mllt[5.5.916~1-7f57e]:main():gmm-acc-mllt.cc:108) Average like for this file is -50.6668 over 276 frames.
LOG (gmm-acc-mllt[5.5.916~1-7f57e]:main():gmm-acc-mllt.cc:108) Average like for this file is -50.5821 over 265 frames.
LOG (gmm-acc-mllt[5.5.916~1-7f57e]:main():gmm-acc-mllt.cc:108) Average like for this file is -51.1728 over 278 frames.
LOG (gmm-acc-mllt[5.5.916~1-7f57e]:main():gmm-acc-mllt.cc:108) Average like for this file is -52.8632 over 233 frames.
LOG (gmm-acc-mllt[5.5.916~1-7f57e]:main():gmm-acc-mllt.cc:108) Average like for this file is -50.7712 over 352 frames.
LOG (gmm-acc-mllt[5.5.916~1-7f57e]:main():gmm-acc-mllt.cc:108) Average like for this file is -51.1657 over 382 frames.
LOG (gmm-acc-mllt[5.5.916~1-7f57e]:main():gmm-acc-mllt.cc:108) Average like for this file is -54.6649 over 303 frames.
LOG (gmm-acc-mllt[5.5.916~1-7f57e]:main():gmm-acc-mllt.cc:108) Average like for this file is -51.7872 over 404 frames.
LOG (gmm-acc-mllt[5.5.916~1-7f57e]:main():gmm-acc-mllt.cc:108) Average like for this file is -53.2019 over 370 frames.
LOG (gmm-acc-mllt[5.5.916~1-7f57e]:main():gmm-acc-mllt.cc:114) Avg like per frame so far is -43.1146
LOG (gmm-acc-mllt[5.5.916~1-7f57e]:main():gmm-acc-mllt.cc:108) Average like for this file is -57.4055 over 266 frames.
LOG (gmm-acc-mllt[5.5.916~1-7f57e]:main():gmm-acc-mllt.cc:108) Average like for this file is -53.1987 over 266 frames.
LOG (gmm-acc-mllt[5.5.916~1-7f57e]:main():gmm-acc-mllt.cc:108) Average like for this file is -53.8931 over 294 frames.
LOG (gmm-acc-mllt[5.5.916~1-7f57e]:main():gmm-acc-mllt.cc:108) Average like for this file is -53.3657 over 256 frames.
LOG (gmm-acc-mllt[5.5.916~1-7f57e]:main():gmm-acc-mllt.cc:108) Average like for this file is -52.0489 over 273 frames.
LOG (gmm-acc-mllt[5.5.916~1-7f57e]:main():gmm-acc-mllt.cc:108) Average like for this file is -55.8981 over 316 frames.
LOG (gmm-acc-mllt[5.5.916~1-7f57e]:main():gmm-acc-mllt.cc:108) Average like for this file is -55.2304 over 317 frames.
LOG (gmm-acc-mllt[5.5.916~1-7f57e]:main():gmm-acc-mllt.cc:108) Average like for this file is -60.4318 over 326 frames.
LOG (gmm-acc-mllt[5.5.916~1-7f57e]:main():gmm-acc-mllt.cc:108) Average like for this file is -56.5899 over 313 frames.
LOG (gmm-acc-mllt[5.5.916~1-7f57e]:main():gmm-acc-mllt.cc:108) Average like for this file is -55.3528 over 339 frames.
LOG (gmm-acc-mllt[5.5.916~1-7f57e]:main():gmm-acc-mllt.cc:114) Avg like per frame so far is -44.8618
LOG (gmm-acc-mllt[5.5.916~1-7f57e]:main():gmm-acc-mllt.cc:108) Average like for this file is -45.775 over 580 frames.
LOG (gmm-acc-mllt[5.5.916~1-7f57e]:main():gmm-acc-mllt.cc:108) Average like for this file is -41.0791 over 483 frames.
LOG (gmm-acc-mllt[5.5.916~1-7f57e]:main():gmm-acc-mllt.cc:108) Average like for this file is -38.4015 over 568 frames.
LOG (gmm-acc-mllt[5.5.916~1-7f57e]:main():gmm-acc-mllt.cc:108) Average like for this file is -40.6899 over 534 frames.
LOG (gmm-acc-mllt[5.5.916~1-7f57e]:main():gmm-acc-mllt.cc:108) Average like for this file is -41.7637 over 461 frames.
LOG (gmm-acc-mllt[5.5.916~1-7f57e]:main():gmm-acc-mllt.cc:108) Average like for this file is -41.3915 over 671 frames.
LOG (gmm-acc-mllt[5.5.916~1-7f57e]:main():gmm-acc-mllt.cc:108) Average like for this file is -40.2982 over 566 frames.
LOG (gmm-acc-mllt[5.5.916~1-7f57e]:main():gmm-acc-mllt.cc:108) Average like for this file is -43.0813 over 533 frames.
LOG (gmm-acc-mllt[5.5.916~1-7f57e]:main():gmm-acc-mllt.cc:108) Average like for this file is -41.3576 over 697 frames.
LOG (gmm-acc-mllt[5.5.916~1-7f57e]:main():gmm-acc-mllt.cc:108) Average like for this file is -42.6008 over 675 frames.
LOG (gmm-acc-mllt[5.5.916~1-7f57e]:main():gmm-acc-mllt.cc:114) Avg like per frame so far is -44.1713
LOG (gmm-acc-mllt[5.5.916~1-7f57e]:main():gmm-acc-mllt.cc:108) Average like for this file is -40.462 over 457 frames.
LOG (gmm-acc-mllt[5.5.916~1-7f57e]:main():gmm-acc-mllt.cc:108) Average like for this file is -39.7269 over 418 frames.
LOG (gmm-acc-mllt[5.5.916~1-7f57e]:main():gmm-acc-mllt.cc:108) Average like for this file is -41.3202 over 413 frames.
LOG (gmm-acc-mllt[5.5.916~1-7f57e]:main():gmm-acc-mllt.cc:108) Average like for this file is -39.6237 over 364 frames.
LOG (gmm-acc-mllt[5.5.916~1-7f57e]:main():gmm-acc-mllt.cc:108) Average like for this file is -41.3657 over 341 frames.
LOG (gmm-acc-mllt[5.5.916~1-7f57e]:main():gmm-acc-mllt.cc:108) Average like for this file is -42.3407 over 480 frames.
LOG (gmm-acc-mllt[5.5.916~1-7f57e]:main():gmm-acc-mllt.cc:108) Average like for this file is -40.2421 over 435 frames.
LOG (gmm-acc-mllt[5.5.916~1-7f57e]:main():gmm-acc-mllt.cc:108) Average like for this file is -39.7923 over 410 frames.
LOG (gmm-acc-mllt[5.5.916~1-7f57e]:main():gmm-acc-mllt.cc:108) Average like for this file is -42.5383 over 499 frames.
LOG (gmm-acc-mllt[5.5.916~1-7f57e]:main():gmm-acc-mllt.cc:108) Average like for this file is -40.414 over 507 frames.
LOG (gmm-acc-mllt[5.5.916~1-7f57e]:main():gmm-acc-mllt.cc:114) Avg like per frame so far is -43.7059
LOG (gmm-acc-mllt[5.5.916~1-7f57e]:main():gmm-acc-mllt.cc:108) Average like for this file is -53.5104 over 238 frames.
LOG (gmm-acc-mllt[5.5.916~1-7f57e]:main():gmm-acc-mllt.cc:108) Average like for this file is -52.0442 over 285 frames.
LOG (gmm-acc-mllt[5.5.916~1-7f57e]:main():gmm-acc-mllt.cc:108) Average like for this file is -51.159 over 283 frames.
LOG (gmm-acc-mllt[5.5.916~1-7f57e]:main():gmm-acc-mllt.cc:108) Average like for this file is -51.7216 over 251 frames.
LOG (gmm-acc-mllt[5.5.916~1-7f57e]:main():gmm-acc-mllt.cc:108) Average like for this file is -51.3004 over 225 frames.
LOG (gmm-acc-mllt[5.5.916~1-7f57e]:main():gmm-acc-mllt.cc:108) Average like for this file is -53.6009 over 352 frames.
LOG (gmm-acc-mllt[5.5.916~1-7f57e]:main():gmm-acc-mllt.cc:108) Average like for this file is -50.6214 over 374 frames.
LOG (gmm-acc-mllt[5.5.916~1-7f57e]:main():gmm-acc-mllt.cc:108) Average like for this file is -53.4646 over 274 frames.
LOG (gmm-acc-mllt[5.5.916~1-7f57e]:main():gmm-acc-mllt.cc:108) Average like for this file is -53.3132 over 311 frames.
LOG (gmm-acc-mllt[5.5.916~1-7f57e]:main():gmm-acc-mllt.cc:108) Average like for this file is -52.879 over 309 frames.
LOG (gmm-acc-mllt[5.5.916~1-7f57e]:main():gmm-acc-mllt.cc:114) Avg like per frame so far is -44.4455
LOG (gmm-acc-mllt[5.5.916~1-7f57e]:main():gmm-acc-mllt.cc:108) Average like for this file is -56.506 over 398 frames.
LOG (gmm-acc-mllt[5.5.916~1-7f57e]:main():gmm-acc-mllt.cc:108) Average like for this file is -48.3187 over 407 frames.
LOG (gmm-acc-mllt[5.5.916~1-7f57e]:main():gmm-acc-mllt.cc:108) Average like for this file is -58.4115 over 235 frames.
LOG (ali-to-post[5.5.916~1-7f57e]:main():ali-to-post.cc:73) Converted 100 alignments.
LOG (gmm-acc-mllt[5.5.916~1-7f57e]:main():gmm-acc-mllt.cc:108) Average like for this file is -41.7603 over 411 frames.
LOG (gmm-acc-mllt[5.5.916~1-7f57e]:main():gmm-acc-mllt.cc:108) Average like for this file is -39.1399 over 430 frames.
LOG (gmm-acc-mllt[5.5.916~1-7f57e]:main():gmm-acc-mllt.cc:108) Average like for this file is -37.5427 over 628 frames.
LOG (gmm-acc-mllt[5.5.916~1-7f57e]:main():gmm-acc-mllt.cc:108) Average like for this file is -38.0719 over 649 frames.
LOG (gmm-acc-mllt[5.5.916~1-7f57e]:main():gmm-acc-mllt.cc:108) Average like for this file is -38.2873 over 583 frames.
LOG (weight-silence-post[5.5.916~1-7f57e]:main():weight-silence-post.cc:95) Done 100 posteriors.
LOG (gmm-acc-mllt[5.5.916~1-7f57e]:main():gmm-acc-mllt.cc:108) Average like for this file is -39.6499 over 739 frames.
LOG (gmm-acc-mllt[5.5.916~1-7f57e]:main():gmm-acc-mllt.cc:108) Average like for this file is -38.8161 over 680 frames.
LOG (gmm-acc-mllt[5.5.916~1-7f57e]:main():gmm-acc-mllt.cc:114) Avg like per frame so far is -44.109
LOG (gmm-acc-mllt[5.5.916~1-7f57e]:main():gmm-acc-mllt.cc:108) Average like for this file is -59.3757 over 243 frames.
LOG (gmm-acc-mllt[5.5.916~1-7f57e]:main():gmm-acc-mllt.cc:108) Average like for this file is -53.2875 over 238 frames.
LOG (apply-cmvn[5.5.916~1-7f57e]:main():apply-cmvn.cc:162) Applied cepstral mean normalization to 100 utterances, errors on 0
LOG (gmm-acc-mllt[5.5.916~1-7f57e]:main():gmm-acc-mllt.cc:108) Average like for this file is -52.7968 over 265 frames.
LOG (gmm-acc-mllt[5.5.916~1-7f57e]:main():gmm-acc-mllt.cc:108) Average like for this file is -51.8842 over 229 frames.
LOG (gmm-acc-mllt[5.5.916~1-7f57e]:main():gmm-acc-mllt.cc:108) Average like for this file is -51.7724 over 184 frames.
LOG (gmm-acc-mllt[5.5.916~1-7f57e]:main():gmm-acc-mllt.cc:108) Average like for this file is -52.57 over 267 frames.
LOG (gmm-acc-mllt[5.5.916~1-7f57e]:main():gmm-acc-mllt.cc:108) Average like for this file is -52.0596 over 283 frames.
LOG (gmm-acc-mllt[5.5.916~1-7f57e]:main():gmm-acc-mllt.cc:108) Average like for this file is -51.361 over 245 frames.
LOG (transform-feats[5.5.916~1-7f57e]:main():transform-feats.cc:158) Overall average [pseudo-]logdet is -70.0022 over 71981 frames.
LOG (transform-feats[5.5.916~1-7f57e]:main():transform-feats.cc:161) Applied transform to 100 utterances; 0 had errors.
LOG (gmm-acc-mllt[5.5.916~1-7f57e]:main():gmm-acc-mllt.cc:108) Average like for this file is -54.2063 over 277 frames.
LOG (gmm-acc-mllt[5.5.916~1-7f57e]:main():gmm-acc-mllt.cc:108) Average like for this file is -55.1948 over 316 frames.
LOG (gmm-acc-mllt[5.5.916~1-7f57e]:main():gmm-acc-mllt.cc:114) Avg like per frame so far is -44.6845
LOG (gmm-acc-mllt[5.5.916~1-7f57e]:main():gmm-acc-mllt.cc:119) Done 100 files, 0 with no posteriors, 0 with other errors.
LOG (gmm-acc-mllt[5.5.916~1-7f57e]:main():gmm-acc-mllt.cc:123) Overall avg like per frame (Gaussian only) = -44.6845 over 41653 frames.
LOG (gmm-acc-mllt[5.5.916~1-7f57e]:main():gmm-acc-mllt.cc:127) Written accs.
# Accounting: time=1 threads=1
# Ended (code 0) at Sat May  8 21:54:50 IST 2021, elapsed time 1 seconds
