# ali-to-post "ark:gunzip -c exp/tri2b/ali.1.gz|" ark:- | weight-silence-post 0.0 1:2:3:4:5:6:7:8:9:10 exp/tri2b/4.mdl ark:- ark:- | gmm-acc-mllt --rand-prune=4.0 exp/tri2b/4.mdl "ark,s,cs:apply-cmvn  --utt2spk=ark:data/train/split1/1/utt2spk scp:data/train/split1/1/cmvn.scp scp:data/train/split1/1/feats.scp ark:- | splice-feats  ark:- ark:- | transform-feats exp/tri2b/2.mat ark:- ark:- |" ark:- exp/tri2b/4.1.macc 
# Started at Sat May  8 21:54:35 IST 2021
#
ali-to-post 'ark:gunzip -c exp/tri2b/ali.1.gz|' ark:- 
weight-silence-post 0.0 1:2:3:4:5:6:7:8:9:10 exp/tri2b/4.mdl ark:- ark:- 
gmm-acc-mllt --rand-prune=4.0 exp/tri2b/4.mdl 'ark,s,cs:apply-cmvn  --utt2spk=ark:data/train/split1/1/utt2spk scp:data/train/split1/1/cmvn.scp scp:data/train/split1/1/feats.scp ark:- | splice-feats  ark:- ark:- | transform-feats exp/tri2b/2.mat ark:- ark:- |' ark:- exp/tri2b/4.1.macc 
transform-feats exp/tri2b/2.mat ark:- ark:- 
apply-cmvn --utt2spk=ark:data/train/split1/1/utt2spk scp:data/train/split1/1/cmvn.scp scp:data/train/split1/1/feats.scp ark:- 
splice-feats ark:- ark:- 
LOG (gmm-acc-mllt[5.5.916~1-7f57e]:main():gmm-acc-mllt.cc:108) Average like for this file is -46.8041 over 399 frames.
LOG (gmm-acc-mllt[5.5.916~1-7f57e]:main():gmm-acc-mllt.cc:108) Average like for this file is -48.5602 over 359 frames.
LOG (gmm-acc-mllt[5.5.916~1-7f57e]:main():gmm-acc-mllt.cc:108) Average like for this file is -47.011 over 381 frames.
LOG (gmm-acc-mllt[5.5.916~1-7f57e]:main():gmm-acc-mllt.cc:108) Average like for this file is -46.8998 over 376 frames.
LOG (gmm-acc-mllt[5.5.916~1-7f57e]:main():gmm-acc-mllt.cc:108) Average like for this file is -45.422 over 311 frames.
LOG (gmm-acc-mllt[5.5.916~1-7f57e]:main():gmm-acc-mllt.cc:108) Average like for this file is -46.5944 over 416 frames.
LOG (gmm-acc-mllt[5.5.916~1-7f57e]:main():gmm-acc-mllt.cc:108) Average like for this file is -47.6733 over 448 frames.
LOG (gmm-acc-mllt[5.5.916~1-7f57e]:main():gmm-acc-mllt.cc:108) Average like for this file is -46.7012 over 394 frames.
LOG (gmm-acc-mllt[5.5.916~1-7f57e]:main():gmm-acc-mllt.cc:108) Average like for this file is -46.6587 over 480 frames.
LOG (gmm-acc-mllt[5.5.916~1-7f57e]:main():gmm-acc-mllt.cc:108) Average like for this file is -46.1843 over 461 frames.
LOG (gmm-acc-mllt[5.5.916~1-7f57e]:main():gmm-acc-mllt.cc:114) Avg like per frame so far is -46.8591
LOG (gmm-acc-mllt[5.5.916~1-7f57e]:main():gmm-acc-mllt.cc:108) Average like for this file is -50.1385 over 635 frames.
LOG (gmm-acc-mllt[5.5.916~1-7f57e]:main():gmm-acc-mllt.cc:108) Average like for this file is -51.3509 over 569 frames.
LOG (gmm-acc-mllt[5.5.916~1-7f57e]:main():gmm-acc-mllt.cc:108) Average like for this file is -51.8497 over 540 frames.
LOG (gmm-acc-mllt[5.5.916~1-7f57e]:main():gmm-acc-mllt.cc:108) Average like for this file is -51.8933 over 476 frames.
LOG (gmm-acc-mllt[5.5.916~1-7f57e]:main():gmm-acc-mllt.cc:108) Average like for this file is -53.3436 over 463 frames.
LOG (gmm-acc-mllt[5.5.916~1-7f57e]:main():gmm-acc-mllt.cc:108) Average like for this file is -53.429 over 614 frames.
LOG (gmm-acc-mllt[5.5.916~1-7f57e]:main():gmm-acc-mllt.cc:108) Average like for this file is -53.3496 over 603 frames.
LOG (gmm-acc-mllt[5.5.916~1-7f57e]:main():gmm-acc-mllt.cc:108) Average like for this file is -53.2571 over 581 frames.
LOG (gmm-acc-mllt[5.5.916~1-7f57e]:main():gmm-acc-mllt.cc:108) Average like for this file is -52.6019 over 707 frames.
LOG (gmm-acc-mllt[5.5.916~1-7f57e]:main():gmm-acc-mllt.cc:108) Average like for this file is -52.7537 over 617 frames.
LOG (gmm-acc-mllt[5.5.916~1-7f57e]:main():gmm-acc-mllt.cc:114) Avg like per frame so far is -50.124
LOG (gmm-acc-mllt[5.5.916~1-7f57e]:main():gmm-acc-mllt.cc:108) Average like for this file is -54.8551 over 469 frames.
LOG (gmm-acc-mllt[5.5.916~1-7f57e]:main():gmm-acc-mllt.cc:108) Average like for this file is -53.3651 over 416 frames.
LOG (gmm-acc-mllt[5.5.916~1-7f57e]:main():gmm-acc-mllt.cc:108) Average like for this file is -51.6158 over 454 frames.
LOG (gmm-acc-mllt[5.5.916~1-7f57e]:main():gmm-acc-mllt.cc:108) Average like for this file is -52.6755 over 386 frames.
LOG (gmm-acc-mllt[5.5.916~1-7f57e]:main():gmm-acc-mllt.cc:108) Average like for this file is -53.2045 over 394 frames.
LOG (gmm-acc-mllt[5.5.916~1-7f57e]:main():gmm-acc-mllt.cc:108) Average like for this file is -53.3879 over 570 frames.
LOG (gmm-acc-mllt[5.5.916~1-7f57e]:main():gmm-acc-mllt.cc:108) Average like for this file is -52.7485 over 512 frames.
LOG (gmm-acc-mllt[5.5.916~1-7f57e]:main():gmm-acc-mllt.cc:108) Average like for this file is -51.6208 over 505 frames.
LOG (gmm-acc-mllt[5.5.916~1-7f57e]:main():gmm-acc-mllt.cc:108) Average like for this file is -53.3062 over 596 frames.
LOG (gmm-acc-mllt[5.5.916~1-7f57e]:main():gmm-acc-mllt.cc:108) Average like for this file is -51.2832 over 668 frames.
LOG (gmm-acc-mllt[5.5.916~1-7f57e]:main():gmm-acc-mllt.cc:114) Avg like per frame so far is -51.0074
LOG (gmm-acc-mllt[5.5.916~1-7f57e]:main():gmm-acc-mllt.cc:108) Average like for this file is -56.3719 over 313 frames.
LOG (gmm-acc-mllt[5.5.916~1-7f57e]:main():gmm-acc-mllt.cc:108) Average like for this file is -55.1863 over 276 frames.
LOG (gmm-acc-mllt[5.5.916~1-7f57e]:main():gmm-acc-mllt.cc:108) Average like for this file is -55.6845 over 265 frames.
LOG (gmm-acc-mllt[5.5.916~1-7f57e]:main():gmm-acc-mllt.cc:108) Average like for this file is -55.909 over 278 frames.
LOG (gmm-acc-mllt[5.5.916~1-7f57e]:main():gmm-acc-mllt.cc:108) Average like for this file is -56.8822 over 233 frames.
LOG (gmm-acc-mllt[5.5.916~1-7f57e]:main():gmm-acc-mllt.cc:108) Average like for this file is -56.2187 over 352 frames.
LOG (gmm-acc-mllt[5.5.916~1-7f57e]:main():gmm-acc-mllt.cc:108) Average like for this file is -56.5327 over 382 frames.
LOG (gmm-acc-mllt[5.5.916~1-7f57e]:main():gmm-acc-mllt.cc:108) Average like for this file is -58.4681 over 303 frames.
LOG (gmm-acc-mllt[5.5.916~1-7f57e]:main():gmm-acc-mllt.cc:108) Average like for this file is -56.7111 over 404 frames.
LOG (gmm-acc-mllt[5.5.916~1-7f57e]:main():gmm-acc-mllt.cc:108) Average like for this file is -57.3294 over 370 frames.
LOG (gmm-acc-mllt[5.5.916~1-7f57e]:main():gmm-acc-mllt.cc:114) Avg like per frame so far is -51.9894
LOG (gmm-acc-mllt[5.5.916~1-7f57e]:main():gmm-acc-mllt.cc:108) Average like for this file is -60.9533 over 266 frames.
LOG (gmm-acc-mllt[5.5.916~1-7f57e]:main():gmm-acc-mllt.cc:108) Average like for this file is -58.186 over 266 frames.
LOG (gmm-acc-mllt[5.5.916~1-7f57e]:main():gmm-acc-mllt.cc:108) Average like for this file is -59.0002 over 294 frames.
LOG (gmm-acc-mllt[5.5.916~1-7f57e]:main():gmm-acc-mllt.cc:108) Average like for this file is -58.7857 over 256 frames.
LOG (gmm-acc-mllt[5.5.916~1-7f57e]:main():gmm-acc-mllt.cc:108) Average like for this file is -57.4256 over 273 frames.
LOG (gmm-acc-mllt[5.5.916~1-7f57e]:main():gmm-acc-mllt.cc:108) Average like for this file is -60.8043 over 316 frames.
LOG (gmm-acc-mllt[5.5.916~1-7f57e]:main():gmm-acc-mllt.cc:108) Average like for this file is -60.4858 over 317 frames.
LOG (gmm-acc-mllt[5.5.916~1-7f57e]:main():gmm-acc-mllt.cc:108) Average like for this file is -66.6039 over 326 frames.
LOG (gmm-acc-mllt[5.5.916~1-7f57e]:main():gmm-acc-mllt.cc:108) Average like for this file is -61.5913 over 313 frames.
LOG (gmm-acc-mllt[5.5.916~1-7f57e]:main():gmm-acc-mllt.cc:108) Average like for this file is -61.5335 over 339 frames.
LOG (gmm-acc-mllt[5.5.916~1-7f57e]:main():gmm-acc-mllt.cc:114) Avg like per frame so far is -53.2214
LOG (gmm-acc-mllt[5.5.916~1-7f57e]:main():gmm-acc-mllt.cc:108) Average like for this file is -52.7694 over 578 frames.
LOG (gmm-acc-mllt[5.5.916~1-7f57e]:main():gmm-acc-mllt.cc:108) Average like for this file is -50.0968 over 481 frames.
LOG (gmm-acc-mllt[5.5.916~1-7f57e]:main():gmm-acc-mllt.cc:108) Average like for this file is -48.1159 over 568 frames.
LOG (gmm-acc-mllt[5.5.916~1-7f57e]:main():gmm-acc-mllt.cc:108) Average like for this file is -49.6418 over 532 frames.
LOG (gmm-acc-mllt[5.5.916~1-7f57e]:main():gmm-acc-mllt.cc:108) Average like for this file is -50.6359 over 460 frames.
LOG (gmm-acc-mllt[5.5.916~1-7f57e]:main():gmm-acc-mllt.cc:108) Average like for this file is -49.704 over 674 frames.
LOG (gmm-acc-mllt[5.5.916~1-7f57e]:main():gmm-acc-mllt.cc:108) Average like for this file is -49.3629 over 567 frames.
LOG (gmm-acc-mllt[5.5.916~1-7f57e]:main():gmm-acc-mllt.cc:108) Average like for this file is -51.5774 over 529 frames.
LOG (gmm-acc-mllt[5.5.916~1-7f57e]:main():gmm-acc-mllt.cc:108) Average like for this file is -50.0477 over 695 frames.
LOG (gmm-acc-mllt[5.5.916~1-7f57e]:main():gmm-acc-mllt.cc:108) Average like for this file is -51.379 over 674 frames.
LOG (gmm-acc-mllt[5.5.916~1-7f57e]:main():gmm-acc-mllt.cc:114) Avg like per frame so far is -52.5985
LOG (gmm-acc-mllt[5.5.916~1-7f57e]:main():gmm-acc-mllt.cc:108) Average like for this file is -47.8551 over 455 frames.
LOG (gmm-acc-mllt[5.5.916~1-7f57e]:main():gmm-acc-mllt.cc:108) Average like for this file is -48.3559 over 416 frames.
LOG (gmm-acc-mllt[5.5.916~1-7f57e]:main():gmm-acc-mllt.cc:108) Average like for this file is -49.749 over 409 frames.
LOG (gmm-acc-mllt[5.5.916~1-7f57e]:main():gmm-acc-mllt.cc:108) Average like for this file is -48.9434 over 361 frames.
LOG (gmm-acc-mllt[5.5.916~1-7f57e]:main():gmm-acc-mllt.cc:108) Average like for this file is -50.382 over 341 frames.
LOG (gmm-acc-mllt[5.5.916~1-7f57e]:main():gmm-acc-mllt.cc:108) Average like for this file is -49.668 over 483 frames.
LOG (gmm-acc-mllt[5.5.916~1-7f57e]:main():gmm-acc-mllt.cc:108) Average like for this file is -48.243 over 432 frames.
LOG (gmm-acc-mllt[5.5.916~1-7f57e]:main():gmm-acc-mllt.cc:108) Average like for this file is -49.0119 over 405 frames.
LOG (gmm-acc-mllt[5.5.916~1-7f57e]:main():gmm-acc-mllt.cc:108) Average like for this file is -50.2486 over 497 frames.
LOG (gmm-acc-mllt[5.5.916~1-7f57e]:main():gmm-acc-mllt.cc:108) Average like for this file is -48.3341 over 505 frames.
LOG (gmm-acc-mllt[5.5.916~1-7f57e]:main():gmm-acc-mllt.cc:114) Avg like per frame so far is -52.1071
LOG (gmm-acc-mllt[5.5.916~1-7f57e]:main():gmm-acc-mllt.cc:108) Average like for this file is -58.4164 over 238 frames.
LOG (gmm-acc-mllt[5.5.916~1-7f57e]:main():gmm-acc-mllt.cc:108) Average like for this file is -57.2746 over 285 frames.
LOG (gmm-acc-mllt[5.5.916~1-7f57e]:main():gmm-acc-mllt.cc:108) Average like for this file is -56.6164 over 283 frames.
LOG (gmm-acc-mllt[5.5.916~1-7f57e]:main():gmm-acc-mllt.cc:108) Average like for this file is -57.0762 over 251 frames.
LOG (gmm-acc-mllt[5.5.916~1-7f57e]:main():gmm-acc-mllt.cc:108) Average like for this file is -57.2862 over 225 frames.
LOG (gmm-acc-mllt[5.5.916~1-7f57e]:main():gmm-acc-mllt.cc:108) Average like for this file is -58.7418 over 352 frames.
LOG (gmm-acc-mllt[5.5.916~1-7f57e]:main():gmm-acc-mllt.cc:108) Average like for this file is -55.4335 over 374 frames.
LOG (gmm-acc-mllt[5.5.916~1-7f57e]:main():gmm-acc-mllt.cc:108) Average like for this file is -58.4216 over 274 frames.
LOG (gmm-acc-mllt[5.5.916~1-7f57e]:main():gmm-acc-mllt.cc:108) Average like for this file is -58.8497 over 311 frames.
LOG (gmm-acc-mllt[5.5.916~1-7f57e]:main():gmm-acc-mllt.cc:108) Average like for this file is -57.0022 over 309 frames.
LOG (gmm-acc-mllt[5.5.916~1-7f57e]:main():gmm-acc-mllt.cc:114) Avg like per frame so far is -52.5667
LOG (gmm-acc-mllt[5.5.916~1-7f57e]:main():gmm-acc-mllt.cc:108) Average like for this file is -64.3734 over 401 frames.
LOG (gmm-acc-mllt[5.5.916~1-7f57e]:main():gmm-acc-mllt.cc:108) Average like for this file is -55.2931 over 402 frames.
LOG (gmm-acc-mllt[5.5.916~1-7f57e]:main():gmm-acc-mllt.cc:108) Average like for this file is -66.3278 over 241 frames.
LOG (ali-to-post[5.5.916~1-7f57e]:main():ali-to-post.cc:73) Converted 100 alignments.
LOG (gmm-acc-mllt[5.5.916~1-7f57e]:main():gmm-acc-mllt.cc:108) Average like for this file is -49.1427 over 407 frames.
LOG (gmm-acc-mllt[5.5.916~1-7f57e]:main():gmm-acc-mllt.cc:108) Average like for this file is -48.7391 over 432 frames.
LOG (gmm-acc-mllt[5.5.916~1-7f57e]:main():gmm-acc-mllt.cc:108) Average like for this file is -47.1201 over 628 frames.
LOG (gmm-acc-mllt[5.5.916~1-7f57e]:main():gmm-acc-mllt.cc:108) Average like for this file is -47.9427 over 648 frames.
LOG (gmm-acc-mllt[5.5.916~1-7f57e]:main():gmm-acc-mllt.cc:108) Average like for this file is -47.8447 over 578 frames.
LOG (weight-silence-post[5.5.916~1-7f57e]:main():weight-silence-post.cc:95) Done 100 posteriors.
LOG (gmm-acc-mllt[5.5.916~1-7f57e]:main():gmm-acc-mllt.cc:108) Average like for this file is -47.5809 over 736 frames.
LOG (gmm-acc-mllt[5.5.916~1-7f57e]:main():gmm-acc-mllt.cc:108) Average like for this file is -47.522 over 681 frames.
LOG (gmm-acc-mllt[5.5.916~1-7f57e]:main():gmm-acc-mllt.cc:114) Avg like per frame so far is -52.3068
LOG (gmm-acc-mllt[5.5.916~1-7f57e]:main():gmm-acc-mllt.cc:108) Average like for this file is -61.741 over 243 frames.
LOG (gmm-acc-mllt[5.5.916~1-7f57e]:main():gmm-acc-mllt.cc:108) Average like for this file is -57.456 over 238 frames.
LOG (apply-cmvn[5.5.916~1-7f57e]:main():apply-cmvn.cc:162) Applied cepstral mean normalization to 100 utterances, errors on 0
LOG (gmm-acc-mllt[5.5.916~1-7f57e]:main():gmm-acc-mllt.cc:108) Average like for this file is -56.0604 over 265 frames.
LOG (gmm-acc-mllt[5.5.916~1-7f57e]:main():gmm-acc-mllt.cc:108) Average like for this file is -55.4686 over 229 frames.
LOG (gmm-acc-mllt[5.5.916~1-7f57e]:main():gmm-acc-mllt.cc:108) Average like for this file is -55.8919 over 184 frames.
LOG (gmm-acc-mllt[5.5.916~1-7f57e]:main():gmm-acc-mllt.cc:108) Average like for this file is -56.4251 over 267 frames.
LOG (gmm-acc-mllt[5.5.916~1-7f57e]:main():gmm-acc-mllt.cc:108) Average like for this file is -55.8917 over 283 frames.
LOG (gmm-acc-mllt[5.5.916~1-7f57e]:main():gmm-acc-mllt.cc:108) Average like for this file is -54.8246 over 245 frames.
LOG (transform-feats[5.5.916~1-7f57e]:main():transform-feats.cc:158) Overall average [pseudo-]logdet is -73.9144 over 71981 frames.
LOG (transform-feats[5.5.916~1-7f57e]:main():transform-feats.cc:161) Applied transform to 100 utterances; 0 had errors.
LOG (gmm-acc-mllt[5.5.916~1-7f57e]:main():gmm-acc-mllt.cc:108) Average like for this file is -56.9257 over 277 frames.
LOG (gmm-acc-mllt[5.5.916~1-7f57e]:main():gmm-acc-mllt.cc:108) Average like for this file is -57.6473 over 316 frames.
LOG (gmm-acc-mllt[5.5.916~1-7f57e]:main():gmm-acc-mllt.cc:114) Avg like per frame so far is -52.5854
LOG (gmm-acc-mllt[5.5.916~1-7f57e]:main():gmm-acc-mllt.cc:119) Done 100 files, 0 with no posteriors, 0 with other errors.
LOG (gmm-acc-mllt[5.5.916~1-7f57e]:main():gmm-acc-mllt.cc:123) Overall avg like per frame (Gaussian only) = -52.5854 over 41607 frames.
LOG (gmm-acc-mllt[5.5.916~1-7f57e]:main():gmm-acc-mllt.cc:127) Written accs.
# Accounting: time=0 threads=1
# Ended (code 0) at Sat May  8 21:54:35 IST 2021, elapsed time 0 seconds
