# ali-to-post "ark:gunzip -c exp/tri2b/ali.1.gz|" ark:- | weight-silence-post 0.0 1:2:3:4:5:6:7:8:9:10 exp/tri2b/6.mdl ark:- ark:- | gmm-acc-mllt --rand-prune=4.0 exp/tri2b/6.mdl "ark,s,cs:apply-cmvn  --utt2spk=ark:data/train/split1/1/utt2spk scp:data/train/split1/1/cmvn.scp scp:data/train/split1/1/feats.scp ark:- | splice-feats  ark:- ark:- | transform-feats exp/tri2b/4.mat ark:- ark:- |" ark:- exp/tri2b/6.1.macc 
# Started at Sat May  8 21:54:37 IST 2021
#
ali-to-post 'ark:gunzip -c exp/tri2b/ali.1.gz|' ark:- 
weight-silence-post 0.0 1:2:3:4:5:6:7:8:9:10 exp/tri2b/6.mdl ark:- ark:- 
gmm-acc-mllt --rand-prune=4.0 exp/tri2b/6.mdl 'ark,s,cs:apply-cmvn  --utt2spk=ark:data/train/split1/1/utt2spk scp:data/train/split1/1/cmvn.scp scp:data/train/split1/1/feats.scp ark:- | splice-feats  ark:- ark:- | transform-feats exp/tri2b/4.mat ark:- ark:- |' ark:- exp/tri2b/6.1.macc 
transform-feats exp/tri2b/4.mat ark:- ark:- 
splice-feats ark:- ark:- 
apply-cmvn --utt2spk=ark:data/train/split1/1/utt2spk scp:data/train/split1/1/cmvn.scp scp:data/train/split1/1/feats.scp ark:- 
LOG (gmm-acc-mllt[5.5.916~1-7f57e]:main():gmm-acc-mllt.cc:108) Average like for this file is -42.7795 over 399 frames.
LOG (gmm-acc-mllt[5.5.916~1-7f57e]:main():gmm-acc-mllt.cc:108) Average like for this file is -42.036 over 359 frames.
LOG (gmm-acc-mllt[5.5.916~1-7f57e]:main():gmm-acc-mllt.cc:108) Average like for this file is -41.0653 over 381 frames.
LOG (gmm-acc-mllt[5.5.916~1-7f57e]:main():gmm-acc-mllt.cc:108) Average like for this file is -40.7609 over 376 frames.
LOG (gmm-acc-mllt[5.5.916~1-7f57e]:main():gmm-acc-mllt.cc:108) Average like for this file is -40.0054 over 311 frames.
LOG (gmm-acc-mllt[5.5.916~1-7f57e]:main():gmm-acc-mllt.cc:108) Average like for this file is -41.1355 over 416 frames.
LOG (gmm-acc-mllt[5.5.916~1-7f57e]:main():gmm-acc-mllt.cc:108) Average like for this file is -42.1174 over 448 frames.
LOG (gmm-acc-mllt[5.5.916~1-7f57e]:main():gmm-acc-mllt.cc:108) Average like for this file is -39.838 over 394 frames.
LOG (gmm-acc-mllt[5.5.916~1-7f57e]:main():gmm-acc-mllt.cc:108) Average like for this file is -40.1132 over 480 frames.
LOG (gmm-acc-mllt[5.5.916~1-7f57e]:main():gmm-acc-mllt.cc:108) Average like for this file is -40.4285 over 461 frames.
LOG (gmm-acc-mllt[5.5.916~1-7f57e]:main():gmm-acc-mllt.cc:114) Avg like per frame so far is -41.0292
LOG (gmm-acc-mllt[5.5.916~1-7f57e]:main():gmm-acc-mllt.cc:108) Average like for this file is -45.3296 over 635 frames.
LOG (gmm-acc-mllt[5.5.916~1-7f57e]:main():gmm-acc-mllt.cc:108) Average like for this file is -45.172 over 569 frames.
LOG (gmm-acc-mllt[5.5.916~1-7f57e]:main():gmm-acc-mllt.cc:108) Average like for this file is -46.394 over 540 frames.
LOG (gmm-acc-mllt[5.5.916~1-7f57e]:main():gmm-acc-mllt.cc:108) Average like for this file is -45.7344 over 476 frames.
LOG (gmm-acc-mllt[5.5.916~1-7f57e]:main():gmm-acc-mllt.cc:108) Average like for this file is -46.6536 over 463 frames.
LOG (gmm-acc-mllt[5.5.916~1-7f57e]:main():gmm-acc-mllt.cc:108) Average like for this file is -46.6603 over 614 frames.
LOG (gmm-acc-mllt[5.5.916~1-7f57e]:main():gmm-acc-mllt.cc:108) Average like for this file is -47.0433 over 603 frames.
LOG (gmm-acc-mllt[5.5.916~1-7f57e]:main():gmm-acc-mllt.cc:108) Average like for this file is -46.3828 over 581 frames.
LOG (gmm-acc-mllt[5.5.916~1-7f57e]:main():gmm-acc-mllt.cc:108) Average like for this file is -46.3752 over 707 frames.
LOG (gmm-acc-mllt[5.5.916~1-7f57e]:main():gmm-acc-mllt.cc:108) Average like for this file is -46.0183 over 617 frames.
LOG (gmm-acc-mllt[5.5.916~1-7f57e]:main():gmm-acc-mllt.cc:114) Avg like per frame so far is -44.069
LOG (gmm-acc-mllt[5.5.916~1-7f57e]:main():gmm-acc-mllt.cc:108) Average like for this file is -50.1021 over 469 frames.
LOG (gmm-acc-mllt[5.5.916~1-7f57e]:main():gmm-acc-mllt.cc:108) Average like for this file is -47.171 over 416 frames.
LOG (gmm-acc-mllt[5.5.916~1-7f57e]:main():gmm-acc-mllt.cc:108) Average like for this file is -45.2635 over 454 frames.
LOG (gmm-acc-mllt[5.5.916~1-7f57e]:main():gmm-acc-mllt.cc:108) Average like for this file is -45.9941 over 386 frames.
LOG (gmm-acc-mllt[5.5.916~1-7f57e]:main():gmm-acc-mllt.cc:108) Average like for this file is -45.7409 over 394 frames.
LOG (gmm-acc-mllt[5.5.916~1-7f57e]:main():gmm-acc-mllt.cc:108) Average like for this file is -46.603 over 570 frames.
LOG (gmm-acc-mllt[5.5.916~1-7f57e]:main():gmm-acc-mllt.cc:108) Average like for this file is -45.8944 over 512 frames.
LOG (gmm-acc-mllt[5.5.916~1-7f57e]:main():gmm-acc-mllt.cc:108) Average like for this file is -45.0641 over 505 frames.
LOG (gmm-acc-mllt[5.5.916~1-7f57e]:main():gmm-acc-mllt.cc:108) Average like for this file is -48.1403 over 596 frames.
LOG (gmm-acc-mllt[5.5.916~1-7f57e]:main():gmm-acc-mllt.cc:108) Average like for this file is -45.6634 over 668 frames.
LOG (gmm-acc-mllt[5.5.916~1-7f57e]:main():gmm-acc-mllt.cc:114) Avg like per frame so far is -44.9093
LOG (gmm-acc-mllt[5.5.916~1-7f57e]:main():gmm-acc-mllt.cc:108) Average like for this file is -53.3764 over 313 frames.
LOG (gmm-acc-mllt[5.5.916~1-7f57e]:main():gmm-acc-mllt.cc:108) Average like for this file is -51.8286 over 276 frames.
LOG (gmm-acc-mllt[5.5.916~1-7f57e]:main():gmm-acc-mllt.cc:108) Average like for this file is -52.3417 over 265 frames.
LOG (gmm-acc-mllt[5.5.916~1-7f57e]:main():gmm-acc-mllt.cc:108) Average like for this file is -52.5176 over 278 frames.
LOG (gmm-acc-mllt[5.5.916~1-7f57e]:main():gmm-acc-mllt.cc:108) Average like for this file is -54.2334 over 233 frames.
LOG (gmm-acc-mllt[5.5.916~1-7f57e]:main():gmm-acc-mllt.cc:108) Average like for this file is -52.3817 over 352 frames.
LOG (gmm-acc-mllt[5.5.916~1-7f57e]:main():gmm-acc-mllt.cc:108) Average like for this file is -52.7862 over 382 frames.
LOG (gmm-acc-mllt[5.5.916~1-7f57e]:main():gmm-acc-mllt.cc:108) Average like for this file is -55.4551 over 303 frames.
LOG (gmm-acc-mllt[5.5.916~1-7f57e]:main():gmm-acc-mllt.cc:108) Average like for this file is -53.1424 over 404 frames.
LOG (gmm-acc-mllt[5.5.916~1-7f57e]:main():gmm-acc-mllt.cc:108) Average like for this file is -54.9784 over 370 frames.
LOG (gmm-acc-mllt[5.5.916~1-7f57e]:main():gmm-acc-mllt.cc:114) Avg like per frame so far is -46.3948
LOG (gmm-acc-mllt[5.5.916~1-7f57e]:main():gmm-acc-mllt.cc:108) Average like for this file is -59.2076 over 266 frames.
LOG (gmm-acc-mllt[5.5.916~1-7f57e]:main():gmm-acc-mllt.cc:108) Average like for this file is -54.2372 over 266 frames.
LOG (gmm-acc-mllt[5.5.916~1-7f57e]:main():gmm-acc-mllt.cc:108) Average like for this file is -55.5896 over 294 frames.
LOG (gmm-acc-mllt[5.5.916~1-7f57e]:main():gmm-acc-mllt.cc:108) Average like for this file is -55.3945 over 256 frames.
LOG (gmm-acc-mllt[5.5.916~1-7f57e]:main():gmm-acc-mllt.cc:108) Average like for this file is -53.6522 over 273 frames.
LOG (gmm-acc-mllt[5.5.916~1-7f57e]:main():gmm-acc-mllt.cc:108) Average like for this file is -56.9903 over 316 frames.
LOG (gmm-acc-mllt[5.5.916~1-7f57e]:main():gmm-acc-mllt.cc:108) Average like for this file is -56.9489 over 317 frames.
LOG (gmm-acc-mllt[5.5.916~1-7f57e]:main():gmm-acc-mllt.cc:108) Average like for this file is -62.2704 over 326 frames.
LOG (gmm-acc-mllt[5.5.916~1-7f57e]:main():gmm-acc-mllt.cc:108) Average like for this file is -57.4996 over 313 frames.
LOG (gmm-acc-mllt[5.5.916~1-7f57e]:main():gmm-acc-mllt.cc:108) Average like for this file is -57.6165 over 339 frames.
LOG (gmm-acc-mllt[5.5.916~1-7f57e]:main():gmm-acc-mllt.cc:114) Avg like per frame so far is -47.9053
LOG (gmm-acc-mllt[5.5.916~1-7f57e]:main():gmm-acc-mllt.cc:108) Average like for this file is -48.4341 over 578 frames.
LOG (gmm-acc-mllt[5.5.916~1-7f57e]:main():gmm-acc-mllt.cc:108) Average like for this file is -44.3713 over 481 frames.
LOG (gmm-acc-mllt[5.5.916~1-7f57e]:main():gmm-acc-mllt.cc:108) Average like for this file is -42.2058 over 568 frames.
LOG (gmm-acc-mllt[5.5.916~1-7f57e]:main():gmm-acc-mllt.cc:108) Average like for this file is -44.5269 over 532 frames.
LOG (gmm-acc-mllt[5.5.916~1-7f57e]:main():gmm-acc-mllt.cc:108) Average like for this file is -44.7338 over 460 frames.
LOG (gmm-acc-mllt[5.5.916~1-7f57e]:main():gmm-acc-mllt.cc:108) Average like for this file is -44.8165 over 674 frames.
LOG (gmm-acc-mllt[5.5.916~1-7f57e]:main():gmm-acc-mllt.cc:108) Average like for this file is -43.6749 over 567 frames.
LOG (gmm-acc-mllt[5.5.916~1-7f57e]:main():gmm-acc-mllt.cc:108) Average like for this file is -46.1789 over 529 frames.
LOG (gmm-acc-mllt[5.5.916~1-7f57e]:main():gmm-acc-mllt.cc:108) Average like for this file is -44.6851 over 695 frames.
LOG (gmm-acc-mllt[5.5.916~1-7f57e]:main():gmm-acc-mllt.cc:108) Average like for this file is -45.6308 over 674 frames.
LOG (gmm-acc-mllt[5.5.916~1-7f57e]:main():gmm-acc-mllt.cc:114) Avg like per frame so far is -47.2666
LOG (gmm-acc-mllt[5.5.916~1-7f57e]:main():gmm-acc-mllt.cc:108) Average like for this file is -43.4927 over 455 frames.
LOG (gmm-acc-mllt[5.5.916~1-7f57e]:main():gmm-acc-mllt.cc:108) Average like for this file is -43.701 over 416 frames.
LOG (gmm-acc-mllt[5.5.916~1-7f57e]:main():gmm-acc-mllt.cc:108) Average like for this file is -44.8807 over 409 frames.
LOG (gmm-acc-mllt[5.5.916~1-7f57e]:main():gmm-acc-mllt.cc:108) Average like for this file is -43.9241 over 361 frames.
LOG (gmm-acc-mllt[5.5.916~1-7f57e]:main():gmm-acc-mllt.cc:108) Average like for this file is -45.3433 over 341 frames.
LOG (gmm-acc-mllt[5.5.916~1-7f57e]:main():gmm-acc-mllt.cc:108) Average like for this file is -45.5975 over 483 frames.
LOG (gmm-acc-mllt[5.5.916~1-7f57e]:main():gmm-acc-mllt.cc:108) Average like for this file is -43.6088 over 432 frames.
LOG (gmm-acc-mllt[5.5.916~1-7f57e]:main():gmm-acc-mllt.cc:108) Average like for this file is -43.7887 over 405 frames.
LOG (gmm-acc-mllt[5.5.916~1-7f57e]:main():gmm-acc-mllt.cc:108) Average like for this file is -45.5821 over 497 frames.
LOG (gmm-acc-mllt[5.5.916~1-7f57e]:main():gmm-acc-mllt.cc:108) Average like for this file is -43.4759 over 505 frames.
LOG (gmm-acc-mllt[5.5.916~1-7f57e]:main():gmm-acc-mllt.cc:114) Avg like per frame so far is -46.8607
LOG (gmm-acc-mllt[5.5.916~1-7f57e]:main():gmm-acc-mllt.cc:108) Average like for this file is -54.9806 over 238 frames.
LOG (gmm-acc-mllt[5.5.916~1-7f57e]:main():gmm-acc-mllt.cc:108) Average like for this file is -53.5102 over 285 frames.
LOG (gmm-acc-mllt[5.5.916~1-7f57e]:main():gmm-acc-mllt.cc:108) Average like for this file is -53.2959 over 283 frames.
LOG (gmm-acc-mllt[5.5.916~1-7f57e]:main():gmm-acc-mllt.cc:108) Average like for this file is -53.6679 over 251 frames.
LOG (gmm-acc-mllt[5.5.916~1-7f57e]:main():gmm-acc-mllt.cc:108) Average like for this file is -53.1546 over 225 frames.
LOG (gmm-acc-mllt[5.5.916~1-7f57e]:main():gmm-acc-mllt.cc:108) Average like for this file is -55.4491 over 352 frames.
LOG (gmm-acc-mllt[5.5.916~1-7f57e]:main():gmm-acc-mllt.cc:108) Average like for this file is -52.3876 over 374 frames.
LOG (gmm-acc-mllt[5.5.916~1-7f57e]:main():gmm-acc-mllt.cc:108) Average like for this file is -55.6944 over 274 frames.
LOG (gmm-acc-mllt[5.5.916~1-7f57e]:main():gmm-acc-mllt.cc:108) Average like for this file is -55.4366 over 311 frames.
LOG (gmm-acc-mllt[5.5.916~1-7f57e]:main():gmm-acc-mllt.cc:108) Average like for this file is -54.4694 over 309 frames.
LOG (gmm-acc-mllt[5.5.916~1-7f57e]:main():gmm-acc-mllt.cc:114) Avg like per frame so far is -47.489
LOG (gmm-acc-mllt[5.5.916~1-7f57e]:main():gmm-acc-mllt.cc:108) Average like for this file is -57.8699 over 401 frames.
LOG (gmm-acc-mllt[5.5.916~1-7f57e]:main():gmm-acc-mllt.cc:108) Average like for this file is -50.6213 over 402 frames.
LOG (gmm-acc-mllt[5.5.916~1-7f57e]:main():gmm-acc-mllt.cc:108) Average like for this file is -60.1406 over 241 frames.
LOG (ali-to-post[5.5.916~1-7f57e]:main():ali-to-post.cc:73) Converted 100 alignments.
LOG (gmm-acc-mllt[5.5.916~1-7f57e]:main():gmm-acc-mllt.cc:108) Average like for this file is -44.3454 over 407 frames.
LOG (gmm-acc-mllt[5.5.916~1-7f57e]:main():gmm-acc-mllt.cc:108) Average like for this file is -42.8147 over 432 frames.
LOG (gmm-acc-mllt[5.5.916~1-7f57e]:main():gmm-acc-mllt.cc:108) Average like for this file is -41.4545 over 628 frames.
LOG (gmm-acc-mllt[5.5.916~1-7f57e]:main():gmm-acc-mllt.cc:108) Average like for this file is -41.9623 over 648 frames.
LOG (gmm-acc-mllt[5.5.916~1-7f57e]:main():gmm-acc-mllt.cc:108) Average like for this file is -42.1835 over 578 frames.
LOG (weight-silence-post[5.5.916~1-7f57e]:main():weight-silence-post.cc:95) Done 100 posteriors.
LOG (gmm-acc-mllt[5.5.916~1-7f57e]:main():gmm-acc-mllt.cc:108) Average like for this file is -42.9753 over 736 frames.
LOG (gmm-acc-mllt[5.5.916~1-7f57e]:main():gmm-acc-mllt.cc:108) Average like for this file is -42.6443 over 681 frames.
LOG (gmm-acc-mllt[5.5.916~1-7f57e]:main():gmm-acc-mllt.cc:114) Avg like per frame so far is -47.1847
LOG (gmm-acc-mllt[5.5.916~1-7f57e]:main():gmm-acc-mllt.cc:108) Average like for this file is -60.0879 over 243 frames.
LOG (gmm-acc-mllt[5.5.916~1-7f57e]:main():gmm-acc-mllt.cc:108) Average like for this file is -54.7096 over 238 frames.
LOG (apply-cmvn[5.5.916~1-7f57e]:main():apply-cmvn.cc:162) Applied cepstral mean normalization to 100 utterances, errors on 0
LOG (gmm-acc-mllt[5.5.916~1-7f57e]:main():gmm-acc-mllt.cc:108) Average like for this file is -53.5313 over 265 frames.
LOG (gmm-acc-mllt[5.5.916~1-7f57e]:main():gmm-acc-mllt.cc:108) Average like for this file is -53.3319 over 229 frames.
LOG (gmm-acc-mllt[5.5.916~1-7f57e]:main():gmm-acc-mllt.cc:108) Average like for this file is -53.133 over 184 frames.
LOG (gmm-acc-mllt[5.5.916~1-7f57e]:main():gmm-acc-mllt.cc:108) Average like for this file is -54.5012 over 267 frames.
LOG (gmm-acc-mllt[5.5.916~1-7f57e]:main():gmm-acc-mllt.cc:108) Average like for this file is -53.7505 over 283 frames.
LOG (gmm-acc-mllt[5.5.916~1-7f57e]:main():gmm-acc-mllt.cc:108) Average like for this file is -52.7782 over 245 frames.
LOG (transform-feats[5.5.916~1-7f57e]:main():transform-feats.cc:158) Overall average [pseudo-]logdet is -71.4175 over 71981 frames.
LOG (transform-feats[5.5.916~1-7f57e]:main():transform-feats.cc:161) Applied transform to 100 utterances; 0 had errors.
LOG (gmm-acc-mllt[5.5.916~1-7f57e]:main():gmm-acc-mllt.cc:108) Average like for this file is -55.0791 over 277 frames.
LOG (gmm-acc-mllt[5.5.916~1-7f57e]:main():gmm-acc-mllt.cc:108) Average like for this file is -56.1263 over 316 frames.
LOG (gmm-acc-mllt[5.5.916~1-7f57e]:main():gmm-acc-mllt.cc:114) Avg like per frame so far is -47.6486
LOG (gmm-acc-mllt[5.5.916~1-7f57e]:main():gmm-acc-mllt.cc:119) Done 100 files, 0 with no posteriors, 0 with other errors.
LOG (gmm-acc-mllt[5.5.916~1-7f57e]:main():gmm-acc-mllt.cc:123) Overall avg like per frame (Gaussian only) = -47.6486 over 41607 frames.
LOG (gmm-acc-mllt[5.5.916~1-7f57e]:main():gmm-acc-mllt.cc:127) Written accs.
# Accounting: time=0 threads=1
# Ended (code 0) at Sat May  8 21:54:37 IST 2021, elapsed time 0 seconds
