# gmm-est --write-occs=exp/tri2b/14.occs --mix-up=32960 --power=0.25 exp/tri2b/13.mdl "gmm-sum-accs - exp/tri2b/13.*.acc |" exp/tri2b/14.mdl 
# Started at Sat May  8 21:54:53 IST 2021
#
gmm-est --write-occs=exp/tri2b/14.occs --mix-up=32960 --power=0.25 exp/tri2b/13.mdl 'gmm-sum-accs - exp/tri2b/13.*.acc |' exp/tri2b/14.mdl 
gmm-sum-accs - exp/tri2b/13.1.acc 
LOG (gmm-sum-accs[5.5.916~1-7f57e]:main():gmm-sum-accs.cc:63) Summed 1 stats, total count 71981, avg like/frame -40.9734
LOG (gmm-sum-accs[5.5.916~1-7f57e]:main():gmm-sum-accs.cc:66) Total count of stats is 71981
LOG (gmm-sum-accs[5.5.916~1-7f57e]:main():gmm-sum-accs.cc:67) Written stats to -
LOG (gmm-est[5.5.916~1-7f57e]:MleUpdate():transition-model.cc:528) TransitionModel::Update, objf change is 0 per frame over 71981 frames. 
LOG (gmm-est[5.5.916~1-7f57e]:MleUpdate():transition-model.cc:531) 23 probabilities floored, 501 out of 654 transition-states skipped due to insuffient data (it is normal to have some skipped.)
LOG (gmm-est[5.5.916~1-7f57e]:main():gmm-est.cc:102) Transition model update: Overall 0 log-like improvement per frame over 71981 frames.
WARNING (gmm-est[5.5.916~1-7f57e]:MleDiagGmmUpdate():mle-diag-gmm.cc:359) Too little data - removing Gaussian (weight 0.001582, occupation count 9.592841, vector size 40)
WARNING (gmm-est[5.5.916~1-7f57e]:MleDiagGmmUpdate():mle-diag-gmm.cc:365) Gaussian has too little data but not removing it because it is the last Gaussian: i = 0, occ = 0, weight = 1
WARNING (gmm-est[5.5.916~1-7f57e]:MleDiagGmmUpdate():mle-diag-gmm.cc:365) Gaussian has too little data but not removing it because it is the last Gaussian: i = 0, occ = 0, weight = 1
WARNING (gmm-est[5.5.916~1-7f57e]:MleDiagGmmUpdate():mle-diag-gmm.cc:359) Too little data - removing Gaussian (weight 0.000541, occupation count 7.879436, vector size 40)
WARNING (gmm-est[5.5.916~1-7f57e]:MleDiagGmmUpdate():mle-diag-gmm.cc:359) Too little data - removing Gaussian (weight 0.000678, occupation count 9.878450, vector size 40)
WARNING (gmm-est[5.5.916~1-7f57e]:MleDiagGmmUpdate():mle-diag-gmm.cc:359) Too little data - removing Gaussian (weight 0.002678, occupation count 9.994919, vector size 40)
WARNING (gmm-est[5.5.916~1-7f57e]:MleDiagGmmUpdate():mle-diag-gmm.cc:359) Too little data - removing Gaussian (weight 0.002529, occupation count 9.436730, vector size 40)
WARNING (gmm-est[5.5.916~1-7f57e]:MleDiagGmmUpdate():mle-diag-gmm.cc:359) Too little data - removing Gaussian (weight 0.002496, occupation count 9.967966, vector size 40)
WARNING (gmm-est[5.5.916~1-7f57e]:MleDiagGmmUpdate():mle-diag-gmm.cc:359) Too little data - removing Gaussian (weight 0.005046, occupation count 9.975576, vector size 40)
WARNING (gmm-est[5.5.916~1-7f57e]:MleDiagGmmUpdate():mle-diag-gmm.cc:359) Too little data - removing Gaussian (weight 0.005039, occupation count 9.961782, vector size 40)
WARNING (gmm-est[5.5.916~1-7f57e]:MleDiagGmmUpdate():mle-diag-gmm.cc:359) Too little data - removing Gaussian (weight 0.004632, occupation count 9.157852, vector size 40)
WARNING (gmm-est[5.5.916~1-7f57e]:MleDiagGmmUpdate():mle-diag-gmm.cc:359) Too little data - removing Gaussian (weight 0.009866, occupation count 9.994389, vector size 40)
WARNING (gmm-est[5.5.916~1-7f57e]:MleDiagGmmUpdate():mle-diag-gmm.cc:359) Too little data - removing Gaussian (weight 0.031057, occupation count 9.565606, vector size 40)
WARNING (gmm-est[5.5.916~1-7f57e]:MleDiagGmmUpdate():mle-diag-gmm.cc:359) Too little data - removing Gaussian (weight 0.008204, occupation count 9.623631, vector size 40)
WARNING (gmm-est[5.5.916~1-7f57e]:MleDiagGmmUpdate():mle-diag-gmm.cc:359) Too little data - removing Gaussian (weight 0.016488, occupation count 9.942458, vector size 40)
WARNING (gmm-est[5.5.916~1-7f57e]:MleDiagGmmUpdate():mle-diag-gmm.cc:359) Too little data - removing Gaussian (weight 0.031092, occupation count 8.861094, vector size 40)
LOG (gmm-est[5.5.916~1-7f57e]:MleAmDiagGmmUpdate():mle-am-diag-gmm.cc:225) 0 variance elements floored in 0 Gaussians, out of 3524
LOG (gmm-est[5.5.916~1-7f57e]:MleAmDiagGmmUpdate():mle-am-diag-gmm.cc:229) Removed 14 Gaussians due to counts < --min-gaussian-occupancy=10 and --remove-low-count-gaussians=true
LOG (gmm-est[5.5.916~1-7f57e]:main():gmm-est.cc:113) GMM update: Overall 0.113008 objective function improvement per frame over 71981 frames
LOG (gmm-est[5.5.916~1-7f57e]:main():gmm-est.cc:116) GMM update: Overall avg like per frame = -40.9734 over 71981 frames.
WARNING (gmm-est[5.5.916~1-7f57e]:GetSplitTargets():model-common.cc:134) Could not split up to 32960 due to min-count = 20 (or no counts at all)

LOG (gmm-est[5.5.916~1-7f57e]:SplitByCount():am-diag-gmm.cc:116) Split 136 states with target = 32960, power = 0.25, perturb_factor = 0.01 and min_count = 20, split #Gauss from 3524 to 3537
LOG (gmm-est[5.5.916~1-7f57e]:main():gmm-est.cc:146) Written model to exp/tri2b/14.mdl
# Accounting: time=0 threads=1
# Ended (code 0) at Sat May  8 21:54:53 IST 2021, elapsed time 0 seconds
