# gmm-est --mix-up=8280 --power=0.25 --write-occs=exp/tri2a/6.occs exp/tri2a/5.mdl "gmm-sum-accs - exp/tri2a/5.*.acc |" exp/tri2a/6.mdl 
# Started at Sat May  8 19:21:58 IST 2021
#
gmm-est --mix-up=8280 --power=0.25 --write-occs=exp/tri2a/6.occs exp/tri2a/5.mdl 'gmm-sum-accs - exp/tri2a/5.*.acc |' exp/tri2a/6.mdl 
gmm-sum-accs - exp/tri2a/5.1.acc 
LOG (gmm-sum-accs[5.5.916~1-7f57e]:main():gmm-sum-accs.cc:63) Summed 1 stats, total count 71981, avg like/frame -77.7293
LOG (gmm-sum-accs[5.5.916~1-7f57e]:main():gmm-sum-accs.cc:66) Total count of stats is 71981
LOG (gmm-sum-accs[5.5.916~1-7f57e]:main():gmm-sum-accs.cc:67) Written stats to -
LOG (gmm-est[5.5.916~1-7f57e]:MleUpdate():transition-model.cc:528) TransitionModel::Update, objf change is 0 per frame over 71981 frames. 
LOG (gmm-est[5.5.916~1-7f57e]:MleUpdate():transition-model.cc:531) 15 probabilities floored, 493 out of 646 transition-states skipped due to insuffient data (it is normal to have some skipped.)
LOG (gmm-est[5.5.916~1-7f57e]:main():gmm-est.cc:102) Transition model update: Overall 0 log-like improvement per frame over 71981 frames.
WARNING (gmm-est[5.5.916~1-7f57e]:MleDiagGmmUpdate():mle-diag-gmm.cc:359) Too little data - removing Gaussian (weight 0.001514, occupation count 9.243554, vector size 39)
WARNING (gmm-est[5.5.916~1-7f57e]:MleDiagGmmUpdate():mle-diag-gmm.cc:359) Too little data - removing Gaussian (weight 0.001637, occupation count 9.992829, vector size 39)
WARNING (gmm-est[5.5.916~1-7f57e]:MleDiagGmmUpdate():mle-diag-gmm.cc:359) Too little data - removing Gaussian (weight 0.001573, occupation count 9.602324, vector size 39)
WARNING (gmm-est[5.5.916~1-7f57e]:MleDiagGmmUpdate():mle-diag-gmm.cc:359) Too little data - removing Gaussian (weight 0.001069, occupation count 6.526589, vector size 39)
WARNING (gmm-est[5.5.916~1-7f57e]:MleDiagGmmUpdate():mle-diag-gmm.cc:359) Too little data - removing Gaussian (weight 0.001603, occupation count 9.786729, vector size 39)
WARNING (gmm-est[5.5.916~1-7f57e]:MleDiagGmmUpdate():mle-diag-gmm.cc:359) Too little data - removing Gaussian (weight 0.001521, occupation count 9.289420, vector size 39)
WARNING (gmm-est[5.5.916~1-7f57e]:MleDiagGmmUpdate():mle-diag-gmm.cc:359) Too little data - removing Gaussian (weight 0.001515, occupation count 9.253266, vector size 39)
WARNING (gmm-est[5.5.916~1-7f57e]:MleDiagGmmUpdate():mle-diag-gmm.cc:359) Too little data - removing Gaussian (weight 0.001546, occupation count 9.440073, vector size 39)
WARNING (gmm-est[5.5.916~1-7f57e]:MleDiagGmmUpdate():mle-diag-gmm.cc:359) Too little data - removing Gaussian (weight 0.001276, occupation count 7.789762, vector size 39)
WARNING (gmm-est[5.5.916~1-7f57e]:MleDiagGmmUpdate():mle-diag-gmm.cc:359) Too little data - removing Gaussian (weight 0.001342, occupation count 8.192877, vector size 39)
WARNING (gmm-est[5.5.916~1-7f57e]:MleDiagGmmUpdate():mle-diag-gmm.cc:359) Too little data - removing Gaussian (weight 0.001342, occupation count 8.194513, vector size 39)
WARNING (gmm-est[5.5.916~1-7f57e]:MleDiagGmmUpdate():mle-diag-gmm.cc:359) Too little data - removing Gaussian (weight 0.001263, occupation count 7.710327, vector size 39)
WARNING (gmm-est[5.5.916~1-7f57e]:MleDiagGmmUpdate():mle-diag-gmm.cc:359) Too little data - removing Gaussian (weight 0.001542, occupation count 9.412951, vector size 39)
WARNING (gmm-est[5.5.916~1-7f57e]:MleDiagGmmUpdate():mle-diag-gmm.cc:359) Too little data - removing Gaussian (weight 0.001498, occupation count 9.149105, vector size 39)
WARNING (gmm-est[5.5.916~1-7f57e]:MleDiagGmmUpdate():mle-diag-gmm.cc:359) Too little data - removing Gaussian (weight 0.001578, occupation count 9.633166, vector size 39)
WARNING (gmm-est[5.5.916~1-7f57e]:MleDiagGmmUpdate():mle-diag-gmm.cc:359) Too little data - removing Gaussian (weight 0.001612, occupation count 9.845321, vector size 39)
WARNING (gmm-est[5.5.916~1-7f57e]:MleDiagGmmUpdate():mle-diag-gmm.cc:359) Too little data - removing Gaussian (weight 0.001559, occupation count 9.521031, vector size 39)
WARNING (gmm-est[5.5.916~1-7f57e]:MleDiagGmmUpdate():mle-diag-gmm.cc:359) Too little data - removing Gaussian (weight 0.001558, occupation count 9.516078, vector size 39)
WARNING (gmm-est[5.5.916~1-7f57e]:MleDiagGmmUpdate():mle-diag-gmm.cc:359) Too little data - removing Gaussian (weight 0.001423, occupation count 8.691344, vector size 39)
WARNING (gmm-est[5.5.916~1-7f57e]:MleDiagGmmUpdate():mle-diag-gmm.cc:359) Too little data - removing Gaussian (weight 0.001289, occupation count 7.873389, vector size 39)
WARNING (gmm-est[5.5.916~1-7f57e]:MleDiagGmmUpdate():mle-diag-gmm.cc:359) Too little data - removing Gaussian (weight 0.001426, occupation count 8.707278, vector size 39)
WARNING (gmm-est[5.5.916~1-7f57e]:MleDiagGmmUpdate():mle-diag-gmm.cc:359) Too little data - removing Gaussian (weight 0.001156, occupation count 7.059857, vector size 39)
WARNING (gmm-est[5.5.916~1-7f57e]:MleDiagGmmUpdate():mle-diag-gmm.cc:359) Too little data - removing Gaussian (weight 0.001395, occupation count 8.520682, vector size 39)
WARNING (gmm-est[5.5.916~1-7f57e]:MleDiagGmmUpdate():mle-diag-gmm.cc:359) Too little data - removing Gaussian (weight 0.001280, occupation count 7.817489, vector size 39)
WARNING (gmm-est[5.5.916~1-7f57e]:MleDiagGmmUpdate():mle-diag-gmm.cc:359) Too little data - removing Gaussian (weight 0.001139, occupation count 6.957763, vector size 39)
WARNING (gmm-est[5.5.916~1-7f57e]:MleDiagGmmUpdate():mle-diag-gmm.cc:359) Too little data - removing Gaussian (weight 0.001436, occupation count 8.767562, vector size 39)
WARNING (gmm-est[5.5.916~1-7f57e]:MleDiagGmmUpdate():mle-diag-gmm.cc:359) Too little data - removing Gaussian (weight 0.001528, occupation count 9.332433, vector size 39)
WARNING (gmm-est[5.5.916~1-7f57e]:MleDiagGmmUpdate():mle-diag-gmm.cc:359) Too little data - removing Gaussian (weight 0.001228, occupation count 7.496654, vector size 39)
WARNING (gmm-est[5.5.916~1-7f57e]:MleDiagGmmUpdate():mle-diag-gmm.cc:359) Too little data - removing Gaussian (weight 0.001603, occupation count 9.788407, vector size 39)
WARNING (gmm-est[5.5.916~1-7f57e]:MleDiagGmmUpdate():mle-diag-gmm.cc:359) Too little data - removing Gaussian (weight 0.001595, occupation count 9.739157, vector size 39)
WARNING (gmm-est[5.5.916~1-7f57e]:MleDiagGmmUpdate():mle-diag-gmm.cc:359) Too little data - removing Gaussian (weight 0.001268, occupation count 7.743792, vector size 39)
WARNING (gmm-est[5.5.916~1-7f57e]:MleDiagGmmUpdate():mle-diag-gmm.cc:365) Gaussian has too little data but not removing it because it is the last Gaussian: i = 0, occ = 0, weight = 1
WARNING (gmm-est[5.5.916~1-7f57e]:MleDiagGmmUpdate():mle-diag-gmm.cc:359) Too little data - removing Gaussian (weight 0.013532, occupation count 9.093345, vector size 39)
WARNING (gmm-est[5.5.916~1-7f57e]:MleDiagGmmUpdate():mle-diag-gmm.cc:359) Too little data - removing Gaussian (weight 0.013539, occupation count 9.098402, vector size 39)
WARNING (gmm-est[5.5.916~1-7f57e]:MleDiagGmmUpdate():mle-diag-gmm.cc:359) Too little data - removing Gaussian (weight 0.007837, occupation count 9.537925, vector size 39)
WARNING (gmm-est[5.5.916~1-7f57e]:MleDiagGmmUpdate():mle-diag-gmm.cc:359) Too little data - removing Gaussian (weight 0.006702, occupation count 8.156472, vector size 39)
WARNING (gmm-est[5.5.916~1-7f57e]:MleDiagGmmUpdate():mle-diag-gmm.cc:359) Too little data - removing Gaussian (weight 0.007206, occupation count 8.769221, vector size 39)
WARNING (gmm-est[5.5.916~1-7f57e]:MleDiagGmmUpdate():mle-diag-gmm.cc:359) Too little data - removing Gaussian (weight 0.007219, occupation count 8.785360, vector size 39)
WARNING (gmm-est[5.5.916~1-7f57e]:MleDiagGmmUpdate():mle-diag-gmm.cc:365) Gaussian has too little data but not removing it because it is the last Gaussian: i = 0, occ = 0, weight = 1
WARNING (gmm-est[5.5.916~1-7f57e]:MleDiagGmmUpdate():mle-diag-gmm.cc:359) Too little data - removing Gaussian (weight 0.010127, occupation count 9.883643, vector size 39)
WARNING (gmm-est[5.5.916~1-7f57e]:MleDiagGmmUpdate():mle-diag-gmm.cc:359) Too little data - removing Gaussian (weight 0.024535, occupation count 9.961345, vector size 39)
WARNING (gmm-est[5.5.916~1-7f57e]:MleDiagGmmUpdate():mle-diag-gmm.cc:359) Too little data - removing Gaussian (weight 0.022915, occupation count 9.303343, vector size 39)
WARNING (gmm-est[5.5.916~1-7f57e]:MleDiagGmmUpdate():mle-diag-gmm.cc:359) Too little data - removing Gaussian (weight 0.000566, occupation count 8.198139, vector size 39)
WARNING (gmm-est[5.5.916~1-7f57e]:MleDiagGmmUpdate():mle-diag-gmm.cc:359) Too little data - removing Gaussian (weight 0.000518, occupation count 7.501258, vector size 39)
WARNING (gmm-est[5.5.916~1-7f57e]:MleDiagGmmUpdate():mle-diag-gmm.cc:359) Too little data - removing Gaussian (weight 0.000673, occupation count 9.744498, vector size 39)
WARNING (gmm-est[5.5.916~1-7f57e]:MleDiagGmmUpdate():mle-diag-gmm.cc:359) Too little data - removing Gaussian (weight 0.000626, occupation count 9.067875, vector size 39)
WARNING (gmm-est[5.5.916~1-7f57e]:MleDiagGmmUpdate():mle-diag-gmm.cc:359) Too little data - removing Gaussian (weight 0.000568, occupation count 8.218203, vector size 39)
WARNING (gmm-est[5.5.916~1-7f57e]:MleDiagGmmUpdate():mle-diag-gmm.cc:359) Too little data - removing Gaussian (weight 0.000674, occupation count 9.754455, vector size 39)
WARNING (gmm-est[5.5.916~1-7f57e]:MleDiagGmmUpdate():mle-diag-gmm.cc:359) Too little data - removing Gaussian (weight 0.000685, occupation count 9.920369, vector size 39)
WARNING (gmm-est[5.5.916~1-7f57e]:MleDiagGmmUpdate():mle-diag-gmm.cc:359) Too little data - removing Gaussian (weight 0.000667, occupation count 9.651335, vector size 39)
WARNING (gmm-est[5.5.916~1-7f57e]:MleDiagGmmUpdate():mle-diag-gmm.cc:359) Too little data - removing Gaussian (weight 0.000580, occupation count 8.400892, vector size 39)
WARNING (gmm-est[5.5.916~1-7f57e]:MleDiagGmmUpdate():mle-diag-gmm.cc:359) Too little data - removing Gaussian (weight 0.000647, occupation count 9.375039, vector size 39)
WARNING (gmm-est[5.5.916~1-7f57e]:MleDiagGmmUpdate():mle-diag-gmm.cc:359) Too little data - removing Gaussian (weight 0.000616, occupation count 8.915977, vector size 39)
WARNING (gmm-est[5.5.916~1-7f57e]:MleDiagGmmUpdate():mle-diag-gmm.cc:359) Too little data - removing Gaussian (weight 0.000664, occupation count 9.610193, vector size 39)
WARNING (gmm-est[5.5.916~1-7f57e]:MleDiagGmmUpdate():mle-diag-gmm.cc:359) Too little data - removing Gaussian (weight 0.000589, occupation count 8.533729, vector size 39)
WARNING (gmm-est[5.5.916~1-7f57e]:MleDiagGmmUpdate():mle-diag-gmm.cc:359) Too little data - removing Gaussian (weight 0.000657, occupation count 9.519239, vector size 39)
WARNING (gmm-est[5.5.916~1-7f57e]:MleDiagGmmUpdate():mle-diag-gmm.cc:359) Too little data - removing Gaussian (weight 0.000673, occupation count 9.749846, vector size 39)
WARNING (gmm-est[5.5.916~1-7f57e]:MleDiagGmmUpdate():mle-diag-gmm.cc:359) Too little data - removing Gaussian (weight 0.000575, occupation count 8.330757, vector size 39)
WARNING (gmm-est[5.5.916~1-7f57e]:MleDiagGmmUpdate():mle-diag-gmm.cc:359) Too little data - removing Gaussian (weight 0.000529, occupation count 7.661784, vector size 39)
WARNING (gmm-est[5.5.916~1-7f57e]:MleDiagGmmUpdate():mle-diag-gmm.cc:359) Too little data - removing Gaussian (weight 0.000658, occupation count 9.530249, vector size 39)
WARNING (gmm-est[5.5.916~1-7f57e]:MleDiagGmmUpdate():mle-diag-gmm.cc:359) Too little data - removing Gaussian (weight 0.000641, occupation count 9.286908, vector size 39)
WARNING (gmm-est[5.5.916~1-7f57e]:MleDiagGmmUpdate():mle-diag-gmm.cc:359) Too little data - removing Gaussian (weight 0.000559, occupation count 8.090103, vector size 39)
WARNING (gmm-est[5.5.916~1-7f57e]:MleDiagGmmUpdate():mle-diag-gmm.cc:359) Too little data - removing Gaussian (weight 0.000662, occupation count 9.586530, vector size 39)
WARNING (gmm-est[5.5.916~1-7f57e]:MleDiagGmmUpdate():mle-diag-gmm.cc:359) Too little data - removing Gaussian (weight 0.000671, occupation count 9.719846, vector size 39)
WARNING (gmm-est[5.5.916~1-7f57e]:MleDiagGmmUpdate():mle-diag-gmm.cc:359) Too little data - removing Gaussian (weight 0.000654, occupation count 9.463637, vector size 39)
WARNING (gmm-est[5.5.916~1-7f57e]:MleDiagGmmUpdate():mle-diag-gmm.cc:359) Too little data - removing Gaussian (weight 0.000643, occupation count 9.313016, vector size 39)
WARNING (gmm-est[5.5.916~1-7f57e]:MleDiagGmmUpdate():mle-diag-gmm.cc:359) Too little data - removing Gaussian (weight 0.000658, occupation count 9.525549, vector size 39)
WARNING (gmm-est[5.5.916~1-7f57e]:MleDiagGmmUpdate():mle-diag-gmm.cc:359) Too little data - removing Gaussian (weight 0.000559, occupation count 8.099860, vector size 39)
WARNING (gmm-est[5.5.916~1-7f57e]:MleDiagGmmUpdate():mle-diag-gmm.cc:359) Too little data - removing Gaussian (weight 0.000596, occupation count 8.627253, vector size 39)
WARNING (gmm-est[5.5.916~1-7f57e]:MleDiagGmmUpdate():mle-diag-gmm.cc:359) Too little data - removing Gaussian (weight 0.000670, occupation count 9.704079, vector size 39)
WARNING (gmm-est[5.5.916~1-7f57e]:MleDiagGmmUpdate():mle-diag-gmm.cc:359) Too little data - removing Gaussian (weight 0.000650, occupation count 9.407053, vector size 39)
WARNING (gmm-est[5.5.916~1-7f57e]:MleDiagGmmUpdate():mle-diag-gmm.cc:359) Too little data - removing Gaussian (weight 0.000422, occupation count 6.113224, vector size 39)
WARNING (gmm-est[5.5.916~1-7f57e]:MleDiagGmmUpdate():mle-diag-gmm.cc:359) Too little data - removing Gaussian (weight 0.000676, occupation count 9.791553, vector size 39)
WARNING (gmm-est[5.5.916~1-7f57e]:MleDiagGmmUpdate():mle-diag-gmm.cc:359) Too little data - removing Gaussian (weight 0.000628, occupation count 9.093197, vector size 39)
WARNING (gmm-est[5.5.916~1-7f57e]:MleDiagGmmUpdate():mle-diag-gmm.cc:359) Too little data - removing Gaussian (weight 0.000667, occupation count 9.660372, vector size 39)
WARNING (gmm-est[5.5.916~1-7f57e]:MleDiagGmmUpdate():mle-diag-gmm.cc:359) Too little data - removing Gaussian (weight 0.000558, occupation count 8.079814, vector size 39)
WARNING (gmm-est[5.5.916~1-7f57e]:MleDiagGmmUpdate():mle-diag-gmm.cc:359) Too little data - removing Gaussian (weight 0.000631, occupation count 9.136487, vector size 39)
WARNING (gmm-est[5.5.916~1-7f57e]:MleDiagGmmUpdate():mle-diag-gmm.cc:359) Too little data - removing Gaussian (weight 0.000562, occupation count 8.138943, vector size 39)
WARNING (gmm-est[5.5.916~1-7f57e]:MleDiagGmmUpdate():mle-diag-gmm.cc:359) Too little data - removing Gaussian (weight 0.000680, occupation count 9.843852, vector size 39)
WARNING (gmm-est[5.5.916~1-7f57e]:MleDiagGmmUpdate():mle-diag-gmm.cc:359) Too little data - removing Gaussian (weight 0.000650, occupation count 9.417449, vector size 39)
WARNING (gmm-est[5.5.916~1-7f57e]:MleDiagGmmUpdate():mle-diag-gmm.cc:359) Too little data - removing Gaussian (weight 0.000521, occupation count 7.538756, vector size 39)
WARNING (gmm-est[5.5.916~1-7f57e]:MleDiagGmmUpdate():mle-diag-gmm.cc:359) Too little data - removing Gaussian (weight 0.000665, occupation count 9.623947, vector size 39)
WARNING (gmm-est[5.5.916~1-7f57e]:MleDiagGmmUpdate():mle-diag-gmm.cc:359) Too little data - removing Gaussian (weight 0.000543, occupation count 7.856753, vector size 39)
WARNING (gmm-est[5.5.916~1-7f57e]:MleDiagGmmUpdate():mle-diag-gmm.cc:359) Too little data - removing Gaussian (weight 0.000679, occupation count 9.834634, vector size 39)
WARNING (gmm-est[5.5.916~1-7f57e]:MleDiagGmmUpdate():mle-diag-gmm.cc:359) Too little data - removing Gaussian (weight 0.000522, occupation count 7.557965, vector size 39)
WARNING (gmm-est[5.5.916~1-7f57e]:MleDiagGmmUpdate():mle-diag-gmm.cc:359) Too little data - removing Gaussian (weight 0.000610, occupation count 8.838011, vector size 39)
WARNING (gmm-est[5.5.916~1-7f57e]:MleDiagGmmUpdate():mle-diag-gmm.cc:359) Too little data - removing Gaussian (weight 0.000546, occupation count 7.907969, vector size 39)
WARNING (gmm-est[5.5.916~1-7f57e]:MleDiagGmmUpdate():mle-diag-gmm.cc:359) Too little data - removing Gaussian (weight 0.000610, occupation count 8.834934, vector size 39)
WARNING (gmm-est[5.5.916~1-7f57e]:MleDiagGmmUpdate():mle-diag-gmm.cc:359) Too little data - removing Gaussian (weight 0.000622, occupation count 8.999918, vector size 39)
WARNING (gmm-est[5.5.916~1-7f57e]:MleDiagGmmUpdate():mle-diag-gmm.cc:359) Too little data - removing Gaussian (weight 0.000586, occupation count 8.488181, vector size 39)
WARNING (gmm-est[5.5.916~1-7f57e]:MleDiagGmmUpdate():mle-diag-gmm.cc:359) Too little data - removing Gaussian (weight 0.000678, occupation count 9.820419, vector size 39)
WARNING (gmm-est[5.5.916~1-7f57e]:MleDiagGmmUpdate():mle-diag-gmm.cc:359) Too little data - removing Gaussian (weight 0.000571, occupation count 8.267897, vector size 39)
WARNING (gmm-est[5.5.916~1-7f57e]:MleDiagGmmUpdate():mle-diag-gmm.cc:359) Too little data - removing Gaussian (weight 0.000543, occupation count 7.867035, vector size 39)
WARNING (gmm-est[5.5.916~1-7f57e]:MleDiagGmmUpdate():mle-diag-gmm.cc:359) Too little data - removing Gaussian (weight 0.000680, occupation count 9.841021, vector size 39)
WARNING (gmm-est[5.5.916~1-7f57e]:MleDiagGmmUpdate():mle-diag-gmm.cc:359) Too little data - removing Gaussian (weight 0.000606, occupation count 8.780916, vector size 39)
WARNING (gmm-est[5.5.916~1-7f57e]:MleDiagGmmUpdate():mle-diag-gmm.cc:359) Too little data - removing Gaussian (weight 0.002162, occupation count 8.055170, vector size 39)
WARNING (gmm-est[5.5.916~1-7f57e]:MleDiagGmmUpdate():mle-diag-gmm.cc:359) Too little data - removing Gaussian (weight 0.002568, occupation count 9.568424, vector size 39)
WARNING (gmm-est[5.5.916~1-7f57e]:MleDiagGmmUpdate():mle-diag-gmm.cc:359) Too little data - removing Gaussian (weight 0.001716, occupation count 6.392577, vector size 39)
WARNING (gmm-est[5.5.916~1-7f57e]:MleDiagGmmUpdate():mle-diag-gmm.cc:359) Too little data - removing Gaussian (weight 0.002209, occupation count 8.231339, vector size 39)
WARNING (gmm-est[5.5.916~1-7f57e]:MleDiagGmmUpdate():mle-diag-gmm.cc:359) Too little data - removing Gaussian (weight 0.002087, occupation count 7.777674, vector size 39)
WARNING (gmm-est[5.5.916~1-7f57e]:MleDiagGmmUpdate():mle-diag-gmm.cc:359) Too little data - removing Gaussian (weight 0.002573, occupation count 9.588654, vector size 39)
WARNING (gmm-est[5.5.916~1-7f57e]:MleDiagGmmUpdate():mle-diag-gmm.cc:359) Too little data - removing Gaussian (weight 0.002542, occupation count 9.469970, vector size 39)
WARNING (gmm-est[5.5.916~1-7f57e]:MleDiagGmmUpdate():mle-diag-gmm.cc:359) Too little data - removing Gaussian (weight 0.001914, occupation count 7.130469, vector size 39)
WARNING (gmm-est[5.5.916~1-7f57e]:MleDiagGmmUpdate():mle-diag-gmm.cc:359) Too little data - removing Gaussian (weight 0.002369, occupation count 8.828459, vector size 39)
WARNING (gmm-est[5.5.916~1-7f57e]:MleDiagGmmUpdate():mle-diag-gmm.cc:359) Too little data - removing Gaussian (weight 0.002514, occupation count 9.368896, vector size 39)
WARNING (gmm-est[5.5.916~1-7f57e]:MleDiagGmmUpdate():mle-diag-gmm.cc:359) Too little data - removing Gaussian (weight 0.002023, occupation count 7.536452, vector size 39)
WARNING (gmm-est[5.5.916~1-7f57e]:MleDiagGmmUpdate():mle-diag-gmm.cc:359) Too little data - removing Gaussian (weight 0.001646, occupation count 6.134125, vector size 39)
WARNING (gmm-est[5.5.916~1-7f57e]:MleDiagGmmUpdate():mle-diag-gmm.cc:359) Too little data - removing Gaussian (weight 0.002117, occupation count 7.888942, vector size 39)
WARNING (gmm-est[5.5.916~1-7f57e]:MleDiagGmmUpdate():mle-diag-gmm.cc:359) Too little data - removing Gaussian (weight 0.001916, occupation count 7.138454, vector size 39)
WARNING (gmm-est[5.5.916~1-7f57e]:MleDiagGmmUpdate():mle-diag-gmm.cc:359) Too little data - removing Gaussian (weight 0.002227, occupation count 8.298546, vector size 39)
WARNING (gmm-est[5.5.916~1-7f57e]:MleDiagGmmUpdate():mle-diag-gmm.cc:359) Too little data - removing Gaussian (weight 0.002378, occupation count 8.860785, vector size 39)
WARNING (gmm-est[5.5.916~1-7f57e]:MleDiagGmmUpdate():mle-diag-gmm.cc:359) Too little data - removing Gaussian (weight 0.002326, occupation count 8.665231, vector size 39)
WARNING (gmm-est[5.5.916~1-7f57e]:MleDiagGmmUpdate():mle-diag-gmm.cc:359) Too little data - removing Gaussian (weight 0.002416, occupation count 9.001685, vector size 39)
WARNING (gmm-est[5.5.916~1-7f57e]:MleDiagGmmUpdate():mle-diag-gmm.cc:359) Too little data - removing Gaussian (weight 0.002071, occupation count 7.718249, vector size 39)
WARNING (gmm-est[5.5.916~1-7f57e]:MleDiagGmmUpdate():mle-diag-gmm.cc:359) Too little data - removing Gaussian (weight 0.001803, occupation count 6.717616, vector size 39)
WARNING (gmm-est[5.5.916~1-7f57e]:MleDiagGmmUpdate():mle-diag-gmm.cc:359) Too little data - removing Gaussian (weight 0.002032, occupation count 8.231685, vector size 39)
WARNING (gmm-est[5.5.916~1-7f57e]:MleDiagGmmUpdate():mle-diag-gmm.cc:359) Too little data - removing Gaussian (weight 0.002333, occupation count 9.449432, vector size 39)
WARNING (gmm-est[5.5.916~1-7f57e]:MleDiagGmmUpdate():mle-diag-gmm.cc:359) Too little data - removing Gaussian (weight 0.002449, occupation count 9.919025, vector size 39)
WARNING (gmm-est[5.5.916~1-7f57e]:MleDiagGmmUpdate():mle-diag-gmm.cc:359) Too little data - removing Gaussian (weight 0.002112, occupation count 8.554844, vector size 39)
WARNING (gmm-est[5.5.916~1-7f57e]:MleDiagGmmUpdate():mle-diag-gmm.cc:359) Too little data - removing Gaussian (weight 0.003594, occupation count 7.238198, vector size 39)
WARNING (gmm-est[5.5.916~1-7f57e]:MleDiagGmmUpdate():mle-diag-gmm.cc:359) Too little data - removing Gaussian (weight 0.004565, occupation count 9.194175, vector size 39)
WARNING (gmm-est[5.5.916~1-7f57e]:MleDiagGmmUpdate():mle-diag-gmm.cc:359) Too little data - removing Gaussian (weight 0.003824, occupation count 7.702167, vector size 39)
WARNING (gmm-est[5.5.916~1-7f57e]:MleDiagGmmUpdate():mle-diag-gmm.cc:359) Too little data - removing Gaussian (weight 0.004761, occupation count 9.587893, vector size 39)
WARNING (gmm-est[5.5.916~1-7f57e]:MleDiagGmmUpdate():mle-diag-gmm.cc:359) Too little data - removing Gaussian (weight 0.004493, occupation count 9.048155, vector size 39)
WARNING (gmm-est[5.5.916~1-7f57e]:MleDiagGmmUpdate():mle-diag-gmm.cc:359) Too little data - removing Gaussian (weight 0.004365, occupation count 8.791625, vector size 39)
WARNING (gmm-est[5.5.916~1-7f57e]:MleDiagGmmUpdate():mle-diag-gmm.cc:359) Too little data - removing Gaussian (weight 0.003518, occupation count 7.084981, vector size 39)
WARNING (gmm-est[5.5.916~1-7f57e]:MleDiagGmmUpdate():mle-diag-gmm.cc:359) Too little data - removing Gaussian (weight 0.004318, occupation count 8.697446, vector size 39)
WARNING (gmm-est[5.5.916~1-7f57e]:MleDiagGmmUpdate():mle-diag-gmm.cc:359) Too little data - removing Gaussian (weight 0.022262, occupation count 9.216281, vector size 39)
WARNING (gmm-est[5.5.916~1-7f57e]:MleDiagGmmUpdate():mle-diag-gmm.cc:359) Too little data - removing Gaussian (weight 0.008288, occupation count 9.208181, vector size 39)
WARNING (gmm-est[5.5.916~1-7f57e]:MleDiagGmmUpdate():mle-diag-gmm.cc:359) Too little data - removing Gaussian (weight 0.008374, occupation count 9.303700, vector size 39)
WARNING (gmm-est[5.5.916~1-7f57e]:MleDiagGmmUpdate():mle-diag-gmm.cc:359) Too little data - removing Gaussian (weight 0.007561, occupation count 8.399783, vector size 39)
WARNING (gmm-est[5.5.916~1-7f57e]:MleDiagGmmUpdate():mle-diag-gmm.cc:359) Too little data - removing Gaussian (weight 0.013753, occupation count 8.086518, vector size 39)
WARNING (gmm-est[5.5.916~1-7f57e]:MleDiagGmmUpdate():mle-diag-gmm.cc:359) Too little data - removing Gaussian (weight 0.015976, occupation count 9.394091, vector size 39)
WARNING (gmm-est[5.5.916~1-7f57e]:MleDiagGmmUpdate():mle-diag-gmm.cc:359) Too little data - removing Gaussian (weight 0.015626, occupation count 9.188051, vector size 39)
WARNING (gmm-est[5.5.916~1-7f57e]:MleDiagGmmUpdate():mle-diag-gmm.cc:359) Too little data - removing Gaussian (weight 0.025124, occupation count 9.471606, vector size 39)
WARNING (gmm-est[5.5.916~1-7f57e]:MleDiagGmmUpdate():mle-diag-gmm.cc:359) Too little data - removing Gaussian (weight 0.008703, occupation count 8.728878, vector size 39)
WARNING (gmm-est[5.5.916~1-7f57e]:MleDiagGmmUpdate():mle-diag-gmm.cc:359) Too little data - removing Gaussian (weight 0.057435, occupation count 8.730095, vector size 39)
WARNING (gmm-est[5.5.916~1-7f57e]:MleDiagGmmUpdate():mle-diag-gmm.cc:359) Too little data - removing Gaussian (weight 0.033963, occupation count 8.660452, vector size 39)
WARNING (gmm-est[5.5.916~1-7f57e]:MleDiagGmmUpdate():mle-diag-gmm.cc:359) Too little data - removing Gaussian (weight 0.020011, occupation count 9.085019, vector size 39)
WARNING (gmm-est[5.5.916~1-7f57e]:MleDiagGmmUpdate():mle-diag-gmm.cc:359) Too little data - removing Gaussian (weight 0.032658, occupation count 9.797334, vector size 39)
WARNING (gmm-est[5.5.916~1-7f57e]:MleDiagGmmUpdate():mle-diag-gmm.cc:359) Too little data - removing Gaussian (weight 0.006328, occupation count 7.670079, vector size 39)
WARNING (gmm-est[5.5.916~1-7f57e]:MleDiagGmmUpdate():mle-diag-gmm.cc:359) Too little data - removing Gaussian (weight 0.007666, occupation count 9.290780, vector size 39)
WARNING (gmm-est[5.5.916~1-7f57e]:MleDiagGmmUpdate():mle-diag-gmm.cc:359) Too little data - removing Gaussian (weight 0.007655, occupation count 9.278327, vector size 39)
WARNING (gmm-est[5.5.916~1-7f57e]:MleDiagGmmUpdate():mle-diag-gmm.cc:359) Too little data - removing Gaussian (weight 0.007162, occupation count 8.680861, vector size 39)
WARNING (gmm-est[5.5.916~1-7f57e]:MleDiagGmmUpdate():mle-diag-gmm.cc:359) Too little data - removing Gaussian (weight 0.007851, occupation count 9.515962, vector size 39)
WARNING (gmm-est[5.5.916~1-7f57e]:MleDiagGmmUpdate():mle-diag-gmm.cc:359) Too little data - removing Gaussian (weight 0.007659, occupation count 9.283104, vector size 39)
WARNING (gmm-est[5.5.916~1-7f57e]:MleDiagGmmUpdate():mle-diag-gmm.cc:359) Too little data - removing Gaussian (weight 0.007458, occupation count 9.038599, vector size 39)
WARNING (gmm-est[5.5.916~1-7f57e]:MleDiagGmmUpdate():mle-diag-gmm.cc:359) Too little data - removing Gaussian (weight 0.008194, occupation count 9.931266, vector size 39)
WARNING (gmm-est[5.5.916~1-7f57e]:MleDiagGmmUpdate():mle-diag-gmm.cc:359) Too little data - removing Gaussian (weight 0.031800, occupation count 9.921481, vector size 39)
WARNING (gmm-est[5.5.916~1-7f57e]:MleDiagGmmUpdate():mle-diag-gmm.cc:359) Too little data - removing Gaussian (weight 0.014083, occupation count 8.745570, vector size 39)
WARNING (gmm-est[5.5.916~1-7f57e]:MleDiagGmmUpdate():mle-diag-gmm.cc:359) Too little data - removing Gaussian (weight 0.013090, occupation count 8.128642, vector size 39)
WARNING (gmm-est[5.5.916~1-7f57e]:MleDiagGmmUpdate():mle-diag-gmm.cc:359) Too little data - removing Gaussian (weight 0.010318, occupation count 6.407499, vector size 39)
WARNING (gmm-est[5.5.916~1-7f57e]:MleDiagGmmUpdate():mle-diag-gmm.cc:359) Too little data - removing Gaussian (weight 0.058098, occupation count 9.644264, vector size 39)
WARNING (gmm-est[5.5.916~1-7f57e]:MleDiagGmmUpdate():mle-diag-gmm.cc:359) Too little data - removing Gaussian (weight 0.018127, occupation count 8.248010, vector size 39)
WARNING (gmm-est[5.5.916~1-7f57e]:MleDiagGmmUpdate():mle-diag-gmm.cc:359) Too little data - removing Gaussian (weight 0.019669, occupation count 8.949450, vector size 39)
WARNING (gmm-est[5.5.916~1-7f57e]:MleDiagGmmUpdate():mle-diag-gmm.cc:359) Too little data - removing Gaussian (weight 0.018367, occupation count 8.356825, vector size 39)
WARNING (gmm-est[5.5.916~1-7f57e]:MleDiagGmmUpdate():mle-diag-gmm.cc:359) Too little data - removing Gaussian (weight 0.019241, occupation count 8.754732, vector size 39)
WARNING (gmm-est[5.5.916~1-7f57e]:MleDiagGmmUpdate():mle-diag-gmm.cc:359) Too little data - removing Gaussian (weight 0.018475, occupation count 8.406096, vector size 39)
WARNING (gmm-est[5.5.916~1-7f57e]:MleDiagGmmUpdate():mle-diag-gmm.cc:359) Too little data - removing Gaussian (weight 0.027105, occupation count 8.266969, vector size 39)
WARNING (gmm-est[5.5.916~1-7f57e]:MleDiagGmmUpdate():mle-diag-gmm.cc:359) Too little data - removing Gaussian (weight 0.026816, occupation count 8.178911, vector size 39)
WARNING (gmm-est[5.5.916~1-7f57e]:MleDiagGmmUpdate():mle-diag-gmm.cc:359) Too little data - removing Gaussian (weight 0.041948, occupation count 9.857735, vector size 39)
WARNING (gmm-est[5.5.916~1-7f57e]:MleDiagGmmUpdate():mle-diag-gmm.cc:359) Too little data - removing Gaussian (weight 0.040382, occupation count 9.287863, vector size 39)
WARNING (gmm-est[5.5.916~1-7f57e]:MleDiagGmmUpdate():mle-diag-gmm.cc:359) Too little data - removing Gaussian (weight 0.017019, occupation count 9.905302, vector size 39)
WARNING (gmm-est[5.5.916~1-7f57e]:MleDiagGmmUpdate():mle-diag-gmm.cc:359) Too little data - removing Gaussian (weight 0.116279, occupation count 10.000000, vector size 39)
WARNING (gmm-est[5.5.916~1-7f57e]:MleDiagGmmUpdate():mle-diag-gmm.cc:359) Too little data - removing Gaussian (weight 0.035349, occupation count 9.968503, vector size 39)
LOG (gmm-est[5.5.916~1-7f57e]:MleAmDiagGmmUpdate():mle-am-diag-gmm.cc:225) 0 variance elements floored in 0 Gaussians, out of 3368
LOG (gmm-est[5.5.916~1-7f57e]:MleAmDiagGmmUpdate():mle-am-diag-gmm.cc:229) Removed 163 Gaussians due to counts < --min-gaussian-occupancy=10 and --remove-low-count-gaussians=true
LOG (gmm-est[5.5.916~1-7f57e]:main():gmm-est.cc:113) GMM update: Overall 0.789276 objective function improvement per frame over 71981 frames
LOG (gmm-est[5.5.916~1-7f57e]:main():gmm-est.cc:116) GMM update: Overall avg like per frame = -77.7293 over 71981 frames.
WARNING (gmm-est[5.5.916~1-7f57e]:GetSplitTargets():model-common.cc:134) Could not split up to 8280 due to min-count = 20 (or no counts at all)

LOG (gmm-est[5.5.916~1-7f57e]:SplitByCount():am-diag-gmm.cc:116) Split 144 states with target = 8280, power = 0.25, perturb_factor = 0.01 and min_count = 20, split #Gauss from 3368 to 3531
LOG (gmm-est[5.5.916~1-7f57e]:main():gmm-est.cc:146) Written model to exp/tri2a/6.mdl
# Accounting: time=0 threads=1
# Ended (code 0) at Sat May  8 19:21:58 IST 2021, elapsed time 0 seconds
