# lattice-scale --inv-acoustic-scale=15 "ark:gunzip -c exp/mono/decode/lat.*.gz|" ark:- | lattice-add-penalty --word-ins-penalty=0.0 ark:- ark:- | lattice-best-path --word-symbol-table=exp/mono/graph/words.txt ark:- ark,t:- | utils/int2sym.pl -f 2- exp/mono/graph/words.txt | local/wer_hyp_filter > exp/mono/decode/scoring_kaldi/penalty_0.0/15.txt 
# Started at Sat May  8 19:19:24 IST 2021
#
lattice-best-path --word-symbol-table=exp/mono/graph/words.txt ark:- ark,t:- 
lattice-scale --inv-acoustic-scale=15 'ark:gunzip -c exp/mono/decode/lat.*.gz|' ark:- 
lattice-add-penalty --word-ins-penalty=0.0 ark:- ark:- 
LOG (lattice-best-path[5.5.916~1-7f57e]:main():lattice-best-path.cc:99) For utterance sravya_w01, best cost 48.8684 + 1786.8 = 1835.67 over 290 frames.
sravya_w01 ZERO ONE TWO THREE FOUR FIVE SIX SEVEN NINE 
LOG (lattice-best-path[5.5.916~1-7f57e]:main():lattice-best-path.cc:99) For utterance sravya_w02, best cost 43.7739 + 1669.68 = 1713.46 over 267 frames.
sravya_w02 ONE THREE FIVE SEVEN NINE ZERO SIX TWO 
LOG (lattice-best-path[5.5.916~1-7f57e]:main():lattice-best-path.cc:99) For utterance sravya_w03, best cost 43.8865 + 1730.32 = 1774.21 over 276 frames.
sravya_w03 ZERO TWO FOUR SIX THREE FIVE NINE SEVEN 
LOG (lattice-best-path[5.5.916~1-7f57e]:main():lattice-best-path.cc:99) For utterance sravya_w04, best cost 43.7171 + 1679.18 = 1722.9 over 265 frames.
sravya_w04 ONE FIVE NINE TWO FOUR SIX ZERO SEVEN 
LOG (lattice-best-path[5.5.916~1-7f57e]:main():lattice-best-path.cc:99) For utterance sravya_w05, best cost 40.292 + 1667.68 = 1707.97 over 266 frames.
sravya_w05 ONE THREE FIVE SIX ZERO NINE TWO 
LOG (lattice-best-path[5.5.916~1-7f57e]:main():lattice-best-path.cc:99) For utterance sravya_w06, best cost 57.9102 + 2144.14 = 2202.05 over 335 frames.
sravya_w06 TWO THREE NINE FOUR TWO FOUR FIVE ZERO SEVEN SIX EIGHT 
LOG (lattice-best-path[5.5.916~1-7f57e]:main():lattice-best-path.cc:99) For utterance sravya_w07, best cost 55.5373 + 2419.39 = 2474.93 over 390 frames.
sravya_w07 ONE THREE TWO FOUR FIVE THREE ZERO SIX NINE SEVEN 
LOG (lattice-best-path[5.5.916~1-7f57e]:main():lattice-best-path.cc:99) For utterance sravya_w08, best cost 49.0419 + 2148.69 = 2197.74 over 341 frames.
sravya_w08 TWO THREE FIVE FOUR SEVEN SIX ONE ZERO 
LOG (lattice-best-path[5.5.916~1-7f57e]:main():lattice-best-path.cc:99) For utterance sravya_w09, best cost 61.8578 + 2627 = 2688.86 over 424 frames.
sravya_w09 NINE THREE SEVEN SIX FIVE FOUR THREE TWO ONE ZERO SEVEN 
LOG (lattice-best-path[5.5.916~1-7f57e]:main():lattice-best-path.cc:99) For utterance sravya_w10, best cost 69.9067 + 3038.39 = 3108.29 over 499 frames.
sravya_w10 THREE FOUR ONE ZERO EIGHT SEVEN SIX FOUR THREE FIVE EIGHT NINE 
LOG (lattice-best-path[5.5.916~1-7f57e]:main():lattice-best-path.cc:99) For utterance sudharshan_x01, best cost 62.3333 + 2731.42 = 2793.75 over 461 frames.
sudharshan_x01 ZERO ONE TWO THREE FOUR FIVE SIX SEVEN EIGHT NINE 
LOG (lattice-best-path[5.5.916~1-7f57e]:main():lattice-best-path.cc:99) For utterance sudharshan_x02, best cost 51.9023 + 2209.12 = 2261.03 over 370 frames.
sudharshan_x02 ONE THREE FIVE SEVEN NINE ZERO SIX EIGHT TWO 
LOG (lattice-best-path[5.5.916~1-7f57e]:main():lattice-best-path.cc:99) For utterance sudharshan_x03, best cost 52.8326 + 2538.99 = 2591.82 over 435 frames.
sudharshan_x03 ZERO TWO FOUR SIX EIGHT SEVEN NINE SEVEN ONE 
LOG (lattice-best-path[5.5.916~1-7f57e]:main():lattice-best-path.cc:99) For utterance sudharshan_x04, best cost 46.4989 + 2216.22 = 2262.72 over 383 frames.
sudharshan_x04 ONE FIVE NINE TWO FOUR SIX ZERO SEVEN 
LOG (lattice-best-path[5.5.916~1-7f57e]:main():lattice-best-path.cc:99) For utterance sudharshan_x05, best cost 45.6966 + 2332.39 = 2378.09 over 409 frames.
sudharshan_x05 ONE THREE FIVE SIX ZERO EIGHT NINE TWO 
LOG (lattice-best-path[5.5.916~1-7f57e]:main():lattice-best-path.cc:99) For utterance sudharshan_x06, best cost 64.4801 + 3228.39 = 3292.87 over 562 frames.
sudharshan_x06 TWO THREE NINE FOUR TWO FOUR FIVE ZERO SEVEN SIX EIGHT 
LOG (lattice-best-path[5.5.916~1-7f57e]:main():lattice-best-path.cc:99) For utterance sudharshan_x07, best cost 63.842 + 2976.56 = 3040.4 over 519 frames.
sudharshan_x07 ONE THREE TWO FOUR SEVEN THREE ZERO SIX NINE EIGHT SEVEN 
LOG (lattice-best-path[5.5.916~1-7f57e]:main():lattice-best-path.cc:99) For utterance sudharshan_x08, best cost 63.1847 + 2765.92 = 2829.1 over 477 frames.
sudharshan_x08 TWO THREE FIVE FOUR EIGHT SEVEN NINE SIX ONE ZERO 
LOG (lattice-best-path[5.5.916~1-7f57e]:main():lattice-best-path.cc:99) For utterance sudharshan_x09, best cost 68.5742 + 2965.45 = 3034.02 over 500 frames.
sudharshan_x09 NINE EIGHT SEVEN SIX FIVE FOUR THREE TWO ONE ZERO SEVEN ONE 
LOG (lattice-best-path[5.5.916~1-7f57e]:main():lattice-best-path.cc:99) For utterance sudharshan_x10, best cost 72.5237 + 3097.95 = 3170.47 over 536 frames.
sudharshan_x10 THREE FOUR ONE ZERO EIGHT SEVEN SIX FOUR THREE FIVE EIGHT NINE 
LOG (lattice-best-path[5.5.916~1-7f57e]:main():lattice-best-path.cc:99) For utterance swetha_y01, best cost 35.6036 + 1393.7 = 1429.31 over 230 frames.
swetha_y01 ZERO ONE ZERO FIVE SIX SEVEN 
LOG (lattice-best-path[5.5.916~1-7f57e]:main():lattice-best-path.cc:99) For utterance swetha_y02, best cost 40.4332 + 1300.09 = 1340.53 over 220 frames.
swetha_y02 ONE THREE FIVE SEVEN ZERO SIX ZERO 
LOG (lattice-best-path[5.5.916~1-7f57e]:main():lattice-best-path.cc:99) For utterance swetha_y03, best cost 34.1167 + 1359.78 = 1393.89 over 227 frames.
swetha_y03 ZERO FOUR SIX EIGHT NINE SEVEN 
LOG (lattice-best-path[5.5.916~1-7f57e]:main():lattice-best-path.cc:99) For utterance swetha_y04, best cost 35.4864 + 1253.22 = 1288.71 over 208 frames.
swetha_y04 ONE NINE TWO SIX EIGHT SEVEN 
LOG (lattice-best-path[5.5.916~1-7f57e]:main():lattice-best-path.cc:99) For utterance swetha_y05, best cost 41.3844 + 1132.49 = 1173.87 over 189 frames.
swetha_y05 ONE THREE FIVE SIX ZERO EIGHT NINE TWO 
LOG (lattice-best-path[5.5.916~1-7f57e]:main():lattice-best-path.cc:99) For utterance swetha_y06, best cost 55.3631 + 2085.12 = 2140.48 over 362 frames.
swetha_y06 TWO THREE NINE FOUR TWO FOUR FIVE SEVEN SIX EIGHT 
LOG (lattice-best-path[5.5.916~1-7f57e]:main():lattice-best-path.cc:99) For utterance swetha_y07, best cost 46.6152 + 1499.69 = 1546.31 over 247 frames.
swetha_y07 FIVE ZERO FOUR FIVE ZERO SIX THREE SEVEN 
LOG (lattice-best-path[5.5.916~1-7f57e]:main():lattice-best-path.cc:99) For utterance swetha_y08, best cost 48.732 + 1495.28 = 1544.01 over 246 frames.
swetha_y08 TWO THREE FIVE FOUR SEVEN NINE SIX FIVE ZERO 
LOG (lattice-best-path[5.5.916~1-7f57e]:main():lattice-best-path.cc:99) For utterance swetha_y09, best cost 44.7668 + 1582.45 = 1627.22 over 258 frames.
swetha_y09 NINE FIVE SIX FIVE ONE ZERO FIVE SEVEN 
LOG (lattice-best-path[5.5.916~1-7f57e]:main():lattice-best-path.cc:99) For utterance swetha_y10, best cost 40.2297 + 1523.13 = 1563.36 over 251 frames.
swetha_y10 ZERO EIGHT SEVEN SIX FOUR THREE NINE 
LOG (lattice-best-path[5.5.916~1-7f57e]:main():lattice-best-path.cc:99) For utterance vvraju_z01, best cost 67.3434 + 2962 = 3029.35 over 476 frames.
vvraju_z01 ZERO ONE TWO THREE FOUR ONE FIVE SIX SEVEN EIGHT NINE 
LOG (lattice-best-path[5.5.916~1-7f57e]:main():lattice-best-path.cc:99) For utterance vvraju_z02, best cost 57.0961 + 2363.76 = 2420.85 over 385 frames.
vvraju_z02 ONE THREE ONE FIVE SEVEN NINE ZERO SIX EIGHT TWO 
LOG (lattice-scale[5.5.916~1-7f57e]:main():lattice-scale.cc:107) Done 40 lattices.
LOG (lattice-best-path[5.5.916~1-7f57e]:main():lattice-best-path.cc:99) For utterance vvraju_z03, best cost 50.2169 + 2346.37 = 2396.59 over 374 frames.
vvraju_z03 ZERO TWO FOUR SIX EIGHT FIVE NINE SEVEN ONE 
LOG (lattice-best-path[5.5.916~1-7f57e]:main():lattice-best-path.cc:99) For utterance vvraju_z04, best cost 50.691 + 2055.52 = 2106.21 over 340 frames.
vvraju_z04 ONE FIVE FIVE NINE TWO FOUR SIX ZERO SEVEN 
LOG (lattice-best-path[5.5.916~1-7f57e]:main():lattice-best-path.cc:99) For utterance vvraju_z05, best cost 46.5939 + 1943.14 = 1989.74 over 322 frames.
vvraju_z05 ONE THREE FIVE SIX ZERO EIGHT NINE TWO 
LOG (lattice-best-path[5.5.916~1-7f57e]:main():lattice-best-path.cc:99) For utterance vvraju_z06, best cost 64.8238 + 2685.35 = 2750.17 over 432 frames.
vvraju_z06 TWO THREE NINE FOUR TWO FOUR FIVE ZERO SEVEN SIX EIGHT 
LOG (lattice-best-path[5.5.916~1-7f57e]:main():lattice-best-path.cc:99) For utterance vvraju_z07, best cost 69.0659 + 2695.65 = 2764.72 over 442 frames.
vvraju_z07 ONE THREE TWO FOUR ONE FIVE EIGHT THREE ZERO SIX NINE EIGHT SEVEN 
LOG (lattice-best-path[5.5.916~1-7f57e]:main():lattice-best-path.cc:99) For utterance vvraju_z08, best cost 56.02 + 2420.12 = 2476.14 over 400 frames.
vvraju_z08 TWO THREE FIVE FOUR EIGHT SEVEN NINE SIX ONE ZERO 
LOG (lattice-add-penalty[5.5.916~1-7f57e]:main():lattice-add-penalty.cc:62) Done adding word insertion penalty to 40 lattices.
LOG (lattice-best-path[5.5.916~1-7f57e]:main():lattice-best-path.cc:99) For utterance vvraju_z09, best cost 67.1596 + 2814.34 = 2881.5 over 458 frames.
vvraju_z09 NINE EIGHT SEVEN SIX FIVE FOUR THREE TWO ONE ZERO SEVEN ONE 
LOG (lattice-best-path[5.5.916~1-7f57e]:main():lattice-best-path.cc:99) For utterance vvraju_z10, best cost 69.2575 + 2700.52 = 2769.78 over 439 frames.
vvraju_z10 THREE ONE FOUR ONE ZERO EIGHT SEVEN SIX FOUR THREE FIVE EIGHT NINE 
LOG (lattice-best-path[5.5.916~1-7f57e]:main():lattice-best-path.cc:124) Overall cost per frame is 6.18242 = 0.146624 [graph] + 6.0358 [acoustic] over 14511 frames.
LOG (lattice-best-path[5.5.916~1-7f57e]:main():lattice-best-path.cc:128) Done 40 lattices, failed for 0
# Accounting: time=1 threads=1
# Ended (code 0) at Sat May  8 19:19:25 IST 2021, elapsed time 1 seconds
