# gunzip -c exp/tri1/decode/depth_tmp.*.gz | steps/diagnostic/analyze_lattice_depth_stats.py exp/tri1/graph exp/tri1/decode/ali_frame_tmp.gz 
# Started at Sat May  8 21:51:44 IST 2021
#
The total amount of data analyzed assuming 100 frames per second is 0.0 hours
Overall, lattice depth (10,50,90-percentile)=(1,3,10) and mean=4.5
Nonsilence phones as a group account for 83.0% of frames, with lattice depth (10,50,90-percentile)=(1,3,10) and mean=4.7
Phone SIL accounts for 17.0% of frames, with lattice depth (10,50,90-percentile)=(1,2,6) and mean=3.7
Phone N_E accounts for 8.8% of frames, with lattice depth (10,50,90-percentile)=(1,3,15) and mean=5.9
Phone F_B accounts for 5.5% of frames, with lattice depth (10,50,90-percentile)=(1,4,10) and mean=5.4
Phone UW_E accounts for 5.2% of frames, with lattice depth (10,50,90-percentile)=(1,3,14) and mean=5.8
Phone AH_I accounts for 5.2% of frames, with lattice depth (10,50,90-percentile)=(1,3,8) and mean=4.0
Phone AY_I accounts for 4.5% of frames, with lattice depth (10,50,90-percentile)=(1,3,11) and mean=5.2
Phone EY_B accounts for 4.1% of frames, with lattice depth (10,50,90-percentile)=(1,3,20) and mean=7.0
Phone R_I accounts for 4.0% of frames, with lattice depth (10,50,90-percentile)=(1,2,9) and mean=4.1
Phone AO_I accounts for 3.5% of frames, with lattice depth (10,50,90-percentile)=(1,3,7) and mean=3.7
Phone IY_E accounts for 3.4% of frames, with lattice depth (10,50,90-percentile)=(2,4,11) and mean=5.3
Phone V_E accounts for 3.3% of frames, with lattice depth (10,50,90-percentile)=(2,5,8) and mean=4.9
Phone S_B accounts for 3.2% of frames, with lattice depth (10,50,90-percentile)=(1,2,7) and mean=3.1
Phone Z_B accounts for 3.1% of frames, with lattice depth (10,50,90-percentile)=(1,2,6) and mean=2.7
Phone EH_I accounts for 3.1% of frames, with lattice depth (10,50,90-percentile)=(1,2,7) and mean=3.2
Phone S_E accounts for 3.1% of frames, with lattice depth (10,50,90-percentile)=(1,1,6) and mean=2.4
Phone TH_B accounts for 2.8% of frames, with lattice depth (10,50,90-percentile)=(1,3,9) and mean=4.6
Phone W_B accounts for 2.6% of frames, with lattice depth (10,50,90-percentile)=(1,3,7) and mean=3.5
Phone T_E accounts for 2.3% of frames, with lattice depth (10,50,90-percentile)=(1,6,20) and mean=8.8
Phone IH_I accounts for 2.3% of frames, with lattice depth (10,50,90-percentile)=(1,1,4) and mean=2.3
Phone K_I accounts for 2.2% of frames, with lattice depth (10,50,90-percentile)=(1,1,4) and mean=1.8
Phone V_I accounts for 2.1% of frames, with lattice depth (10,50,90-percentile)=(1,2,8) and mean=3.4
Phone R_E accounts for 2.1% of frames, with lattice depth (10,50,90-percentile)=(1,5,9) and mean=6.2
Phone IY_I accounts for 1.9% of frames, with lattice depth (10,50,90-percentile)=(1,2,6) and mean=2.7
Phone T_B accounts for 1.7% of frames, with lattice depth (10,50,90-percentile)=(1,6,18) and mean=8.6
Phone OW_E accounts for 1.5% of frames, with lattice depth (10,50,90-percentile)=(1,2,7) and mean=3.3
Phone N_B accounts for 1.5% of frames, with lattice depth (10,50,90-percentile)=(1,4,13) and mean=6.1
# Accounting: time=0 threads=1
# Ended (code 0) at Sat May  8 21:51:44 IST 2021, elapsed time 0 seconds
