# gmm-latgen-faster --max-active=7000 --beam=18.0 --lattice-beam=10.0 --acoustic-scale=0.083333 --allow-partial=true --word-symbol-table=exp/tri1/graph/words.txt exp/tri1/final.mdl exp/tri1/graph/HCLG.fst "ark,s,cs:apply-cmvn  --utt2spk=ark:data/test/split1/1/utt2spk scp:data/test/split1/1/cmvn.scp scp:data/test/split1/1/feats.scp ark:- | add-deltas  ark:- ark:- |" "ark:|gzip -c > exp/tri1/decode/lat.1.gz" 
# Started at Sat May  8 21:51:41 IST 2021
#
gmm-latgen-faster --max-active=7000 --beam=18.0 --lattice-beam=10.0 --acoustic-scale=0.083333 --allow-partial=true --word-symbol-table=exp/tri1/graph/words.txt exp/tri1/final.mdl exp/tri1/graph/HCLG.fst 'ark,s,cs:apply-cmvn  --utt2spk=ark:data/test/split1/1/utt2spk scp:data/test/split1/1/cmvn.scp scp:data/test/split1/1/feats.scp ark:- | add-deltas  ark:- ark:- |' 'ark:|gzip -c > exp/tri1/decode/lat.1.gz' 
add-deltas ark:- ark:- 
apply-cmvn --utt2spk=ark:data/test/split1/1/utt2spk scp:data/test/split1/1/cmvn.scp scp:data/test/split1/1/feats.scp ark:- 
sravya_w01 ZERO ONE TWO THREE FOUR FIVE SIX SEVEN EIGHT NINE 
LOG (gmm-latgen-faster[5.5.916~1-7f57e]:DecodeUtteranceLatticeFaster():decoder-wrappers.cc:375) Log-like per frame for utterance sravya_w01 is -7.96472 over 290 frames.
sravya_w02 ONE THREE FIVE SEVEN NINE ZERO SIX EIGHT TWO 
LOG (gmm-latgen-faster[5.5.916~1-7f57e]:DecodeUtteranceLatticeFaster():decoder-wrappers.cc:375) Log-like per frame for utterance sravya_w02 is -8.07328 over 267 frames.
sravya_w03 ZERO TWO FOUR SIX EIGHT FIVE NINE SEVEN ONE 
LOG (gmm-latgen-faster[5.5.916~1-7f57e]:DecodeUtteranceLatticeFaster():decoder-wrappers.cc:375) Log-like per frame for utterance sravya_w03 is -8.11506 over 276 frames.
sravya_w04 ONE FIVE NINE TWO FOUR SIX ZERO SEVEN 
LOG (gmm-latgen-faster[5.5.916~1-7f57e]:DecodeUtteranceLatticeFaster():decoder-wrappers.cc:375) Log-like per frame for utterance sravya_w04 is -8.14273 over 265 frames.
sravya_w05 ONE THREE FIVE SIX ZERO EIGHT NINE TWO TWO 
LOG (gmm-latgen-faster[5.5.916~1-7f57e]:DecodeUtteranceLatticeFaster():decoder-wrappers.cc:375) Log-like per frame for utterance sravya_w05 is -8.16413 over 266 frames.
sravya_w06 THREE THREE NINE FOUR TWO FOUR FIVE ZERO SEVEN SIX EIGHT 
LOG (gmm-latgen-faster[5.5.916~1-7f57e]:DecodeUtteranceLatticeFaster():decoder-wrappers.cc:375) Log-like per frame for utterance sravya_w06 is -8.25849 over 335 frames.
sravya_w07 ONE THREE EIGHT TWO FOUR FIVE THREE ZERO SIX NINE EIGHT SEVEN EIGHT 
LOG (gmm-latgen-faster[5.5.916~1-7f57e]:DecodeUtteranceLatticeFaster():decoder-wrappers.cc:375) Log-like per frame for utterance sravya_w07 is -7.95647 over 390 frames.
sravya_w08 TWO THREE ONE FOUR SEVEN NINE SIX ONE ZERO 
LOG (gmm-latgen-faster[5.5.916~1-7f57e]:DecodeUtteranceLatticeFaster():decoder-wrappers.cc:375) Log-like per frame for utterance sravya_w08 is -8.12332 over 341 frames.
sravya_w09 NINE EIGHT SEVEN SIX FIVE FOUR THREE TWO ONE ZERO SEVEN ONE 
LOG (gmm-latgen-faster[5.5.916~1-7f57e]:DecodeUtteranceLatticeFaster():decoder-wrappers.cc:375) Log-like per frame for utterance sravya_w09 is -8.00149 over 424 frames.
sravya_w10 THREE FOUR ONE ZERO EIGHT SEVEN SIX FOUR THREE FOUR EIGHT EIGHT NINE EIGHT 
LOG (gmm-latgen-faster[5.5.916~1-7f57e]:DecodeUtteranceLatticeFaster():decoder-wrappers.cc:375) Log-like per frame for utterance sravya_w10 is -7.83176 over 499 frames.
sudharshan_x01 ZERO ONE THREE FOUR FIVE SIX SEVEN NINE 
LOG (gmm-latgen-faster[5.5.916~1-7f57e]:DecodeUtteranceLatticeFaster():decoder-wrappers.cc:375) Log-like per frame for utterance sudharshan_x01 is -7.93238 over 461 frames.
sudharshan_x02 ONE THREE FIVE SEVEN NINE ZERO SIX TWO 
LOG (gmm-latgen-faster[5.5.916~1-7f57e]:DecodeUtteranceLatticeFaster():decoder-wrappers.cc:375) Log-like per frame for utterance sudharshan_x02 is -7.94272 over 370 frames.
sudharshan_x03 ZERO TWO FOUR SIX SEVEN NINE SEVEN ONE 
LOG (gmm-latgen-faster[5.5.916~1-7f57e]:DecodeUtteranceLatticeFaster():decoder-wrappers.cc:375) Log-like per frame for utterance sudharshan_x03 is -7.74768 over 435 frames.
sudharshan_x04 ONE FIVE NINE TWO FOUR SIX ZERO SEVEN 
LOG (gmm-latgen-faster[5.5.916~1-7f57e]:DecodeUtteranceLatticeFaster():decoder-wrappers.cc:375) Log-like per frame for utterance sudharshan_x04 is -7.63854 over 383 frames.
sudharshan_x05 ONE FIVE SIX ZERO THREE NINE TWO 
LOG (gmm-latgen-faster[5.5.916~1-7f57e]:DecodeUtteranceLatticeFaster():decoder-wrappers.cc:375) Log-like per frame for utterance sudharshan_x05 is -7.5886 over 409 frames.
sudharshan_x06 TWO THREE NINE FOUR TWO FOUR FIVE ZERO SEVEN SIX 
LOG (gmm-latgen-faster[5.5.916~1-7f57e]:DecodeUtteranceLatticeFaster():decoder-wrappers.cc:375) Log-like per frame for utterance sudharshan_x06 is -7.63059 over 562 frames.
sudharshan_x07 ONE THREE TWO FOUR THREE ZERO SIX NINE EIGHT SEVEN 
LOG (gmm-latgen-faster[5.5.916~1-7f57e]:DecodeUtteranceLatticeFaster():decoder-wrappers.cc:375) Log-like per frame for utterance sudharshan_x07 is -7.57898 over 519 frames.
sudharshan_x08 TWO THREE FIVE FOUR EIGHT SEVEN NINE SIX ONE ZERO 
LOG (gmm-latgen-faster[5.5.916~1-7f57e]:DecodeUtteranceLatticeFaster():decoder-wrappers.cc:375) Log-like per frame for utterance sudharshan_x08 is -7.72225 over 477 frames.
sudharshan_x09 NINE THREE SEVEN SIX FIVE FOUR THREE TWO ONE ZERO SEVEN ONE 
LOG (gmm-latgen-faster[5.5.916~1-7f57e]:DecodeUtteranceLatticeFaster():decoder-wrappers.cc:375) Log-like per frame for utterance sudharshan_x09 is -7.94005 over 500 frames.
sudharshan_x10 THREE FOUR ONE ZERO EIGHT SEVEN SIX FOUR THREE FIVE EIGHT NINE 
LOG (gmm-latgen-faster[5.5.916~1-7f57e]:DecodeUtteranceLatticeFaster():decoder-wrappers.cc:375) Log-like per frame for utterance sudharshan_x10 is -7.64394 over 536 frames.
swetha_y01 ZERO ONE THREE FOUR FIVE SEVEN EIGHT NINE 
LOG (gmm-latgen-faster[5.5.916~1-7f57e]:DecodeUtteranceLatticeFaster():decoder-wrappers.cc:375) Log-like per frame for utterance swetha_y01 is -7.82809 over 230 frames.
swetha_y02 ONE THREE FIVE SEVEN NINE ZERO SIX EIGHT TWO ONE 
LOG (gmm-latgen-faster[5.5.916~1-7f57e]:DecodeUtteranceLatticeFaster():decoder-wrappers.cc:375) Log-like per frame for utterance swetha_y02 is -7.71506 over 220 frames.
swetha_y03 ZERO TWO FOUR SIX EIGHT FIVE THREE SEVEN ONE 
LOG (gmm-latgen-faster[5.5.916~1-7f57e]:DecodeUtteranceLatticeFaster():decoder-wrappers.cc:375) Log-like per frame for utterance swetha_y03 is -7.67569 over 227 frames.
swetha_y04 ONE FIVE NINE TWO FOUR SIX ZERO SEVEN 
LOG (gmm-latgen-faster[5.5.916~1-7f57e]:DecodeUtteranceLatticeFaster():decoder-wrappers.cc:375) Log-like per frame for utterance swetha_y04 is -7.6918 over 208 frames.
swetha_y05 ONE THREE FIVE SIX ZERO EIGHT NINE TWO NINE 
LOG (gmm-latgen-faster[5.5.916~1-7f57e]:DecodeUtteranceLatticeFaster():decoder-wrappers.cc:375) Log-like per frame for utterance swetha_y05 is -7.78466 over 189 frames.
swetha_y06 TWO THREE NINE FOUR TWO FOUR FIVE THREE ONE SIX EIGHT 
LOG (gmm-latgen-faster[5.5.916~1-7f57e]:DecodeUtteranceLatticeFaster():decoder-wrappers.cc:375) Log-like per frame for utterance swetha_y06 is -7.46025 over 362 frames.
swetha_y07 FIVE THREE TWO FOUR FIVE THREE ZERO SIX NINE EIGHT SEVEN 
LOG (gmm-latgen-faster[5.5.916~1-7f57e]:DecodeUtteranceLatticeFaster():decoder-wrappers.cc:375) Log-like per frame for utterance swetha_y07 is -7.80233 over 247 frames.
swetha_y08 TWO THREE FIVE FOUR EIGHT SEVEN NINE SIX ONE ZERO 
LOG (gmm-latgen-faster[5.5.916~1-7f57e]:DecodeUtteranceLatticeFaster():decoder-wrappers.cc:375) Log-like per frame for utterance swetha_y08 is -7.77524 over 246 frames.
swetha_y09 NINE SEVEN SIX FIVE FOUR THREE TWO ONE ZERO SEVEN ONE 
LOG (gmm-latgen-faster[5.5.916~1-7f57e]:DecodeUtteranceLatticeFaster():decoder-wrappers.cc:375) Log-like per frame for utterance swetha_y09 is -7.889 over 258 frames.
swetha_y10 THREE FOUR EIGHT SEVEN SIX FOUR THREE FIVE NINE 
LOG (gmm-latgen-faster[5.5.916~1-7f57e]:DecodeUtteranceLatticeFaster():decoder-wrappers.cc:375) Log-like per frame for utterance swetha_y10 is -7.8568 over 251 frames.
vvraju_z01 ZERO TWO THREE FOUR FIVE SIX SEVEN EIGHT NINE 
LOG (gmm-latgen-faster[5.5.916~1-7f57e]:DecodeUtteranceLatticeFaster():decoder-wrappers.cc:375) Log-like per frame for utterance vvraju_z01 is -8.42134 over 476 frames.
vvraju_z02 ONE THREE FOUR FIVE SEVEN NINE ZERO SIX EIGHT TWO 
LOG (gmm-latgen-faster[5.5.916~1-7f57e]:DecodeUtteranceLatticeFaster():decoder-wrappers.cc:375) Log-like per frame for utterance vvraju_z02 is -8.20734 over 385 frames.
vvraju_z03 ZERO TWO FOUR SIX EIGHT FIVE NINE SEVEN ONE 
LOG (gmm-latgen-faster[5.5.916~1-7f57e]:DecodeUtteranceLatticeFaster():decoder-wrappers.cc:375) Log-like per frame for utterance vvraju_z03 is -8.40678 over 374 frames.
vvraju_z04 ONE FOUR FIVE NINE TWO FOUR SIX ZERO SEVEN 
LOG (gmm-latgen-faster[5.5.916~1-7f57e]:DecodeUtteranceLatticeFaster():decoder-wrappers.cc:375) Log-like per frame for utterance vvraju_z04 is -8.18858 over 340 frames.
LOG (apply-cmvn[5.5.916~1-7f57e]:main():apply-cmvn.cc:162) Applied cepstral mean normalization to 40 utterances, errors on 0
vvraju_z05 ONE THREE FIVE SIX ZERO EIGHT NINE TWO 
LOG (gmm-latgen-faster[5.5.916~1-7f57e]:DecodeUtteranceLatticeFaster():decoder-wrappers.cc:375) Log-like per frame for utterance vvraju_z05 is -8.19709 over 322 frames.
vvraju_z06 TWO THREE NINE TWO FOUR TWO FOUR FOUR FIVE ZERO SEVEN SIX EIGHT 
LOG (gmm-latgen-faster[5.5.916~1-7f57e]:DecodeUtteranceLatticeFaster():decoder-wrappers.cc:375) Log-like per frame for utterance vvraju_z06 is -8.41661 over 432 frames.
vvraju_z07 ONE THREE TWO FOUR FIVE THREE ZERO SIX NINE EIGHT SEVEN 
LOG (gmm-latgen-faster[5.5.916~1-7f57e]:DecodeUtteranceLatticeFaster():decoder-wrappers.cc:375) Log-like per frame for utterance vvraju_z07 is -8.28075 over 442 frames.
vvraju_z08 TWO THREE FIVE FOUR EIGHT SEVEN NINE SIX ONE ZERO 
LOG (gmm-latgen-faster[5.5.916~1-7f57e]:DecodeUtteranceLatticeFaster():decoder-wrappers.cc:375) Log-like per frame for utterance vvraju_z08 is -8.13002 over 400 frames.
vvraju_z09 NINE EIGHT SEVEN SIX FIVE FOUR THREE TWO ONE ZERO SEVEN EIGHT ONE 
LOG (gmm-latgen-faster[5.5.916~1-7f57e]:DecodeUtteranceLatticeFaster():decoder-wrappers.cc:375) Log-like per frame for utterance vvraju_z09 is -8.31143 over 458 frames.
vvraju_z10 THREE TWO FOUR ONE ZERO THREE SEVEN SIX FOUR THREE FIVE EIGHT NINE 
LOG (gmm-latgen-faster[5.5.916~1-7f57e]:DecodeUtteranceLatticeFaster():decoder-wrappers.cc:375) Log-like per frame for utterance vvraju_z10 is -8.36901 over 439 frames.
LOG (gmm-latgen-faster[5.5.916~1-7f57e]:main():gmm-latgen-faster.cc:176) Time taken 3.02553s: real-time factor assuming 100 frames/sec is 0.0208499
LOG (gmm-latgen-faster[5.5.916~1-7f57e]:main():gmm-latgen-faster.cc:179) Done 40 utterances, failed for 0
LOG (gmm-latgen-faster[5.5.916~1-7f57e]:main():gmm-latgen-faster.cc:181) Overall log-likelihood per frame is -7.96408 over 14511 frames.
# Accounting: time=3 threads=1
# Ended (code 0) at Sat May  8 21:51:44 IST 2021, elapsed time 3 seconds
