# lattice-depth-per-frame "ark:gunzip -c exp/tri1/decode/lat.1.gz|" "ark,t:|gzip -c > exp/tri1/decode/depth_tmp.1.gz" ark:- | lattice-best-path --acoustic-scale=0.1 ark:- ark:/dev/null "ark,t:|gzip -c >exp/tri1/decode/ali_tmp.1.gz" 
# Started at Sat May  8 21:51:44 IST 2021
#
lattice-depth-per-frame 'ark:gunzip -c exp/tri1/decode/lat.1.gz|' 'ark,t:|gzip -c > exp/tri1/decode/depth_tmp.1.gz' ark:- 
lattice-best-path --acoustic-scale=0.1 ark:- ark:/dev/null 'ark,t:|gzip -c >exp/tri1/decode/ali_tmp.1.gz' 
LOG (lattice-best-path[5.5.916~1-7f57e]:main():lattice-best-path.cc:99) For utterance sravya_w01, best cost 50.7511 + 2710.83 = 2761.58 over 290 frames.
LOG (lattice-best-path[5.5.916~1-7f57e]:main():lattice-best-path.cc:99) For utterance sravya_w02, best cost 46.4935 + 2530.9 = 2577.39 over 267 frames.
LOG (lattice-best-path[5.5.916~1-7f57e]:main():lattice-best-path.cc:99) For utterance sravya_w03, best cost 50.2732 + 2627.77 = 2678.05 over 276 frames.
LOG (lattice-best-path[5.5.916~1-7f57e]:main():lattice-best-path.cc:99) For utterance sravya_w04, best cost 43.1264 + 2537.65 = 2580.77 over 265 frames.
LOG (lattice-best-path[5.5.916~1-7f57e]:main():lattice-best-path.cc:99) For utterance sravya_w05, best cost 50.508 + 2545.39 = 2595.9 over 266 frames.
LOG (lattice-best-path[5.5.916~1-7f57e]:main():lattice-best-path.cc:99) For utterance sravya_w06, best cost 63.0733 + 3244.68 = 3307.76 over 335 frames.
LOG (lattice-best-path[5.5.916~1-7f57e]:main():lattice-best-path.cc:99) For utterance sravya_w07, best cost 64.7496 + 3645.94 = 3710.69 over 390 frames.
LOG (lattice-best-path[5.5.916~1-7f57e]:main():lattice-best-path.cc:99) For utterance sravya_w08, best cost 50.5594 + 3263.41 = 3313.97 over 341 frames.
LOG (lattice-best-path[5.5.916~1-7f57e]:main():lattice-best-path.cc:99) For utterance sravya_w09, best cost 63.1149 + 3995.44 = 4058.55 over 424 frames.
LOG (lattice-best-path[5.5.916~1-7f57e]:main():lattice-best-path.cc:99) For utterance sravya_w10, best cost 77.7703 + 4596.38 = 4674.15 over 499 frames.
LOG (lattice-best-path[5.5.916~1-7f57e]:main():lattice-best-path.cc:99) For utterance sudharshan_x01, best cost 71.0782 + 4303.04 = 4374.12 over 461 frames.
LOG (lattice-best-path[5.5.916~1-7f57e]:main():lattice-best-path.cc:99) For utterance sudharshan_x02, best cost 54.0174 + 3461.76 = 3515.78 over 370 frames.
LOG (lattice-best-path[5.5.916~1-7f57e]:main():lattice-best-path.cc:99) For utterance sudharshan_x03, best cost 61.0529 + 3971.04 = 4032.09 over 435 frames.
LOG (lattice-best-path[5.5.916~1-7f57e]:main():lattice-best-path.cc:99) For utterance sudharshan_x04, best cost 49.9032 + 3450.8 = 3500.71 over 383 frames.
LOG (lattice-best-path[5.5.916~1-7f57e]:main():lattice-best-path.cc:99) For utterance sudharshan_x05, best cost 53.2487 + 3660.6 = 3713.85 over 409 frames.
LOG (lattice-best-path[5.5.916~1-7f57e]:main():lattice-best-path.cc:99) For utterance sudharshan_x06, best cost 68.1708 + 5064.28 = 5132.46 over 562 frames.
LOG (lattice-best-path[5.5.916~1-7f57e]:main():lattice-best-path.cc:99) For utterance sudharshan_x07, best cost 68.0773 + 4638.51 = 4706.59 over 519 frames.
LOG (lattice-best-path[5.5.916~1-7f57e]:main():lattice-best-path.cc:99) For utterance sudharshan_x08, best cost 69.0398 + 4337.39 = 4406.43 over 477 frames.
LOG (lattice-best-path[5.5.916~1-7f57e]:main():lattice-best-path.cc:99) For utterance sudharshan_x09, best cost 74.7044 + 4674.4 = 4749.1 over 500 frames.
LOG (lattice-best-path[5.5.916~1-7f57e]:main():lattice-best-path.cc:99) For utterance sudharshan_x10, best cost 82.4001 + 4817.72 = 4900.12 over 536 frames.
LOG (lattice-best-path[5.5.916~1-7f57e]:main():lattice-best-path.cc:99) For utterance swetha_y01, best cost 44.7018 + 2107.01 = 2151.71 over 230 frames.
LOG (lattice-best-path[5.5.916~1-7f57e]:main():lattice-best-path.cc:99) For utterance swetha_y02, best cost 48.8104 + 1978.21 = 2027.02 over 220 frames.
LOG (lattice-best-path[5.5.916~1-7f57e]:main():lattice-best-path.cc:99) For utterance swetha_y03, best cost 44.1185 + 2037.92 = 2082.04 over 227 frames.
LOG (lattice-best-path[5.5.916~1-7f57e]:main():lattice-best-path.cc:99) For utterance swetha_y04, best cost 40.677 + 1871.07 = 1911.75 over 208 frames.
LOG (lattice-best-path[5.5.916~1-7f57e]:main():lattice-best-path.cc:99) For utterance swetha_y05, best cost 43.7821 + 1713.03 = 1756.81 over 189 frames.
LOG (lattice-best-path[5.5.916~1-7f57e]:main():lattice-best-path.cc:99) For utterance swetha_y06, best cost 57.992 + 3171.15 = 3229.15 over 362 frames.
LOG (lattice-best-path[5.5.916~1-7f57e]:main():lattice-best-path.cc:99) For utterance swetha_y07, best cost 52.3614 + 2249.79 = 2302.15 over 247 frames.
LOG (lattice-best-path[5.5.916~1-7f57e]:main():lattice-best-path.cc:99) For utterance swetha_y08, best cost 49.9745 + 2235.29 = 2285.27 over 246 frames.
LOG (lattice-best-path[5.5.916~1-7f57e]:main():lattice-best-path.cc:99) For utterance swetha_y09, best cost 55.9536 + 2375.3 = 2431.25 over 258 frames.
LOG (lattice-best-path[5.5.916~1-7f57e]:main():lattice-best-path.cc:99) For utterance swetha_y10, best cost 50.0373 + 2306.99 = 2357.02 over 251 frames.
LOG (lattice-best-path[5.5.916~1-7f57e]:main():lattice-best-path.cc:99) For utterance vvraju_z01, best cost 67.4639 + 4729.33 = 4796.79 over 476 frames.
LOG (lattice-best-path[5.5.916~1-7f57e]:main():lattice-best-path.cc:99) For utterance vvraju_z02, best cost 63.9095 + 3715.11 = 3779.02 over 385 frames.
LOG (lattice-depth-per-frame[5.5.916~1-7f57e]:main():lattice-depth-per-frame.cc:82) Done 40 lattices.
LOG (lattice-best-path[5.5.916~1-7f57e]:main():lattice-best-path.cc:99) For utterance vvraju_z03, best cost 59.119 + 3702.03 = 3761.15 over 374 frames.
LOG (lattice-best-path[5.5.916~1-7f57e]:main():lattice-best-path.cc:99) For utterance vvraju_z04, best cost 56.5037 + 3273.15 = 3329.65 over 340 frames.
LOG (lattice-best-path[5.5.916~1-7f57e]:main():lattice-best-path.cc:99) For utterance vvraju_z05, best cost 50.1469 + 3107.19 = 3157.34 over 322 frames.
LOG (lattice-best-path[5.5.916~1-7f57e]:main():lattice-best-path.cc:99) For utterance vvraju_z06, best cost 78.2342 + 4269.3 = 4347.54 over 432 frames.
LOG (lattice-best-path[5.5.916~1-7f57e]:main():lattice-best-path.cc:99) For utterance vvraju_z07, best cost 86.5118 + 4288.33 = 4374.84 over 442 frames.
LOG (lattice-best-path[5.5.916~1-7f57e]:main():lattice-best-path.cc:99) For utterance vvraju_z08, best cost 58.6175 + 3832.08 = 3890.7 over 400 frames.
LOG (lattice-best-path[5.5.916~1-7f57e]:main():lattice-best-path.cc:99) For utterance vvraju_z09, best cost 79.0762 + 4473.09 = 4552.16 over 458 frames.
LOG (lattice-best-path[5.5.916~1-7f57e]:main():lattice-best-path.cc:99) For utterance vvraju_z10, best cost 79.7374 + 4313.13 = 4392.87 over 439 frames.
LOG (lattice-best-path[5.5.916~1-7f57e]:main():lattice-best-path.cc:124) Overall cost per frame is 9.52424 = 0.164003 [graph] + 9.36024 [acoustic] over 14511 frames.
LOG (lattice-best-path[5.5.916~1-7f57e]:main():lattice-best-path.cc:128) Done 40 lattices, failed for 0
# Accounting: time=0 threads=1
# Ended (code 0) at Sat May  8 21:51:44 IST 2021, elapsed time 0 seconds
