# gmm-init-model --write-occs=exp/tri1/1.occs exp/tri1/tree exp/tri1/treeacc data/lang/topo exp/tri1/1.mdl 
# Started at Sat May  8 21:46:17 IST 2021
#
gmm-init-model --write-occs=exp/tri1/1.occs exp/tri1/tree exp/tri1/treeacc data/lang/topo exp/tri1/1.mdl 
LOG (gmm-init-model[5.5.916~1-7f57e]:main():gmm-init-model.cc:271) Number of separate statistics is 407
WARNING (gmm-init-model[5.5.916~1-7f57e]:InitAmGmm():gmm-init-model.cc:55) Tree has pdf-id 1 with no stats; corresponding phone list: 6 7 8 9 10 
WARNING (gmm-init-model[5.5.916~1-7f57e]:InitAmGmm():gmm-init-model.cc:55) Tree has pdf-id 8 with no stats; corresponding phone list: 35 36 37 38 
WARNING (gmm-init-model[5.5.916~1-7f57e]:InitAmGmm():gmm-init-model.cc:83) Very small count for state 51: 91; corresponding phone list: 71 72 73 74 
WARNING (gmm-init-model[5.5.916~1-7f57e]:InitAmGmm():gmm-init-model.cc:83) Very small count for state 57: 61; corresponding phone list: 67 68 69 70 
WARNING (gmm-init-model[5.5.916~1-7f57e]:InitAmGmm():gmm-init-model.cc:83) Very small count for state 62: 95; corresponding phone list: 31 32 33 34 
WARNING (gmm-init-model[5.5.916~1-7f57e]:InitAmGmm():gmm-init-model.cc:83) Very small count for state 81: 86; corresponding phone list: 31 32 33 34 
WARNING (gmm-init-model[5.5.916~1-7f57e]:InitAmGmm():gmm-init-model.cc:83) Very small count for state 84: 73; corresponding phone list: 31 32 33 34 
WARNING (gmm-init-model[5.5.916~1-7f57e]:InitAmGmm():gmm-init-model.cc:83) Very small count for state 95: 88; corresponding phone list: 79 80 81 82 
WARNING (gmm-init-model[5.5.916~1-7f57e]:InitAmGmm():gmm-init-model.cc:83) Very small count for state 97: 95; corresponding phone list: 27 28 29 30 
WARNING (gmm-init-model[5.5.916~1-7f57e]:InitAmGmm():gmm-init-model.cc:83) Very small count for state 104: 73; corresponding phone list: 31 32 33 34 
WARNING (gmm-init-model[5.5.916~1-7f57e]:InitAmGmm():gmm-init-model.cc:83) Very small count for state 109: 94; corresponding phone list: 75 76 77 78 
WARNING (gmm-init-model[5.5.916~1-7f57e]:InitAmGmm():gmm-init-model.cc:83) Very small count for state 131: 69; corresponding phone list: 31 32 33 34 
WARNING (gmm-init-model[5.5.916~1-7f57e]:InitAmGmm():gmm-init-model.cc:83) Very small count for state 132: 70; corresponding phone list: 83 84 85 86 
WARNING (gmm-init-model[5.5.916~1-7f57e]:InitAmGmm():gmm-init-model.cc:83) Very small count for state 134: 78; corresponding phone list: 31 32 33 34 
WARNING (gmm-init-model[5.5.916~1-7f57e]:InitAmGmm():gmm-init-model.cc:83) Very small count for state 135: 94; corresponding phone list: 31 32 33 34 
WARNING (gmm-init-model[5.5.916~1-7f57e]:InitAmGmm():gmm-init-model.cc:83) Very small count for state 136: 70; corresponding phone list: 71 72 73 74 
WARNING (gmm-init-model[5.5.916~1-7f57e]:InitAmGmm():gmm-init-model.cc:83) Very small count for state 142: 87; corresponding phone list: 83 84 85 86 
LOG (gmm-init-model[5.5.916~1-7f57e]:main():gmm-init-model.cc:306) Wrote model.
# Accounting: time=0 threads=1
# Ended (code 0) at Sat May  8 21:46:17 IST 2021, elapsed time 0 seconds
