# gmm-est --mix-up=55000 --power=0.25 --write-occs=exp/tri1/35.occs exp/tri1/34.mdl "gmm-sum-accs - exp/tri1/34.*.acc |" exp/tri1/35.mdl 
# Started at Sat May  8 21:47:16 IST 2021
#
gmm-est --mix-up=55000 --power=0.25 --write-occs=exp/tri1/35.occs exp/tri1/34.mdl 'gmm-sum-accs - exp/tri1/34.*.acc |' exp/tri1/35.mdl 
gmm-sum-accs - exp/tri1/34.1.acc 
LOG (gmm-sum-accs[5.5.916~1-7f57e]:main():gmm-sum-accs.cc:63) Summed 1 stats, total count 71981, avg like/frame -72.615
LOG (gmm-sum-accs[5.5.916~1-7f57e]:main():gmm-sum-accs.cc:66) Total count of stats is 71981
LOG (gmm-sum-accs[5.5.916~1-7f57e]:main():gmm-sum-accs.cc:67) Written stats to -
LOG (gmm-est[5.5.916~1-7f57e]:MleUpdate():transition-model.cc:528) TransitionModel::Update, objf change is 0 per frame over 71981 frames. 
LOG (gmm-est[5.5.916~1-7f57e]:MleUpdate():transition-model.cc:531) 15 probabilities floored, 491 out of 646 transition-states skipped due to insuffient data (it is normal to have some skipped.)
LOG (gmm-est[5.5.916~1-7f57e]:main():gmm-est.cc:102) Transition model update: Overall 0 log-like improvement per frame over 71981 frames.
WARNING (gmm-est[5.5.916~1-7f57e]:MleDiagGmmUpdate():mle-diag-gmm.cc:365) Gaussian has too little data but not removing it because it is the last Gaussian: i = 0, occ = 0, weight = 1
WARNING (gmm-est[5.5.916~1-7f57e]:MleDiagGmmUpdate():mle-diag-gmm.cc:365) Gaussian has too little data but not removing it because it is the last Gaussian: i = 0, occ = 0, weight = 1
WARNING (gmm-est[5.5.916~1-7f57e]:MleDiagGmmUpdate():mle-diag-gmm.cc:359) Too little data - removing Gaussian (weight 0.008976, occupation count 9.909795, vector size 39)
WARNING (gmm-est[5.5.916~1-7f57e]:MleDiagGmmUpdate():mle-diag-gmm.cc:359) Too little data - removing Gaussian (weight 0.008391, occupation count 9.959963, vector size 39)
LOG (gmm-est[5.5.916~1-7f57e]:MleAmDiagGmmUpdate():mle-am-diag-gmm.cc:225) 13 variance elements floored in 13 Gaussians, out of 3548
LOG (gmm-est[5.5.916~1-7f57e]:MleAmDiagGmmUpdate():mle-am-diag-gmm.cc:229) Removed 2 Gaussians due to counts < --min-gaussian-occupancy=10 and --remove-low-count-gaussians=true
LOG (gmm-est[5.5.916~1-7f57e]:main():gmm-est.cc:113) GMM update: Overall 0.00454714 objective function improvement per frame over 71981 frames
LOG (gmm-est[5.5.916~1-7f57e]:main():gmm-est.cc:116) GMM update: Overall avg like per frame = -72.615 over 71981 frames.
WARNING (gmm-est[5.5.916~1-7f57e]:GetSplitTargets():model-common.cc:134) Could not split up to 55000 due to min-count = 20 (or no counts at all)

LOG (gmm-est[5.5.916~1-7f57e]:SplitByCount():am-diag-gmm.cc:116) Split 144 states with target = 55000, power = 0.25, perturb_factor = 0.01 and min_count = 20, split #Gauss from 3548 to 3550
LOG (gmm-est[5.5.916~1-7f57e]:main():gmm-est.cc:146) Written model to exp/tri1/35.mdl
# Accounting: time=0 threads=1
# Ended (code 0) at Sat May  8 21:47:16 IST 2021, elapsed time 0 seconds
