# gmm-est --mix-up=25712 --power=0.25 --write-occs=exp/tri1/13.occs exp/tri1/12.mdl "gmm-sum-accs - exp/tri1/12.*.acc |" exp/tri1/13.mdl 
# Started at Sat May  8 21:46:32 IST 2021
#
gmm-est --mix-up=25712 --power=0.25 --write-occs=exp/tri1/13.occs exp/tri1/12.mdl 'gmm-sum-accs - exp/tri1/12.*.acc |' exp/tri1/13.mdl 
gmm-sum-accs - exp/tri1/12.1.acc 
LOG (gmm-sum-accs[5.5.916~1-7f57e]:main():gmm-sum-accs.cc:63) Summed 1 stats, total count 71981, avg like/frame -73.1803
LOG (gmm-sum-accs[5.5.916~1-7f57e]:main():gmm-sum-accs.cc:66) Total count of stats is 71981
LOG (gmm-sum-accs[5.5.916~1-7f57e]:main():gmm-sum-accs.cc:67) Written stats to -
LOG (gmm-est[5.5.916~1-7f57e]:MleUpdate():transition-model.cc:528) TransitionModel::Update, objf change is 0 per frame over 71981 frames. 
LOG (gmm-est[5.5.916~1-7f57e]:MleUpdate():transition-model.cc:531) 15 probabilities floored, 491 out of 646 transition-states skipped due to insuffient data (it is normal to have some skipped.)
LOG (gmm-est[5.5.916~1-7f57e]:main():gmm-est.cc:102) Transition model update: Overall 0 log-like improvement per frame over 71981 frames.
WARNING (gmm-est[5.5.916~1-7f57e]:MleDiagGmmUpdate():mle-diag-gmm.cc:359) Too little data - removing Gaussian (weight 0.001622, occupation count 9.911771, vector size 39)
WARNING (gmm-est[5.5.916~1-7f57e]:MleDiagGmmUpdate():mle-diag-gmm.cc:365) Gaussian has too little data but not removing it because it is the last Gaussian: i = 0, occ = 0, weight = 1
WARNING (gmm-est[5.5.916~1-7f57e]:MleDiagGmmUpdate():mle-diag-gmm.cc:359) Too little data - removing Gaussian (weight 0.039445, occupation count 9.151149, vector size 39)
WARNING (gmm-est[5.5.916~1-7f57e]:MleDiagGmmUpdate():mle-diag-gmm.cc:365) Gaussian has too little data but not removing it because it is the last Gaussian: i = 0, occ = 0, weight = 1
WARNING (gmm-est[5.5.916~1-7f57e]:MleDiagGmmUpdate():mle-diag-gmm.cc:359) Too little data - removing Gaussian (weight 0.000665, occupation count 9.631013, vector size 39)
WARNING (gmm-est[5.5.916~1-7f57e]:MleDiagGmmUpdate():mle-diag-gmm.cc:359) Too little data - removing Gaussian (weight 0.004950, occupation count 10.000000, vector size 39)
WARNING (gmm-est[5.5.916~1-7f57e]:MleDiagGmmUpdate():mle-diag-gmm.cc:359) Too little data - removing Gaussian (weight 0.033327, occupation count 9.998180, vector size 39)
WARNING (gmm-est[5.5.916~1-7f57e]:MleDiagGmmUpdate():mle-diag-gmm.cc:359) Too little data - removing Gaussian (weight 0.049247, occupation count 9.997139, vector size 39)
WARNING (gmm-est[5.5.916~1-7f57e]:MleDiagGmmUpdate():mle-diag-gmm.cc:359) Too little data - removing Gaussian (weight 0.031949, occupation count 9.999999, vector size 39)
WARNING (gmm-est[5.5.916~1-7f57e]:MleDiagGmmUpdate():mle-diag-gmm.cc:359) Too little data - removing Gaussian (weight 0.015541, occupation count 9.759979, vector size 39)
LOG (gmm-est[5.5.916~1-7f57e]:MleAmDiagGmmUpdate():mle-am-diag-gmm.cc:225) 7 variance elements floored in 7 Gaussians, out of 3534
LOG (gmm-est[5.5.916~1-7f57e]:MleAmDiagGmmUpdate():mle-am-diag-gmm.cc:229) Removed 8 Gaussians due to counts < --min-gaussian-occupancy=10 and --remove-low-count-gaussians=true
LOG (gmm-est[5.5.916~1-7f57e]:main():gmm-est.cc:113) GMM update: Overall 0.0842027 objective function improvement per frame over 71981 frames
LOG (gmm-est[5.5.916~1-7f57e]:main():gmm-est.cc:116) GMM update: Overall avg like per frame = -73.1803 over 71981 frames.
WARNING (gmm-est[5.5.916~1-7f57e]:GetSplitTargets():model-common.cc:134) Could not split up to 25712 due to min-count = 20 (or no counts at all)

LOG (gmm-est[5.5.916~1-7f57e]:SplitByCount():am-diag-gmm.cc:116) Split 144 states with target = 25712, power = 0.25, perturb_factor = 0.01 and min_count = 20, split #Gauss from 3534 to 3542
LOG (gmm-est[5.5.916~1-7f57e]:main():gmm-est.cc:146) Written model to exp/tri1/13.mdl
# Accounting: time=0 threads=1
# Ended (code 0) at Sat May  8 21:46:32 IST 2021, elapsed time 0 seconds
