# compile-train-graphs --read-disambig-syms=data/lang/phones/disambig.int exp/mono/tree exp/mono/0.mdl data/lang/L.fst "ark:sym2int.pl --map-oov 1 -f 2- data/lang/words.txt < data/train/d_dev//split10/6/text|" "ark:|gzip -c >exp/mono/fsts.6.gz" 
# Started at Sat May  1 16:02:12 IST 2021
#
compile-train-graphs --read-disambig-syms=data/lang/phones/disambig.int exp/mono/tree exp/mono/0.mdl data/lang/L.fst 'ark:sym2int.pl --map-oov 1 -f 2- data/lang/words.txt < data/train/d_dev//split10/6/text|' 'ark:|gzip -c >exp/mono/fsts.6.gz' 
sym2int.pl: replacing zero with 1
sym2int.pl: replacing one with 1
sym2int.pl: replacing two with 1
sym2int.pl: replacing three with 1
sym2int.pl: replacing four with 1
sym2int.pl: replacing five with 1
sym2int.pl: replacing six with 1
sym2int.pl: replacing seven with 1
sym2int.pl: replacing eight with 1
sym2int.pl: replacing nine with 1
sym2int.pl: replacing one with 1
sym2int.pl: replacing three with 1
sym2int.pl: replacing five with 1
sym2int.pl: replacing seven with 1
sym2int.pl: replacing nine with 1
sym2int.pl: replacing zero with 1
sym2int.pl: replacing six with 1
sym2int.pl: replacing eight with 1
sym2int.pl: replacing two with 1
sym2int.pl: replacing zero with 1
sym2int.pl: not warning for OOVs any more times
** Replaced 1000 instances of OOVs with 1
LOG (compile-train-graphs[5.5.916~1-7f57e]:main():compile-train-graphs.cc:147) compile-train-graphs: succeeded for 100 graphs, failed for 0
# Accounting: time=1 threads=1
# Ended (code 0) at Sat May  1 16:02:13 IST 2021, elapsed time 1 seconds
