# lattice-scale --inv-acoustic-scale=14 "ark:gunzip -c exp/tri2b/decode/lat.*.gz|" ark:- | lattice-add-penalty --word-ins-penalty=0.0 ark:- ark:- | lattice-best-path --word-symbol-table=exp/tri2b/graph/words.txt ark:- ark,t:- | utils/int2sym.pl -f 2- exp/tri2b/graph/words.txt | local/wer_hyp_filter > exp/tri2b/decode/scoring_kaldi/penalty_0.0/14.txt 
# Started at Sat May  8 21:56:56 IST 2021
#
lattice-scale --inv-acoustic-scale=14 'ark:gunzip -c exp/tri2b/decode/lat.*.gz|' ark:- 
lattice-add-penalty --word-ins-penalty=0.0 ark:- ark:- 
lattice-best-path --word-symbol-table=exp/tri2b/graph/words.txt ark:- ark,t:- 
LOG (lattice-best-path[5.5.916~1-7f57e]:main():lattice-best-path.cc:99) For utterance sravya_w01, best cost 50.2668 + 1284.6 = 1334.87 over 290 frames.
sravya_w01 ZERO ONE TWO TWO FOUR FIVE SIX SEVEN EIGHT NINE 
LOG (lattice-best-path[5.5.916~1-7f57e]:main():lattice-best-path.cc:99) For utterance sravya_w02, best cost 45.5554 + 1211.06 = 1256.62 over 267 frames.
sravya_w02 TWO THREE FIVE SEVEN NINE ZERO SIX EIGHT TWO 
LOG (lattice-best-path[5.5.916~1-7f57e]:main():lattice-best-path.cc:99) For utterance sravya_w03, best cost 48.0153 + 1267.66 = 1315.67 over 276 frames.
sravya_w03 ZERO TWO FOUR SIX ZERO FIVE NINE SEVEN ONE 
LOG (lattice-best-path[5.5.916~1-7f57e]:main():lattice-best-path.cc:99) For utterance sravya_w04, best cost 42.0532 + 1221.44 = 1263.5 over 265 frames.
sravya_w04 ONE FIVE NINE TWO FOUR FOUR ZERO SEVEN 
LOG (lattice-best-path[5.5.916~1-7f57e]:main():lattice-best-path.cc:99) For utterance sravya_w05, best cost 46.1664 + 1229.24 = 1275.41 over 266 frames.
sravya_w05 ONE THREE FIVE SIX ZERO EIGHT NINE TWO EIGHT 
LOG (lattice-best-path[5.5.916~1-7f57e]:main():lattice-best-path.cc:99) For utterance sravya_w06, best cost 55.8915 + 1605.83 = 1661.72 over 335 frames.
sravya_w06 TWO THREE NINE FOUR TWO FOUR FIVE ZERO SEVEN SIX EIGHT 
LOG (lattice-best-path[5.5.916~1-7f57e]:main():lattice-best-path.cc:99) For utterance sravya_w07, best cost 58.2098 + 1784.4 = 1842.61 over 390 frames.
sravya_w07 ONE THREE TWO FOUR FIVE THREE ZERO SIX NINE EIGHT SEVEN 
LOG (lattice-best-path[5.5.916~1-7f57e]:main():lattice-best-path.cc:99) For utterance sravya_w08, best cost 53.128 + 1555.09 = 1608.22 over 341 frames.
sravya_w08 TWO THREE FIVE FOUR EIGHT SEVEN NINE SIX ONE ZERO 
LOG (lattice-best-path[5.5.916~1-7f57e]:main():lattice-best-path.cc:99) For utterance sravya_w09, best cost 62.9482 + 1918.29 = 1981.24 over 424 frames.
sravya_w09 ONE EIGHT SEVEN SIX FIVE FOUR THREE TWO ONE ZERO SEVEN ONE 
LOG (lattice-best-path[5.5.916~1-7f57e]:main():lattice-best-path.cc:99) For utterance sravya_w10, best cost 70.2048 + 2191.01 = 2261.22 over 499 frames.
sravya_w10 THREE FOUR EIGHT ONE ZERO EIGHT SEVEN SIX FOUR THREE FIVE EIGHT NINE 
LOG (lattice-best-path[5.5.916~1-7f57e]:main():lattice-best-path.cc:99) For utterance sudharshan_x01, best cost 67.457 + 2104.32 = 2171.78 over 461 frames.
sudharshan_x01 ZERO ONE TWO THREE FOUR FIVE SIX SEVEN NINE 
LOG (lattice-best-path[5.5.916~1-7f57e]:main():lattice-best-path.cc:99) For utterance sudharshan_x02, best cost 52.9832 + 1669.28 = 1722.27 over 370 frames.
sudharshan_x02 ONE THREE FIVE SEVEN NINE ZERO SIX SIX TWO 
LOG (lattice-best-path[5.5.916~1-7f57e]:main():lattice-best-path.cc:99) For utterance sudharshan_x03, best cost 54.181 + 1911.51 = 1965.69 over 435 frames.
sudharshan_x03 ZERO TWO FOUR SIX FIVE NINE SEVEN ONE 
LOG (lattice-best-path[5.5.916~1-7f57e]:main():lattice-best-path.cc:99) For utterance sudharshan_x04, best cost 50.0403 + 1615.86 = 1665.9 over 383 frames.
sudharshan_x04 ONE FIVE NINE TWO FOUR SIX ZERO SEVEN 
LOG (lattice-best-path[5.5.916~1-7f57e]:main():lattice-best-path.cc:99) For utterance sudharshan_x05, best cost 49.6129 + 1741.97 = 1791.59 over 409 frames.
sudharshan_x05 ONE THREE FIVE SIX ZERO EIGHT NINE TWO 
LOG (lattice-best-path[5.5.916~1-7f57e]:main():lattice-best-path.cc:99) For utterance sudharshan_x06, best cost 68.1136 + 2367.06 = 2435.18 over 562 frames.
sudharshan_x06 TWO THREE NINE FOUR TWO FOUR FIVE ZERO SIX SIX 
LOG (lattice-best-path[5.5.916~1-7f57e]:main():lattice-best-path.cc:99) For utterance sudharshan_x07, best cost 73.3516 + 2200.59 = 2273.94 over 519 frames.
sudharshan_x07 ONE THREE TWO FOUR FIVE THREE ZERO SIX NINE EIGHT SEVEN 
LOG (lattice-best-path[5.5.916~1-7f57e]:main():lattice-best-path.cc:99) For utterance sudharshan_x08, best cost 60.7147 + 2100.66 = 2161.37 over 477 frames.
sudharshan_x08 TWO THREE FIVE FOUR EIGHT SEVEN NINE SIX ONE ZERO 
LOG (lattice-best-path[5.5.916~1-7f57e]:main():lattice-best-path.cc:99) For utterance sudharshan_x09, best cost 74.12 + 2293.33 = 2367.45 over 500 frames.
sudharshan_x09 NINE SEVEN SIX FIVE FOUR THREE TWO ONE ZERO SEVEN ONE 
LOG (lattice-best-path[5.5.916~1-7f57e]:main():lattice-best-path.cc:99) For utterance sudharshan_x10, best cost 77.5544 + 2257.37 = 2334.93 over 536 frames.
sudharshan_x10 THREE FOUR ONE ZERO EIGHT SEVEN SIX FOUR THREE FIVE EIGHT NINE 
LOG (lattice-best-path[5.5.916~1-7f57e]:main():lattice-best-path.cc:99) For utterance swetha_y01, best cost 45.032 + 993.251 = 1038.28 over 230 frames.
swetha_y01 ZERO ONE THREE FOUR FIVE SIX SEVEN EIGHT NINE 
LOG (lattice-best-path[5.5.916~1-7f57e]:main():lattice-best-path.cc:99) For utterance swetha_y02, best cost 44.3177 + 920.654 = 964.972 over 220 frames.
swetha_y02 ONE THREE FIVE SEVEN NINE ZERO SIX EIGHT TWO 
LOG (lattice-scale[5.5.916~1-7f57e]:main():lattice-scale.cc:107) Done 40 lattices.
LOG (lattice-best-path[5.5.916~1-7f57e]:main():lattice-best-path.cc:99) For utterance swetha_y03, best cost 36.327 + 960.567 = 996.894 over 227 frames.
swetha_y03 ZERO TWO FOUR SIX EIGHT NINE SEVEN 
LOG (lattice-best-path[5.5.916~1-7f57e]:main():lattice-best-path.cc:99) For utterance swetha_y04, best cost 36.3916 + 885.822 = 922.214 over 208 frames.
swetha_y04 FIVE NINE TWO FOUR SIX ZERO SEVEN 
LOG (lattice-best-path[5.5.916~1-7f57e]:main():lattice-best-path.cc:99) For utterance swetha_y05, best cost 38.9266 + 815.816 = 854.742 over 189 frames.
swetha_y05 ONE THREE FIVE SIX ZERO EIGHT EIGHT TWO 
LOG (lattice-best-path[5.5.916~1-7f57e]:main():lattice-best-path.cc:99) For utterance swetha_y06, best cost 58.4028 + 1461.82 = 1520.23 over 362 frames.
swetha_y06 TWO THREE NINE FOUR TWO FOUR FIVE ZERO ONE SIX EIGHT 
LOG (lattice-best-path[5.5.916~1-7f57e]:main():lattice-best-path.cc:99) For utterance swetha_y07, best cost 54.3537 + 1040.5 = 1094.85 over 247 frames.
swetha_y07 FIVE THREE TWO FOUR FIVE THREE ZERO SIX NINE EIGHT SEVEN 
LOG (lattice-best-path[5.5.916~1-7f57e]:main():lattice-best-path.cc:99) For utterance swetha_y08, best cost 50.7943 + 1039.68 = 1090.48 over 246 frames.
swetha_y08 TWO THREE FIVE FOUR EIGHT SEVEN NINE SIX ONE SEVEN 
LOG (lattice-best-path[5.5.916~1-7f57e]:main():lattice-best-path.cc:99) For utterance swetha_y09, best cost 57.7074 + 1130.53 = 1188.24 over 258 frames.
swetha_y09 NINE EIGHT SEVEN SIX FIVE FOUR THREE TWO ONE ZERO SEVEN ONE 
LOG (lattice-best-path[5.5.916~1-7f57e]:main():lattice-best-path.cc:99) For utterance swetha_y10, best cost 50.1499 + 1080.34 = 1130.49 over 251 frames.
swetha_y10 THREE FOUR ONE EIGHT SEVEN SIX FOUR THREE NINE EIGHT 
LOG (lattice-add-penalty[5.5.916~1-7f57e]:main():lattice-add-penalty.cc:62) Done adding word insertion penalty to 40 lattices.
LOG (lattice-best-path[5.5.916~1-7f57e]:main():lattice-best-path.cc:99) For utterance vvraju_z01, best cost 75.3231 + 2429.35 = 2504.67 over 476 frames.
vvraju_z01 ZERO TWO THREE FOUR FOUR FIVE SIX SEVEN EIGHT NINE 
LOG (lattice-best-path[5.5.916~1-7f57e]:main():lattice-best-path.cc:99) For utterance vvraju_z02, best cost 58.2334 + 1897.42 = 1955.65 over 385 frames.
vvraju_z02 ONE THREE FOUR FIVE SEVEN NINE ZERO SIX EIGHT TWO 
LOG (lattice-best-path[5.5.916~1-7f57e]:main():lattice-best-path.cc:99) For utterance vvraju_z03, best cost 60.4826 + 1942.82 = 2003.31 over 374 frames.
vvraju_z03 ZERO TWO FOUR SIX EIGHT FIVE NINE SEVEN ONE 
LOG (lattice-best-path[5.5.916~1-7f57e]:main():lattice-best-path.cc:99) For utterance vvraju_z04, best cost 55.3148 + 1710.23 = 1765.55 over 340 frames.
vvraju_z04 ONE FIVE NINE TWO FOUR SIX ZERO SEVEN 
LOG (lattice-best-path[5.5.916~1-7f57e]:main():lattice-best-path.cc:99) For utterance vvraju_z05, best cost 55.2784 + 1615.98 = 1671.26 over 322 frames.
vvraju_z05 ONE THREE FIVE SIX ZERO EIGHT NINE TWO 
LOG (lattice-best-path[5.5.916~1-7f57e]:main():lattice-best-path.cc:99) For utterance vvraju_z06, best cost 75.7465 + 2211.42 = 2287.16 over 432 frames.
vvraju_z06 TWO THREE NINE FOUR TWO FOUR FOUR FIVE ZERO SEVEN SIX THREE EIGHT 
LOG (lattice-best-path[5.5.916~1-7f57e]:main():lattice-best-path.cc:99) For utterance vvraju_z07, best cost 71.2991 + 2239.76 = 2311.05 over 442 frames.
vvraju_z07 ONE THREE TWO FOUR FOUR FIVE THREE SIX TWO SIX NINE EIGHT SEVEN 
LOG (lattice-best-path[5.5.916~1-7f57e]:main():lattice-best-path.cc:99) For utterance vvraju_z08, best cost 67.1489 + 1929.72 = 1996.87 over 400 frames.
vvraju_z08 TWO THREE TWO FIVE FOUR EIGHT SEVEN NINE SIX ONE ZERO 
LOG (lattice-best-path[5.5.916~1-7f57e]:main():lattice-best-path.cc:99) For utterance vvraju_z09, best cost 79.9919 + 2316.08 = 2396.07 over 458 frames.
vvraju_z09 NINE EIGHT SEVEN SIX FIVE FOUR THREE TWO ONE ZERO SEVEN EIGHT ONE 
LOG (lattice-best-path[5.5.916~1-7f57e]:main():lattice-best-path.cc:99) For utterance vvraju_z10, best cost 72.3749 + 2257.49 = 2329.86 over 439 frames.
vvraju_z10 THREE FOUR FOUR ONE ZERO THREE SEVEN SIX FOUR THREE FIVE EIGHT NINE 
LOG (lattice-best-path[5.5.916~1-7f57e]:main():lattice-best-path.cc:124) Overall cost per frame is 4.7353 = 0.158787 [graph] + 4.57652 [acoustic] over 14511 frames.
LOG (lattice-best-path[5.5.916~1-7f57e]:main():lattice-best-path.cc:128) Done 40 lattices, failed for 0
# Accounting: time=0 threads=1
# Ended (code 0) at Sat May  8 21:56:56 IST 2021, elapsed time 0 seconds
