# ali-to-post "ark:gunzip -c exp/tri3_ali/ali.1.gz|" ark:- | weight-silence-post 0.0 1:2:3:4:5:6:7:8:9:10 exp/tri3_ali/final.mdl ark:- ark:- | acc-lda --rand-prune=4.0 exp/tri3_ali/final.mdl "ark,s,cs:utils/subset_scp.pl --quiet 10000 data/train/split1/1/feats.scp | apply-cmvn  --utt2spk=ark:data/train/split1/1/utt2spk scp:data/train/split1/1/cmvn.scp scp:- ark:- | splice-feats  ark:- ark:- | transform-feats exp/DNN_tri3_aligned_layer_nodes256/final.mat ark:- ark:- | transform-feats --utt2spk=ark:data/train/split1/1/utt2spk ark:exp/tri3_ali/trans.1 ark:- ark:- | splice-feats --left-context=4 --right-context=4 ark:- ark:- |" ark,s,cs:- exp/DNN_tri3_aligned_layer_nodes256/lda.1.acc 
# Started at Sat May  8 19:48:26 IST 2021
#
ali-to-post 'ark:gunzip -c exp/tri3_ali/ali.1.gz|' ark:- 
weight-silence-post 0.0 1:2:3:4:5:6:7:8:9:10 exp/tri3_ali/final.mdl ark:- ark:- 
acc-lda --rand-prune=4.0 exp/tri3_ali/final.mdl 'ark,s,cs:utils/subset_scp.pl --quiet 10000 data/train/split1/1/feats.scp | apply-cmvn  --utt2spk=ark:data/train/split1/1/utt2spk scp:data/train/split1/1/cmvn.scp scp:- ark:- | splice-feats  ark:- ark:- | transform-feats exp/DNN_tri3_aligned_layer_nodes256/final.mat ark:- ark:- | transform-feats --utt2spk=ark:data/train/split1/1/utt2spk ark:exp/tri3_ali/trans.1 ark:- ark:- | splice-feats --left-context=4 --right-context=4 ark:- ark:- |' ark,s,cs:- exp/DNN_tri3_aligned_layer_nodes256/lda.1.acc 
transform-feats --utt2spk=ark:data/train/split1/1/utt2spk ark:exp/tri3_ali/trans.1 ark:- ark:- 
transform-feats exp/DNN_tri3_aligned_layer_nodes256/final.mat ark:- ark:- 
splice-feats --left-context=4 --right-context=4 ark:- ark:- 
apply-cmvn --utt2spk=ark:data/train/split1/1/utt2spk scp:data/train/split1/1/cmvn.scp scp:- ark:- 
splice-feats ark:- ark:- 
LOG (ali-to-post[5.5.916~1-7f57e]:main():ali-to-post.cc:73) Converted 100 alignments.
LOG (weight-silence-post[5.5.916~1-7f57e]:main():weight-silence-post.cc:95) Done 100 posteriors.
LOG (apply-cmvn[5.5.916~1-7f57e]:main():apply-cmvn.cc:162) Applied cepstral mean normalization to 100 utterances, errors on 0
LOG (transform-feats[5.5.916~1-7f57e]:main():transform-feats.cc:158) Overall average [pseudo-]logdet is -70.1834 over 71981 frames.
LOG (transform-feats[5.5.916~1-7f57e]:main():transform-feats.cc:161) Applied transform to 100 utterances; 0 had errors.
LOG (transform-feats[5.5.916~1-7f57e]:main():transform-feats.cc:158) Overall average logdet is 4.68794 over 71981 frames.
LOG (transform-feats[5.5.916~1-7f57e]:main():transform-feats.cc:161) Applied transform to 100 utterances; 0 had errors.
LOG (acc-lda[5.5.916~1-7f57e]:main():acc-lda.cc:114) Done 100 utterances.
LOG (acc-lda[5.5.916~1-7f57e]:main():acc-lda.cc:117) Done 100 files, failed for 0
LOG (acc-lda[5.5.916~1-7f57e]:main():acc-lda.cc:122) Written statistics.
# Accounting: time=1 threads=1
# Ended (code 0) at Sat May  8 19:48:27 IST 2021, elapsed time 1 seconds
