# gmm-align-compiled --transition-scale=1.0 --acoustic-scale=0.1 --self-loop-scale=0.1 --beam=10 --retry-beam=40 --careful=false "gmm-boost-silence --boost=1.0 1 exp/mono/7.mdl - |" "ark:gunzip -c exp/mono/fsts.8.gz|" "ark,s,cs:apply-cmvn  --utt2spk=ark:data/train/d_dev//split10/8/utt2spk scp:data/train/d_dev//split10/8/cmvn.scp scp:data/train/d_dev//split10/8/feats.scp ark:- | add-deltas  ark:- ark:- |" "ark,t:|gzip -c >exp/mono/ali.8.gz" 
# Started at Tue May  4 13:51:52 IST 2021
#
gmm-align-compiled --transition-scale=1.0 --acoustic-scale=0.1 --self-loop-scale=0.1 --beam=10 --retry-beam=40 --careful=false 'gmm-boost-silence --boost=1.0 1 exp/mono/7.mdl - |' 'ark:gunzip -c exp/mono/fsts.8.gz|' 'ark,s,cs:apply-cmvn  --utt2spk=ark:data/train/d_dev//split10/8/utt2spk scp:data/train/d_dev//split10/8/cmvn.scp scp:data/train/d_dev//split10/8/feats.scp ark:- | add-deltas  ark:- ark:- |' 'ark,t:|gzip -c >exp/mono/ali.8.gz' 
gmm-boost-silence --boost=1.0 1 exp/mono/7.mdl - 
WARNING (gmm-boost-silence[5.5.916~1-7f57e]:main():gmm-boost-silence.cc:82) The pdfs for the silence phones may be shared by other phones (note: this probably does not matter.)
LOG (gmm-boost-silence[5.5.916~1-7f57e]:main():gmm-boost-silence.cc:93) Boosted weights for 5 pdfs, by factor of 1
LOG (gmm-boost-silence[5.5.916~1-7f57e]:main():gmm-boost-silence.cc:103) Wrote model to -
apply-cmvn --utt2spk=ark:data/train/d_dev//split10/8/utt2spk scp:data/train/d_dev//split10/8/cmvn.scp scp:data/train/d_dev//split10/8/feats.scp ark:- 
add-deltas ark:- ark:- 
LOG (gmm-align-compiled[5.5.916~1-7f57e]:main():gmm-align-compiled.cc:127) samyukta_s01
LOG (gmm-align-compiled[5.5.916~1-7f57e]:main():gmm-align-compiled.cc:127) samyukta_s02
LOG (gmm-align-compiled[5.5.916~1-7f57e]:main():gmm-align-compiled.cc:127) samyukta_s03
LOG (apply-cmvn[5.5.916~1-7f57e]:main():apply-cmvn.cc:162) Applied cepstral mean normalization to 10 utterances, errors on 0
LOG (gmm-align-compiled[5.5.916~1-7f57e]:main():gmm-align-compiled.cc:127) samyukta_s04
LOG (gmm-align-compiled[5.5.916~1-7f57e]:main():gmm-align-compiled.cc:127) samyukta_s05
LOG (gmm-align-compiled[5.5.916~1-7f57e]:main():gmm-align-compiled.cc:127) samyukta_s06
LOG (gmm-align-compiled[5.5.916~1-7f57e]:main():gmm-align-compiled.cc:127) samyukta_s07
LOG (gmm-align-compiled[5.5.916~1-7f57e]:main():gmm-align-compiled.cc:127) samyukta_s08
LOG (gmm-align-compiled[5.5.916~1-7f57e]:main():gmm-align-compiled.cc:127) samyukta_s09
WARNING (gmm-align-compiled[5.5.916~1-7f57e]:AlignUtteranceWrapper():decoder-wrappers.cc:617) Retrying utterance samyukta_s09 with beam 40
LOG (gmm-align-compiled[5.5.916~1-7f57e]:main():gmm-align-compiled.cc:127) samyukta_s10
LOG (gmm-align-compiled[5.5.916~1-7f57e]:main():gmm-align-compiled.cc:135) Overall log-likelihood per frame is -100.151 over 2902 frames.
LOG (gmm-align-compiled[5.5.916~1-7f57e]:main():gmm-align-compiled.cc:137) Retried 1 out of 10 utterances.
LOG (gmm-align-compiled[5.5.916~1-7f57e]:main():gmm-align-compiled.cc:139) Done 10, errors on 0
# Accounting: time=0 threads=1
# Ended (code 0) at Tue May  4 13:51:52 IST 2021, elapsed time 0 seconds
