# gmm-align-compiled --transition-scale=1.0 --acoustic-scale=0.1 --self-loop-scale=0.1 --beam=10 --retry-beam=40 --careful=false "gmm-boost-silence --boost=1.0 1 exp/mono/3.mdl - |" "ark:gunzip -c exp/mono/fsts.4.gz|" "ark,s,cs:apply-cmvn  --utt2spk=ark:data/train/d_dev//split10/4/utt2spk scp:data/train/d_dev//split10/4/cmvn.scp scp:data/train/d_dev//split10/4/feats.scp ark:- | add-deltas  ark:- ark:- |" "ark,t:|gzip -c >exp/mono/ali.4.gz" 
# Started at Tue May  4 13:51:48 IST 2021
#
gmm-align-compiled --transition-scale=1.0 --acoustic-scale=0.1 --self-loop-scale=0.1 --beam=10 --retry-beam=40 --careful=false 'gmm-boost-silence --boost=1.0 1 exp/mono/3.mdl - |' 'ark:gunzip -c exp/mono/fsts.4.gz|' 'ark,s,cs:apply-cmvn  --utt2spk=ark:data/train/d_dev//split10/4/utt2spk scp:data/train/d_dev//split10/4/cmvn.scp scp:data/train/d_dev//split10/4/feats.scp ark:- | add-deltas  ark:- ark:- |' 'ark,t:|gzip -c >exp/mono/ali.4.gz' 
gmm-boost-silence --boost=1.0 1 exp/mono/3.mdl - 
WARNING (gmm-boost-silence[5.5.916~1-7f57e]:main():gmm-boost-silence.cc:82) The pdfs for the silence phones may be shared by other phones (note: this probably does not matter.)
LOG (gmm-boost-silence[5.5.916~1-7f57e]:main():gmm-boost-silence.cc:93) Boosted weights for 5 pdfs, by factor of 1
LOG (gmm-boost-silence[5.5.916~1-7f57e]:main():gmm-boost-silence.cc:103) Wrote model to -
add-deltas ark:- ark:- 
apply-cmvn --utt2spk=ark:data/train/d_dev//split10/4/utt2spk scp:data/train/d_dev//split10/4/cmvn.scp scp:data/train/d_dev//split10/4/feats.scp ark:- 
LOG (gmm-align-compiled[5.5.916~1-7f57e]:main():gmm-align-compiled.cc:127) malavika_a01
LOG (gmm-align-compiled[5.5.916~1-7f57e]:main():gmm-align-compiled.cc:127) malavika_a02
LOG (gmm-align-compiled[5.5.916~1-7f57e]:main():gmm-align-compiled.cc:127) malavika_a03
LOG (gmm-align-compiled[5.5.916~1-7f57e]:main():gmm-align-compiled.cc:127) malavika_a04
LOG (apply-cmvn[5.5.916~1-7f57e]:main():apply-cmvn.cc:162) Applied cepstral mean normalization to 10 utterances, errors on 0
LOG (gmm-align-compiled[5.5.916~1-7f57e]:main():gmm-align-compiled.cc:127) malavika_a05
WARNING (gmm-align-compiled[5.5.916~1-7f57e]:AlignUtteranceWrapper():decoder-wrappers.cc:617) Retrying utterance malavika_a05 with beam 40
LOG (gmm-align-compiled[5.5.916~1-7f57e]:main():gmm-align-compiled.cc:127) malavika_a06
WARNING (gmm-align-compiled[5.5.916~1-7f57e]:AlignUtteranceWrapper():decoder-wrappers.cc:617) Retrying utterance malavika_a06 with beam 40
LOG (gmm-align-compiled[5.5.916~1-7f57e]:main():gmm-align-compiled.cc:127) malavika_a07
LOG (gmm-align-compiled[5.5.916~1-7f57e]:main():gmm-align-compiled.cc:127) malavika_a08
LOG (gmm-align-compiled[5.5.916~1-7f57e]:main():gmm-align-compiled.cc:127) malavika_a09
LOG (gmm-align-compiled[5.5.916~1-7f57e]:main():gmm-align-compiled.cc:127) malavika_a10
WARNING (gmm-align-compiled[5.5.916~1-7f57e]:AlignUtteranceWrapper():decoder-wrappers.cc:617) Retrying utterance malavika_a10 with beam 40
LOG (gmm-align-compiled[5.5.916~1-7f57e]:main():gmm-align-compiled.cc:135) Overall log-likelihood per frame is -101.254 over 3321 frames.
LOG (gmm-align-compiled[5.5.916~1-7f57e]:main():gmm-align-compiled.cc:137) Retried 3 out of 10 utterances.
LOG (gmm-align-compiled[5.5.916~1-7f57e]:main():gmm-align-compiled.cc:139) Done 10, errors on 0
# Accounting: time=0 threads=1
# Ended (code 0) at Tue May  4 13:51:48 IST 2021, elapsed time 0 seconds
