# gmm-align-compiled --transition-scale=1.0 --acoustic-scale=0.1 --self-loop-scale=0.1 --beam=6 --retry-beam=40 --careful=false "gmm-boost-silence --boost=1.0 1 exp/mono/1.mdl - |" "ark:gunzip -c exp/mono/fsts.2.gz|" "ark,s,cs:apply-cmvn  --utt2spk=ark:data/train/d_dev//split10/2/utt2spk scp:data/train/d_dev//split10/2/cmvn.scp scp:data/train/d_dev//split10/2/feats.scp ark:- | add-deltas  ark:- ark:- |" "ark,t:|gzip -c >exp/mono/ali.2.gz" 
# Started at Tue May  4 13:51:44 IST 2021
#
gmm-align-compiled --transition-scale=1.0 --acoustic-scale=0.1 --self-loop-scale=0.1 --beam=6 --retry-beam=40 --careful=false 'gmm-boost-silence --boost=1.0 1 exp/mono/1.mdl - |' 'ark:gunzip -c exp/mono/fsts.2.gz|' 'ark,s,cs:apply-cmvn  --utt2spk=ark:data/train/d_dev//split10/2/utt2spk scp:data/train/d_dev//split10/2/cmvn.scp scp:data/train/d_dev//split10/2/feats.scp ark:- | add-deltas  ark:- ark:- |' 'ark,t:|gzip -c >exp/mono/ali.2.gz' 
gmm-boost-silence --boost=1.0 1 exp/mono/1.mdl - 
WARNING (gmm-boost-silence[5.5.916~1-7f57e]:main():gmm-boost-silence.cc:82) The pdfs for the silence phones may be shared by other phones (note: this probably does not matter.)
LOG (gmm-boost-silence[5.5.916~1-7f57e]:main():gmm-boost-silence.cc:93) Boosted weights for 5 pdfs, by factor of 1
LOG (gmm-boost-silence[5.5.916~1-7f57e]:main():gmm-boost-silence.cc:103) Wrote model to -
add-deltas ark:- ark:- 
apply-cmvn --utt2spk=ark:data/train/d_dev//split10/2/utt2spk scp:data/train/d_dev//split10/2/cmvn.scp scp:data/train/d_dev//split10/2/feats.scp ark:- 
LOG (gmm-align-compiled[5.5.916~1-7f57e]:main():gmm-align-compiled.cc:127) hari_h01
WARNING (gmm-align-compiled[5.5.916~1-7f57e]:AlignUtteranceWrapper():decoder-wrappers.cc:617) Retrying utterance hari_h01 with beam 40
LOG (gmm-align-compiled[5.5.916~1-7f57e]:main():gmm-align-compiled.cc:127) hari_h02
WARNING (gmm-align-compiled[5.5.916~1-7f57e]:AlignUtteranceWrapper():decoder-wrappers.cc:617) Retrying utterance hari_h02 with beam 40
LOG (gmm-align-compiled[5.5.916~1-7f57e]:main():gmm-align-compiled.cc:127) hari_h03
WARNING (gmm-align-compiled[5.5.916~1-7f57e]:AlignUtteranceWrapper():decoder-wrappers.cc:617) Retrying utterance hari_h03 with beam 40
LOG (gmm-align-compiled[5.5.916~1-7f57e]:main():gmm-align-compiled.cc:127) hari_h04
WARNING (gmm-align-compiled[5.5.916~1-7f57e]:AlignUtteranceWrapper():decoder-wrappers.cc:617) Retrying utterance hari_h04 with beam 40
LOG (gmm-align-compiled[5.5.916~1-7f57e]:main():gmm-align-compiled.cc:127) hari_h05
WARNING (gmm-align-compiled[5.5.916~1-7f57e]:AlignUtteranceWrapper():decoder-wrappers.cc:617) Retrying utterance hari_h05 with beam 40
LOG (gmm-align-compiled[5.5.916~1-7f57e]:main():gmm-align-compiled.cc:127) hari_h06
WARNING (gmm-align-compiled[5.5.916~1-7f57e]:AlignUtteranceWrapper():decoder-wrappers.cc:617) Retrying utterance hari_h06 with beam 40
LOG (gmm-align-compiled[5.5.916~1-7f57e]:main():gmm-align-compiled.cc:127) hari_h07
WARNING (gmm-align-compiled[5.5.916~1-7f57e]:AlignUtteranceWrapper():decoder-wrappers.cc:617) Retrying utterance hari_h07 with beam 40
LOG (gmm-align-compiled[5.5.916~1-7f57e]:main():gmm-align-compiled.cc:127) hari_h08
LOG (apply-cmvn[5.5.916~1-7f57e]:main():apply-cmvn.cc:162) Applied cepstral mean normalization to 10 utterances, errors on 0
WARNING (gmm-align-compiled[5.5.916~1-7f57e]:AlignUtteranceWrapper():decoder-wrappers.cc:617) Retrying utterance hari_h08 with beam 40
LOG (gmm-align-compiled[5.5.916~1-7f57e]:main():gmm-align-compiled.cc:127) hari_h09
WARNING (gmm-align-compiled[5.5.916~1-7f57e]:AlignUtteranceWrapper():decoder-wrappers.cc:617) Retrying utterance hari_h09 with beam 40
LOG (gmm-align-compiled[5.5.916~1-7f57e]:main():gmm-align-compiled.cc:127) hari_h10
WARNING (gmm-align-compiled[5.5.916~1-7f57e]:AlignUtteranceWrapper():decoder-wrappers.cc:617) Retrying utterance hari_h10 with beam 40
LOG (gmm-align-compiled[5.5.916~1-7f57e]:main():gmm-align-compiled.cc:135) Overall log-likelihood per frame is -100.675 over 7298 frames.
LOG (gmm-align-compiled[5.5.916~1-7f57e]:main():gmm-align-compiled.cc:137) Retried 10 out of 10 utterances.
LOG (gmm-align-compiled[5.5.916~1-7f57e]:main():gmm-align-compiled.cc:139) Done 10, errors on 0
# Accounting: time=2 threads=1
# Ended (code 0) at Tue May  4 13:51:46 IST 2021, elapsed time 2 seconds
