# lattice-scale --inv-acoustic-scale=17 "ark:gunzip -c exp/tri3/decode/lat.*.gz|" ark:- | lattice-add-penalty --word-ins-penalty=0.0 ark:- ark:- | lattice-best-path --word-symbol-table=exp/tri3/graph/words.txt ark:- ark,t:- | utils/int2sym.pl -f 2- exp/tri3/graph/words.txt | local/wer_hyp_filter > exp/tri3/decode/scoring_kaldi/penalty_0.0/17.txt 
# Started at Sat May  8 22:02:42 IST 2021
#
lattice-scale --inv-acoustic-scale=17 'ark:gunzip -c exp/tri3/decode/lat.*.gz|' ark:- 
lattice-add-penalty --word-ins-penalty=0.0 ark:- ark:- 
lattice-best-path --word-symbol-table=exp/tri3/graph/words.txt ark:- ark,t:- 
LOG (lattice-best-path[5.5.916~1-7f57e]:main():lattice-best-path.cc:99) For utterance sravya_w01, best cost 53.2764 + 1109.48 = 1162.76 over 290 frames.
sravya_w01 ZERO ONE TWO ZERO FOUR FIVE SIX NINE EIGHT NINE 
LOG (lattice-best-path[5.5.916~1-7f57e]:main():lattice-best-path.cc:99) For utterance sravya_w02, best cost 46.0486 + 1064.21 = 1110.26 over 267 frames.
sravya_w02 ONE THREE FIVE SEVEN NINE ZERO SIX EIGHT TWO 
LOG (lattice-best-path[5.5.916~1-7f57e]:main():lattice-best-path.cc:99) For utterance sravya_w03, best cost 41.772 + 1116.81 = 1158.58 over 276 frames.
sravya_w03 ZERO TWO FOUR SIX EIGHT NINE SEVEN ONE 
LOG (lattice-best-path[5.5.916~1-7f57e]:main():lattice-best-path.cc:99) For utterance sravya_w04, best cost 41.8884 + 1059.78 = 1101.67 over 265 frames.
sravya_w04 ONE FIVE NINE TWO FOUR FOUR ZERO SEVEN 
LOG (lattice-best-path[5.5.916~1-7f57e]:main():lattice-best-path.cc:99) For utterance sravya_w05, best cost 47.3659 + 1066.28 = 1113.64 over 266 frames.
sravya_w05 ONE NINE FIVE SIX ZERO EIGHT NINE TWO FOUR 
LOG (lattice-best-path[5.5.916~1-7f57e]:main():lattice-best-path.cc:99) For utterance sravya_w06, best cost 56.3565 + 1377.83 = 1434.19 over 335 frames.
sravya_w06 TWO THREE NINE FOUR TWO FOUR FIVE ZERO SEVEN SIX EIGHT 
LOG (lattice-best-path[5.5.916~1-7f57e]:main():lattice-best-path.cc:99) For utterance sravya_w07, best cost 55.9663 + 1526.83 = 1582.8 over 390 frames.
sravya_w07 ONE EIGHT TWO FOUR FIVE THREE ZERO SIX NINE EIGHT SEVEN 
LOG (lattice-best-path[5.5.916~1-7f57e]:main():lattice-best-path.cc:99) For utterance sravya_w08, best cost 49.5826 + 1341.62 = 1391.21 over 341 frames.
sravya_w08 TWO THREE FIVE FOUR SEVEN NINE SIX ONE ZERO 
LOG (lattice-best-path[5.5.916~1-7f57e]:main():lattice-best-path.cc:99) For utterance sravya_w09, best cost 59.5523 + 1643.72 = 1703.27 over 424 frames.
sravya_w09 NINE EIGHT SEVEN SIX FIVE FOUR THREE TWO ONE ZERO SEVEN 
LOG (lattice-best-path[5.5.916~1-7f57e]:main():lattice-best-path.cc:99) For utterance sravya_w10, best cost 66.4075 + 1866.61 = 1933.02 over 499 frames.
sravya_w10 THREE FOUR ONE ZERO EIGHT SEVEN SIX FOUR THREE FIVE EIGHT NINE 
LOG (lattice-best-path[5.5.916~1-7f57e]:main():lattice-best-path.cc:99) For utterance sudharshan_x01, best cost 62.5943 + 1635.16 = 1697.75 over 461 frames.
sudharshan_x01 ZERO ONE TWO THREE FOUR FIVE SIX SEVEN EIGHT NINE 
LOG (lattice-best-path[5.5.916~1-7f57e]:main():lattice-best-path.cc:99) For utterance sudharshan_x02, best cost 53.6266 + 1307.09 = 1360.72 over 370 frames.
sudharshan_x02 ONE THREE FIVE SEVEN NINE ZERO SIX SIX TWO 
LOG (lattice-best-path[5.5.916~1-7f57e]:main():lattice-best-path.cc:99) For utterance sudharshan_x03, best cost 57.921 + 1518.85 = 1576.77 over 435 frames.
sudharshan_x03 ZERO TWO FOUR SIX EIGHT FIVE NINE SEVEN ONE 
LOG (lattice-best-path[5.5.916~1-7f57e]:main():lattice-best-path.cc:99) For utterance sudharshan_x04, best cost 47.3207 + 1287.73 = 1335.05 over 383 frames.
sudharshan_x04 ONE FIVE NINE TWO FOUR SIX ZERO SEVEN 
LOG (lattice-best-path[5.5.916~1-7f57e]:main():lattice-best-path.cc:99) For utterance sudharshan_x05, best cost 51.1635 + 1378.97 = 1430.13 over 409 frames.
sudharshan_x05 ONE THREE FIVE SIX ZERO EIGHT NINE TWO 
LOG (lattice-best-path[5.5.916~1-7f57e]:main():lattice-best-path.cc:99) For utterance sudharshan_x06, best cost 62.5305 + 1909.67 = 1972.2 over 562 frames.
sudharshan_x06 TWO THREE NINE FOUR TWO FOUR FIVE ZERO SEVEN SIX EIGHT 
LOG (lattice-best-path[5.5.916~1-7f57e]:main():lattice-best-path.cc:99) For utterance sudharshan_x07, best cost 66.3098 + 1752.29 = 1818.6 over 519 frames.
sudharshan_x07 ONE THREE TWO FOUR FIVE THREE ZERO SIX NINE EIGHT SEVEN 
LOG (lattice-best-path[5.5.916~1-7f57e]:main():lattice-best-path.cc:99) For utterance sudharshan_x08, best cost 61.0703 + 1644.18 = 1705.25 over 477 frames.
sudharshan_x08 TWO THREE FIVE FOUR EIGHT SEVEN NINE SIX ONE ZERO 
LOG (lattice-best-path[5.5.916~1-7f57e]:main():lattice-best-path.cc:99) For utterance sudharshan_x09, best cost 68.5676 + 1822.09 = 1890.65 over 500 frames.
sudharshan_x09 NINE EIGHT SEVEN SIX FIVE FOUR THREE TWO ONE ZERO SEVEN ONE 
LOG (lattice-best-path[5.5.916~1-7f57e]:main():lattice-best-path.cc:99) For utterance sudharshan_x10, best cost 78.7914 + 1793.88 = 1872.67 over 536 frames.
sudharshan_x10 THREE FOUR ONE ZERO EIGHT SEVEN SIX FOUR THREE FIVE EIGHT NINE 
LOG (lattice-best-path[5.5.916~1-7f57e]:main():lattice-best-path.cc:99) For utterance swetha_y01, best cost 44.4134 + 878.715 = 923.128 over 230 frames.
swetha_y01 ZERO ONE THREE FOUR NINE SIX FIVE EIGHT ONE 
LOG (lattice-best-path[5.5.916~1-7f57e]:main():lattice-best-path.cc:99) For utterance swetha_y02, best cost 39.6076 + 807.909 = 847.516 over 220 frames.
swetha_y02 ONE THREE FIVE NINE ZERO SIX EIGHT TWO 
LOG (lattice-best-path[5.5.916~1-7f57e]:main():lattice-best-path.cc:99) For utterance swetha_y03, best cost 36.2909 + 828.607 = 864.898 over 227 frames.
swetha_y03 ZERO TWO FOUR SIX EIGHT NINE SEVEN 
LOG (lattice-scale[5.5.916~1-7f57e]:main():lattice-scale.cc:107) Done 40 lattices.
LOG (lattice-best-path[5.5.916~1-7f57e]:main():lattice-best-path.cc:99) For utterance swetha_y04, best cost 40.5464 + 761.679 = 802.225 over 208 frames.
swetha_y04 ONE NINE NINE TWO FOUR SIX ZERO SEVEN 
LOG (lattice-best-path[5.5.916~1-7f57e]:main():lattice-best-path.cc:99) For utterance swetha_y05, best cost 39.0835 + 696.705 = 735.788 over 189 frames.
swetha_y05 FIVE THREE FIVE SIX ZERO EIGHT NINE TWO 
LOG (lattice-best-path[5.5.916~1-7f57e]:main():lattice-best-path.cc:99) For utterance swetha_y06, best cost 59.0815 + 1258.61 = 1317.7 over 362 frames.
swetha_y06 TWO THREE NINE FOUR TWO FOUR FIVE ZERO ONE SIX EIGHT 
LOG (lattice-best-path[5.5.916~1-7f57e]:main():lattice-best-path.cc:99) For utterance swetha_y07, best cost 53.1077 + 919.241 = 972.349 over 247 frames.
swetha_y07 ONE THREE TWO FOUR FIVE THREE ZERO SIX NINE EIGHT SEVEN 
LOG (lattice-best-path[5.5.916~1-7f57e]:main():lattice-best-path.cc:99) For utterance swetha_y08, best cost 49.1085 + 923.871 = 972.979 over 246 frames.
swetha_y08 TWO THREE FIVE FOUR EIGHT SEVEN NINE SIX NINE ZERO 
LOG (lattice-best-path[5.5.916~1-7f57e]:main():lattice-best-path.cc:99) For utterance swetha_y09, best cost 46.549 + 998.674 = 1045.22 over 258 frames.
swetha_y09 NINE SEVEN SIX FIVE FOUR THREE TWO FIVE SEVEN 
LOG (lattice-add-penalty[5.5.916~1-7f57e]:main():lattice-add-penalty.cc:62) Done adding word insertion penalty to 40 lattices.
LOG (lattice-best-path[5.5.916~1-7f57e]:main():lattice-best-path.cc:99) For utterance swetha_y10, best cost 48.8321 + 930.469 = 979.301 over 251 frames.
swetha_y10 THREE FOUR ONE EIGHT SEVEN SIX FOUR THREE NINE EIGHT 
LOG (lattice-best-path[5.5.916~1-7f57e]:main():lattice-best-path.cc:99) For utterance vvraju_z01, best cost 78.8861 + 1906.29 = 1985.18 over 476 frames.
vvraju_z01 ZERO ONE TWO THREE FOUR ONE FIVE SIX SEVEN EIGHT NINE 
LOG (lattice-best-path[5.5.916~1-7f57e]:main():lattice-best-path.cc:99) For utterance vvraju_z02, best cost 58.0792 + 1472.8 = 1530.88 over 385 frames.
vvraju_z02 ONE THREE FOUR FIVE SEVEN NINE ZERO SIX EIGHT TWO 
LOG (lattice-best-path[5.5.916~1-7f57e]:main():lattice-best-path.cc:99) For utterance vvraju_z03, best cost 56.4026 + 1507.87 = 1564.27 over 374 frames.
vvraju_z03 ZERO TWO FOUR SIX EIGHT FIVE NINE SEVEN 
LOG (lattice-best-path[5.5.916~1-7f57e]:main():lattice-best-path.cc:99) For utterance vvraju_z04, best cost 53.717 + 1351.51 = 1405.22 over 340 frames.
vvraju_z04 ONE FIVE NINE TWO FOUR SIX ZERO SEVEN 
LOG (lattice-best-path[5.5.916~1-7f57e]:main():lattice-best-path.cc:99) For utterance vvraju_z05, best cost 49.1969 + 1249.09 = 1298.29 over 322 frames.
vvraju_z05 ONE THREE FIVE SIX ZERO EIGHT NINE TWO 
LOG (lattice-best-path[5.5.916~1-7f57e]:main():lattice-best-path.cc:99) For utterance vvraju_z06, best cost 70.9138 + 1737.06 = 1807.98 over 432 frames.
vvraju_z06 TWO THREE NINE FOUR FOUR TWO FOUR ONE FIVE ZERO SEVEN SIX EIGHT 
LOG (lattice-best-path[5.5.916~1-7f57e]:main():lattice-best-path.cc:99) For utterance vvraju_z07, best cost 72.6271 + 1742.93 = 1815.56 over 442 frames.
vvraju_z07 ONE THREE TWO FOUR ONE FIVE EIGHT THREE ZERO SIX NINE EIGHT SEVEN 
LOG (lattice-best-path[5.5.916~1-7f57e]:main():lattice-best-path.cc:99) For utterance vvraju_z08, best cost 59.3935 + 1519.57 = 1578.96 over 400 frames.
vvraju_z08 TWO THREE FIVE FOUR EIGHT SEVEN NINE SIX ONE ZERO 
LOG (lattice-best-path[5.5.916~1-7f57e]:main():lattice-best-path.cc:99) For utterance vvraju_z09, best cost 73.6475 + 1810.66 = 1884.31 over 458 frames.
vvraju_z09 NINE EIGHT SEVEN SIX FIVE EIGHT FOUR THREE TWO ONE ZERO SEVEN ONE 
LOG (lattice-best-path[5.5.916~1-7f57e]:main():lattice-best-path.cc:99) For utterance vvraju_z10, best cost 73.6609 + 1756.77 = 1830.43 over 439 frames.
vvraju_z10 THREE ZERO FOUR ONE ZERO EIGHT SEVEN SIX FOUR THREE FIVE EIGHT NINE 
LOG (lattice-best-path[5.5.916~1-7f57e]:main():lattice-best-path.cc:124) Overall cost per frame is 3.89452 = 0.153763 [graph] + 3.74076 [acoustic] over 14511 frames.
LOG (lattice-best-path[5.5.916~1-7f57e]:main():lattice-best-path.cc:128) Done 40 lattices, failed for 0
# Accounting: time=0 threads=1
# Ended (code 0) at Sat May  8 22:02:42 IST 2021, elapsed time 0 seconds
