# gmm-acc-stats-ali exp/tri3/34.mdl "ark,s,cs:apply-cmvn  --utt2spk=ark:data/train/split1/1/utt2spk scp:data/train/split1/1/cmvn.scp scp:data/train/split1/1/feats.scp ark:- | splice-feats  ark:- ark:- | transform-feats exp/tri2b_ali/final.mat ark:- ark:- | transform-feats --utt2spk=ark:data/train/split1/1/utt2spk ark:exp/tri3/trans.1 ark:- ark:- |" "ark,s,cs:gunzip -c exp/tri3/ali.1.gz|" exp/tri3/34.1.acc 
# Started at Sat May  8 22:02:20 IST 2021
#
gmm-acc-stats-ali exp/tri3/34.mdl 'ark,s,cs:apply-cmvn  --utt2spk=ark:data/train/split1/1/utt2spk scp:data/train/split1/1/cmvn.scp scp:data/train/split1/1/feats.scp ark:- | splice-feats  ark:- ark:- | transform-feats exp/tri2b_ali/final.mat ark:- ark:- | transform-feats --utt2spk=ark:data/train/split1/1/utt2spk ark:exp/tri3/trans.1 ark:- ark:- |' 'ark,s,cs:gunzip -c exp/tri3/ali.1.gz|' exp/tri3/34.1.acc 
transform-feats exp/tri2b_ali/final.mat ark:- ark:- 
transform-feats --utt2spk=ark:data/train/split1/1/utt2spk ark:exp/tri3/trans.1 ark:- ark:- 
apply-cmvn --utt2spk=ark:data/train/split1/1/utt2spk scp:data/train/split1/1/cmvn.scp scp:data/train/split1/1/feats.scp ark:- 
splice-feats ark:- ark:- 
LOG (gmm-acc-stats-ali[5.5.916~1-7f57e]:main():gmm-acc-stats-ali.cc:105) Processed 50 utterances; for utterance mounika_b10 avg. like is -53.3516 over 339 frames.
LOG (apply-cmvn[5.5.916~1-7f57e]:main():apply-cmvn.cc:162) Applied cepstral mean normalization to 100 utterances, errors on 0
LOG (transform-feats[5.5.916~1-7f57e]:main():transform-feats.cc:158) Overall average [pseudo-]logdet is -70.1834 over 71981 frames.
LOG (transform-feats[5.5.916~1-7f57e]:main():transform-feats.cc:161) Applied transform to 100 utterances; 0 had errors.
LOG (transform-feats[5.5.916~1-7f57e]:main():transform-feats.cc:158) Overall average logdet is 5.28828 over 71981 frames.
LOG (transform-feats[5.5.916~1-7f57e]:main():transform-feats.cc:161) Applied transform to 100 utterances; 0 had errors.
LOG (gmm-acc-stats-ali[5.5.916~1-7f57e]:main():gmm-acc-stats-ali.cc:105) Processed 100 utterances; for utterance sonali_d10 avg. like is -56.8509 over 316 frames.
LOG (gmm-acc-stats-ali[5.5.916~1-7f57e]:main():gmm-acc-stats-ali.cc:112) Done 100 files, 0 with errors.
LOG (gmm-acc-stats-ali[5.5.916~1-7f57e]:main():gmm-acc-stats-ali.cc:115) Overall avg like per frame (Gaussian only) = -44.7669 over 71981 frames.
LOG (gmm-acc-stats-ali[5.5.916~1-7f57e]:main():gmm-acc-stats-ali.cc:123) Written accs.
# Accounting: time=2 threads=1
# Ended (code 0) at Sat May  8 22:02:22 IST 2021, elapsed time 2 seconds
