# build-tree --verbose=1 --max-leaves=11000 --cluster-thresh=-1 exp/tri3/treeacc data/lang/phones/roots.int exp/tri3/questions.qst data/lang/topo exp/tri3/tree 
# Started at Sat May  8 22:01:14 IST 2021
#
build-tree --verbose=1 --max-leaves=11000 --cluster-thresh=-1 exp/tri3/treeacc data/lang/phones/roots.int exp/tri3/questions.qst data/lang/topo exp/tri3/tree 
LOG (build-tree[5.5.916~1-7f57e]:main():build-tree.cc:104) Number of separate statistics is 407
LOG (build-tree[5.5.916~1-7f57e]:BuildTree():build-tree.cc:161) BuildTree: before building trees, map has 22 leaves.
LOG (build-tree[5.5.916~1-7f57e]:SplitDecisionTree():build-tree-utils.cc:577) DoDecisionTreeSplit: split 137 times, #leaves now 159
LOG (build-tree[5.5.916~1-7f57e]:BuildTree():build-tree.cc:187) Setting clustering threshold to smallest split 305.275
VLOG[1] (build-tree[5.5.916~1-7f57e]:BuildTree():build-tree.cc:196) After decision tree split, num-leaves = 159, like-impr = 8.28256 per frame over 71981 frames.
VLOG[1] (build-tree[5.5.916~1-7f57e]:BuildTree():build-tree.cc:200) Including just phones that were split, improvement is 8.28256 per frame over 71981 frames.
LOG (build-tree[5.5.916~1-7f57e]:BuildTree():build-tree.cc:215) BuildTree: removed 7 leaves.
VLOG[1] (build-tree[5.5.916~1-7f57e]:ClusterEventMapToNClustersRestrictedByMap():build-tree-utils.cc:914) Number of non-empty clusters in map = 20
VLOG[1] (build-tree[5.5.916~1-7f57e]:ClusterEventMapToNClustersRestrictedByMap():build-tree-utils.cc:915) Number of non-empty clusters = 150
VLOG[1] (build-tree[5.5.916~1-7f57e]:BuildTree():build-tree.cc:256) Objf change due to clustering -0.0192447 per frame.
VLOG[1] (build-tree[5.5.916~1-7f57e]:BuildTree():build-tree.cc:259) Normalizing over only split phones, this is: -0.0192447 per frame.
VLOG[1] (build-tree[5.5.916~1-7f57e]:BuildTree():build-tree.cc:262) Num-leaves is now 152
VLOG[1] (build-tree[5.5.916~1-7f57e]:main():build-tree.cc:143) For pdf-id 1, low count 0
VLOG[1] (build-tree[5.5.916~1-7f57e]:main():build-tree.cc:143) For pdf-id 8, low count 0
VLOG[1] (build-tree[5.5.916~1-7f57e]:main():build-tree.cc:143) For pdf-id 57, low count 91
VLOG[1] (build-tree[5.5.916~1-7f57e]:main():build-tree.cc:143) For pdf-id 58, low count 78
VLOG[1] (build-tree[5.5.916~1-7f57e]:main():build-tree.cc:143) For pdf-id 77, low count 77
VLOG[1] (build-tree[5.5.916~1-7f57e]:main():build-tree.cc:143) For pdf-id 82, low count 83
VLOG[1] (build-tree[5.5.916~1-7f57e]:main():build-tree.cc:143) For pdf-id 92, low count 92
VLOG[1] (build-tree[5.5.916~1-7f57e]:main():build-tree.cc:143) For pdf-id 93, low count 87
VLOG[1] (build-tree[5.5.916~1-7f57e]:main():build-tree.cc:143) For pdf-id 105, low count 72
VLOG[1] (build-tree[5.5.916~1-7f57e]:main():build-tree.cc:143) For pdf-id 110, low count 83
VLOG[1] (build-tree[5.5.916~1-7f57e]:main():build-tree.cc:143) For pdf-id 116, low count 66
VLOG[1] (build-tree[5.5.916~1-7f57e]:main():build-tree.cc:143) For pdf-id 119, low count 78
VLOG[1] (build-tree[5.5.916~1-7f57e]:main():build-tree.cc:143) For pdf-id 128, low count 64
VLOG[1] (build-tree[5.5.916~1-7f57e]:main():build-tree.cc:143) For pdf-id 130, low count 56
VLOG[1] (build-tree[5.5.916~1-7f57e]:main():build-tree.cc:143) For pdf-id 131, low count 54
VLOG[1] (build-tree[5.5.916~1-7f57e]:main():build-tree.cc:143) For pdf-id 138, low count 82
VLOG[1] (build-tree[5.5.916~1-7f57e]:main():build-tree.cc:143) For pdf-id 139, low count 73
VLOG[1] (build-tree[5.5.916~1-7f57e]:main():build-tree.cc:143) For pdf-id 140, low count 67
VLOG[1] (build-tree[5.5.916~1-7f57e]:main():build-tree.cc:143) For pdf-id 142, low count 85
VLOG[1] (build-tree[5.5.916~1-7f57e]:main():build-tree.cc:143) For pdf-id 148, low count 82
VLOG[1] (build-tree[5.5.916~1-7f57e]:main():build-tree.cc:143) For pdf-id 149, low count 47
VLOG[1] (build-tree[5.5.916~1-7f57e]:main():build-tree.cc:143) For pdf-id 150, low count 65
WARNING (build-tree[5.5.916~1-7f57e]:main():build-tree.cc:185) Saw no stats for following phones: 2 3 4 5 6 7 8 9 10 11 12 14 15 16 18 19 20 22 23 24 26 28 29 30 32 33 34 35 36 37 38 39 40 42 43 46 47 48 50 53 54 55 57 58 59 62 65 66 69 70 72 73 74 75 77 78 79 82 84 85 86 88 89 90 
LOG (build-tree[5.5.916~1-7f57e]:main():build-tree.cc:189) Wrote tree
# Accounting: time=0 threads=1
# Ended (code 0) at Sat May  8 22:01:14 IST 2021, elapsed time 0 seconds
