gmm-init-model --write-occs=exp/tri3/1.occs exp/tri3/tree exp/tri3/treeacc data/lang/topo exp/tri3/1.mdl 
LOG (gmm-init-model[5.5.916~1-7f57e]:main():gmm-init-model.cc:271) Number of separate statistics is 407
WARNING (gmm-init-model[5.5.916~1-7f57e]:InitAmGmm():gmm-init-model.cc:55) Tree has pdf-id 1 with no stats; corresponding phone list: 6 7 8 9 10 
WARNING (gmm-init-model[5.5.916~1-7f57e]:InitAmGmm():gmm-init-model.cc:55) Tree has pdf-id 8 with no stats; corresponding phone list: 35 36 37 38 
WARNING (gmm-init-model[5.5.916~1-7f57e]:InitAmGmm():gmm-init-model.cc:83) Very small count for state 57: 91; corresponding phone list: 71 72 73 74 
WARNING (gmm-init-model[5.5.916~1-7f57e]:InitAmGmm():gmm-init-model.cc:83) Very small count for state 58: 78; corresponding phone list: 51 52 53 54 
WARNING (gmm-init-model[5.5.916~1-7f57e]:InitAmGmm():gmm-init-model.cc:83) Very small count for state 77: 77; corresponding phone list: 79 80 81 82 
WARNING (gmm-init-model[5.5.916~1-7f57e]:InitAmGmm():gmm-init-model.cc:83) Very small count for state 82: 83; corresponding phone list: 27 28 29 30 
WARNING (gmm-init-model[5.5.916~1-7f57e]:InitAmGmm():gmm-init-model.cc:83) Very small count for state 92: 92; corresponding phone list: 31 32 33 34 
WARNING (gmm-init-model[5.5.916~1-7f57e]:InitAmGmm():gmm-init-model.cc:83) Very small count for state 93: 87; corresponding phone list: 31 32 33 34 
WARNING (gmm-init-model[5.5.916~1-7f57e]:InitAmGmm():gmm-init-model.cc:83) Very small count for state 105: 72; corresponding phone list: 51 52 53 54 
WARNING (gmm-init-model[5.5.916~1-7f57e]:InitAmGmm():gmm-init-model.cc:83) Very small count for state 110: 83; corresponding phone list: 83 84 85 86 
WARNING (gmm-init-model[5.5.916~1-7f57e]:InitAmGmm():gmm-init-model.cc:83) Very small count for state 116: 66; corresponding phone list: 31 32 33 34 
WARNING (gmm-init-model[5.5.916~1-7f57e]:InitAmGmm():gmm-init-model.cc:83) Very small count for state 119: 78; corresponding phone list: 83 84 85 86 
WARNING (gmm-init-model[5.5.916~1-7f57e]:InitAmGmm():gmm-init-model.cc:83) Very small count for state 128: 64; corresponding phone list: 51 52 53 54 
WARNING (gmm-init-model[5.5.916~1-7f57e]:InitAmGmm():gmm-init-model.cc:83) Very small count for state 130: 56; corresponding phone list: 67 68 69 70 
WARNING (gmm-init-model[5.5.916~1-7f57e]:InitAmGmm():gmm-init-model.cc:83) Very small count for state 131: 54; corresponding phone list: 67 68 69 70 
WARNING (gmm-init-model[5.5.916~1-7f57e]:InitAmGmm():gmm-init-model.cc:83) Very small count for state 138: 82; corresponding phone list: 83 84 85 86 
WARNING (gmm-init-model[5.5.916~1-7f57e]:InitAmGmm():gmm-init-model.cc:83) Very small count for state 139: 73; corresponding phone list: 31 32 33 34 
WARNING (gmm-init-model[5.5.916~1-7f57e]:InitAmGmm():gmm-init-model.cc:83) Very small count for state 140: 67; corresponding phone list: 31 32 33 34 
WARNING (gmm-init-model[5.5.916~1-7f57e]:InitAmGmm():gmm-init-model.cc:83) Very small count for state 142: 85; corresponding phone list: 31 32 33 34 
WARNING (gmm-init-model[5.5.916~1-7f57e]:InitAmGmm():gmm-init-model.cc:83) Very small count for state 148: 82; corresponding phone list: 83 84 85 86 
WARNING (gmm-init-model[5.5.916~1-7f57e]:InitAmGmm():gmm-init-model.cc:83) Very small count for state 149: 47; corresponding phone list: 67 68 69 70 
WARNING (gmm-init-model[5.5.916~1-7f57e]:InitAmGmm():gmm-init-model.cc:83) Very small count for state 150: 65; corresponding phone list: 67 68 69 70 
LOG (gmm-init-model[5.5.916~1-7f57e]:main():gmm-init-model.cc:306) Wrote model.
