# compile-train-graphs --read-disambig-syms=data/lang/phones/disambig.int exp/mono_ali/tree exp/mono_ali/final.mdl data/lang/L.fst "ark:utils/sym2int.pl --map-oov 1 -f 2- data/lang/words.txt data/train/d_dev//split10/10/text|" ark:- | gmm-align-compiled --transition-scale=1.0 --acoustic-scale=0.1 --self-loop-scale=0.1 --beam=10 --retry-beam=40 --careful=false "gmm-boost-silence --boost=1.28 1 exp/mono_ali/final.mdl - |" ark:- "ark,s,cs:apply-cmvn  --utt2spk=ark:data/train/d_dev//split10/10/utt2spk scp:data/train/d_dev//split10/10/cmvn.scp scp:data/train/d_dev//split10/10/feats.scp ark:- | add-deltas  ark:- ark:- |" "ark,t:|gzip -c >exp/mono_ali/ali.10.gz" 
# Started at Tue May  4 13:54:23 IST 2021
#
compile-train-graphs --read-disambig-syms=data/lang/phones/disambig.int exp/mono_ali/tree exp/mono_ali/final.mdl data/lang/L.fst 'ark:utils/sym2int.pl --map-oov 1 -f 2- data/lang/words.txt data/train/d_dev//split10/10/text|' ark:- 
gmm-align-compiled --transition-scale=1.0 --acoustic-scale=0.1 --self-loop-scale=0.1 --beam=10 --retry-beam=40 --careful=false 'gmm-boost-silence --boost=1.28 1 exp/mono_ali/final.mdl - |' ark:- 'ark,s,cs:apply-cmvn  --utt2spk=ark:data/train/d_dev//split10/10/utt2spk scp:data/train/d_dev//split10/10/cmvn.scp scp:data/train/d_dev//split10/10/feats.scp ark:- | add-deltas  ark:- ark:- |' 'ark,t:|gzip -c >exp/mono_ali/ali.10.gz' 
gmm-boost-silence --boost=1.28 1 exp/mono_ali/final.mdl - 
WARNING (gmm-boost-silence[5.5.916~1-7f57e]:main():gmm-boost-silence.cc:82) The pdfs for the silence phones may be shared by other phones (note: this probably does not matter.)
LOG (gmm-boost-silence[5.5.916~1-7f57e]:main():gmm-boost-silence.cc:93) Boosted weights for 5 pdfs, by factor of 1.28
LOG (gmm-boost-silence[5.5.916~1-7f57e]:main():gmm-boost-silence.cc:103) Wrote model to -
sym2int.pl: replacing zero with 1
sym2int.pl: replacing one with 1
sym2int.pl: replacing two with 1
sym2int.pl: replacing three with 1
sym2int.pl: replacing four with 1
sym2int.pl: replacing five with 1
sym2int.pl: replacing six with 1
sym2int.pl: replacing seven with 1
sym2int.pl: replacing eight with 1
sym2int.pl: replacing nine with 1
sym2int.pl: replacing one with 1
sym2int.pl: replacing three with 1
sym2int.pl: replacing five with 1
sym2int.pl: replacing seven with 1
sym2int.pl: replacing nine with 1
sym2int.pl: replacing zero with 1
sym2int.pl: replacing six with 1
sym2int.pl: replacing eight with 1
sym2int.pl: replacing two with 1
sym2int.pl: replacing zero with 1
sym2int.pl: not warning for OOVs any more times
** Replaced 100 instances of OOVs with 1
add-deltas ark:- ark:- 
apply-cmvn --utt2spk=ark:data/train/d_dev//split10/10/utt2spk scp:data/train/d_dev//split10/10/cmvn.scp scp:data/train/d_dev//split10/10/feats.scp ark:- 
LOG (gmm-align-compiled[5.5.916~1-7f57e]:main():gmm-align-compiled.cc:127) sonali_d01
LOG (gmm-align-compiled[5.5.916~1-7f57e]:main():gmm-align-compiled.cc:127) sonali_d02
LOG (gmm-align-compiled[5.5.916~1-7f57e]:main():gmm-align-compiled.cc:127) sonali_d03
LOG (apply-cmvn[5.5.916~1-7f57e]:main():apply-cmvn.cc:162) Applied cepstral mean normalization to 10 utterances, errors on 0
LOG (gmm-align-compiled[5.5.916~1-7f57e]:main():gmm-align-compiled.cc:127) sonali_d04
LOG (gmm-align-compiled[5.5.916~1-7f57e]:main():gmm-align-compiled.cc:127) sonali_d05
LOG (gmm-align-compiled[5.5.916~1-7f57e]:main():gmm-align-compiled.cc:127) sonali_d06
LOG (gmm-align-compiled[5.5.916~1-7f57e]:main():gmm-align-compiled.cc:127) sonali_d07
LOG (compile-train-graphs[5.5.916~1-7f57e]:main():compile-train-graphs.cc:147) compile-train-graphs: succeeded for 10 graphs, failed for 0
LOG (gmm-align-compiled[5.5.916~1-7f57e]:main():gmm-align-compiled.cc:127) sonali_d08
LOG (gmm-align-compiled[5.5.916~1-7f57e]:main():gmm-align-compiled.cc:127) sonali_d09
LOG (gmm-align-compiled[5.5.916~1-7f57e]:main():gmm-align-compiled.cc:127) sonali_d10
LOG (gmm-align-compiled[5.5.916~1-7f57e]:main():gmm-align-compiled.cc:135) Overall log-likelihood per frame is -96.0522 over 2547 frames.
LOG (gmm-align-compiled[5.5.916~1-7f57e]:main():gmm-align-compiled.cc:137) Retried 0 out of 10 utterances.
LOG (gmm-align-compiled[5.5.916~1-7f57e]:main():gmm-align-compiled.cc:139) Done 10, errors on 0
# Accounting: time=1 threads=1
# Ended (code 0) at Tue May  4 13:54:24 IST 2021, elapsed time 1 seconds
