# compute-mfcc-feats --write-utt2dur=ark,t:exp/make_mfcc/train/utt2dur.1 --verbose=2 --config=conf/mfcc.conf scp,p:exp/make_mfcc/train/wav_train.1.scp ark:- | copy-feats --write-num-frames=ark,t:exp/make_mfcc/train/utt2num_frames.1 --compress=true ark:- ark,scp:/home/kritika/Automatic_Speech_Recognition/mfcc/raw_mfcc_train.1.ark,/home/kritika/Automatic_Speech_Recognition/mfcc/raw_mfcc_train.1.scp 
# Started at Sat May  8 19:19:09 IST 2021
#
copy-feats --write-num-frames=ark,t:exp/make_mfcc/train/utt2num_frames.1 --compress=true ark:- ark,scp:/home/kritika/Automatic_Speech_Recognition/mfcc/raw_mfcc_train.1.ark,/home/kritika/Automatic_Speech_Recognition/mfcc/raw_mfcc_train.1.scp 
compute-mfcc-feats --write-utt2dur=ark,t:exp/make_mfcc/train/utt2dur.1 --verbose=2 --config=conf/mfcc.conf scp,p:exp/make_mfcc/train/wav_train.1.scp ark:- 
VLOG[2] (compute-mfcc-feats[5.5.916~1-7f57e]:main():compute-mfcc-feats.cc:182) Processed features for key gangamohan_m01
VLOG[2] (compute-mfcc-feats[5.5.916~1-7f57e]:main():compute-mfcc-feats.cc:182) Processed features for key gangamohan_m02
VLOG[2] (compute-mfcc-feats[5.5.916~1-7f57e]:main():compute-mfcc-feats.cc:182) Processed features for key gangamohan_m03
VLOG[2] (compute-mfcc-feats[5.5.916~1-7f57e]:main():compute-mfcc-feats.cc:182) Processed features for key gangamohan_m04
VLOG[2] (compute-mfcc-feats[5.5.916~1-7f57e]:main():compute-mfcc-feats.cc:182) Processed features for key gangamohan_m05
VLOG[2] (compute-mfcc-feats[5.5.916~1-7f57e]:main():compute-mfcc-feats.cc:182) Processed features for key gangamohan_m06
VLOG[2] (compute-mfcc-feats[5.5.916~1-7f57e]:main():compute-mfcc-feats.cc:182) Processed features for key gangamohan_m07
VLOG[2] (compute-mfcc-feats[5.5.916~1-7f57e]:main():compute-mfcc-feats.cc:182) Processed features for key gangamohan_m08
VLOG[2] (compute-mfcc-feats[5.5.916~1-7f57e]:main():compute-mfcc-feats.cc:182) Processed features for key gangamohan_m09
LOG (compute-mfcc-feats[5.5.916~1-7f57e]:main():compute-mfcc-feats.cc:181) Processed 10 utterances
VLOG[2] (compute-mfcc-feats[5.5.916~1-7f57e]:main():compute-mfcc-feats.cc:182) Processed features for key gangamohan_m10
VLOG[2] (compute-mfcc-feats[5.5.916~1-7f57e]:main():compute-mfcc-feats.cc:182) Processed features for key hari_h01
VLOG[2] (compute-mfcc-feats[5.5.916~1-7f57e]:main():compute-mfcc-feats.cc:182) Processed features for key hari_h02
VLOG[2] (compute-mfcc-feats[5.5.916~1-7f57e]:main():compute-mfcc-feats.cc:182) Processed features for key hari_h03
VLOG[2] (compute-mfcc-feats[5.5.916~1-7f57e]:main():compute-mfcc-feats.cc:182) Processed features for key hari_h04
VLOG[2] (compute-mfcc-feats[5.5.916~1-7f57e]:main():compute-mfcc-feats.cc:182) Processed features for key hari_h05
VLOG[2] (compute-mfcc-feats[5.5.916~1-7f57e]:main():compute-mfcc-feats.cc:182) Processed features for key hari_h06
VLOG[2] (compute-mfcc-feats[5.5.916~1-7f57e]:main():compute-mfcc-feats.cc:182) Processed features for key hari_h07
VLOG[2] (compute-mfcc-feats[5.5.916~1-7f57e]:main():compute-mfcc-feats.cc:182) Processed features for key hari_h08
VLOG[2] (compute-mfcc-feats[5.5.916~1-7f57e]:main():compute-mfcc-feats.cc:182) Processed features for key hari_h09
LOG (compute-mfcc-feats[5.5.916~1-7f57e]:main():compute-mfcc-feats.cc:181) Processed 20 utterances
VLOG[2] (compute-mfcc-feats[5.5.916~1-7f57e]:main():compute-mfcc-feats.cc:182) Processed features for key hari_h10
VLOG[2] (compute-mfcc-feats[5.5.916~1-7f57e]:main():compute-mfcc-feats.cc:182) Processed features for key knrk_k01
VLOG[2] (compute-mfcc-feats[5.5.916~1-7f57e]:main():compute-mfcc-feats.cc:182) Processed features for key knrk_k02
VLOG[2] (compute-mfcc-feats[5.5.916~1-7f57e]:main():compute-mfcc-feats.cc:182) Processed features for key knrk_k03
VLOG[2] (compute-mfcc-feats[5.5.916~1-7f57e]:main():compute-mfcc-feats.cc:182) Processed features for key knrk_k04
VLOG[2] (compute-mfcc-feats[5.5.916~1-7f57e]:main():compute-mfcc-feats.cc:182) Processed features for key knrk_k05
VLOG[2] (compute-mfcc-feats[5.5.916~1-7f57e]:main():compute-mfcc-feats.cc:182) Processed features for key knrk_k06
VLOG[2] (compute-mfcc-feats[5.5.916~1-7f57e]:main():compute-mfcc-feats.cc:182) Processed features for key knrk_k07
VLOG[2] (compute-mfcc-feats[5.5.916~1-7f57e]:main():compute-mfcc-feats.cc:182) Processed features for key knrk_k08
VLOG[2] (compute-mfcc-feats[5.5.916~1-7f57e]:main():compute-mfcc-feats.cc:182) Processed features for key knrk_k09
LOG (compute-mfcc-feats[5.5.916~1-7f57e]:main():compute-mfcc-feats.cc:181) Processed 30 utterances
VLOG[2] (compute-mfcc-feats[5.5.916~1-7f57e]:main():compute-mfcc-feats.cc:182) Processed features for key knrk_k10
VLOG[2] (compute-mfcc-feats[5.5.916~1-7f57e]:main():compute-mfcc-feats.cc:182) Processed features for key malavika_a01
VLOG[2] (compute-mfcc-feats[5.5.916~1-7f57e]:main():compute-mfcc-feats.cc:182) Processed features for key malavika_a02
VLOG[2] (compute-mfcc-feats[5.5.916~1-7f57e]:main():compute-mfcc-feats.cc:182) Processed features for key malavika_a03
VLOG[2] (compute-mfcc-feats[5.5.916~1-7f57e]:main():compute-mfcc-feats.cc:182) Processed features for key malavika_a04
VLOG[2] (compute-mfcc-feats[5.5.916~1-7f57e]:main():compute-mfcc-feats.cc:182) Processed features for key malavika_a05
VLOG[2] (compute-mfcc-feats[5.5.916~1-7f57e]:main():compute-mfcc-feats.cc:182) Processed features for key malavika_a06
VLOG[2] (compute-mfcc-feats[5.5.916~1-7f57e]:main():compute-mfcc-feats.cc:182) Processed features for key malavika_a07
VLOG[2] (compute-mfcc-feats[5.5.916~1-7f57e]:main():compute-mfcc-feats.cc:182) Processed features for key malavika_a08
VLOG[2] (compute-mfcc-feats[5.5.916~1-7f57e]:main():compute-mfcc-feats.cc:182) Processed features for key malavika_a09
LOG (compute-mfcc-feats[5.5.916~1-7f57e]:main():compute-mfcc-feats.cc:181) Processed 40 utterances
VLOG[2] (compute-mfcc-feats[5.5.916~1-7f57e]:main():compute-mfcc-feats.cc:182) Processed features for key malavika_a10
VLOG[2] (compute-mfcc-feats[5.5.916~1-7f57e]:main():compute-mfcc-feats.cc:182) Processed features for key mounika_b01
VLOG[2] (compute-mfcc-feats[5.5.916~1-7f57e]:main():compute-mfcc-feats.cc:182) Processed features for key mounika_b02
VLOG[2] (compute-mfcc-feats[5.5.916~1-7f57e]:main():compute-mfcc-feats.cc:182) Processed features for key mounika_b03
VLOG[2] (compute-mfcc-feats[5.5.916~1-7f57e]:main():compute-mfcc-feats.cc:182) Processed features for key mounika_b04
VLOG[2] (compute-mfcc-feats[5.5.916~1-7f57e]:main():compute-mfcc-feats.cc:182) Processed features for key mounika_b05
VLOG[2] (compute-mfcc-feats[5.5.916~1-7f57e]:main():compute-mfcc-feats.cc:182) Processed features for key mounika_b06
VLOG[2] (compute-mfcc-feats[5.5.916~1-7f57e]:main():compute-mfcc-feats.cc:182) Processed features for key mounika_b07
VLOG[2] (compute-mfcc-feats[5.5.916~1-7f57e]:main():compute-mfcc-feats.cc:182) Processed features for key mounika_b08
VLOG[2] (compute-mfcc-feats[5.5.916~1-7f57e]:main():compute-mfcc-feats.cc:182) Processed features for key mounika_b09
LOG (compute-mfcc-feats[5.5.916~1-7f57e]:main():compute-mfcc-feats.cc:181) Processed 50 utterances
VLOG[2] (compute-mfcc-feats[5.5.916~1-7f57e]:main():compute-mfcc-feats.cc:182) Processed features for key mounika_b10
VLOG[2] (compute-mfcc-feats[5.5.916~1-7f57e]:main():compute-mfcc-feats.cc:182) Processed features for key ramakrishna_t01
VLOG[2] (compute-mfcc-feats[5.5.916~1-7f57e]:main():compute-mfcc-feats.cc:182) Processed features for key ramakrishna_t02
VLOG[2] (compute-mfcc-feats[5.5.916~1-7f57e]:main():compute-mfcc-feats.cc:182) Processed features for key ramakrishna_t03
VLOG[2] (compute-mfcc-feats[5.5.916~1-7f57e]:main():compute-mfcc-feats.cc:182) Processed features for key ramakrishna_t04
VLOG[2] (compute-mfcc-feats[5.5.916~1-7f57e]:main():compute-mfcc-feats.cc:182) Processed features for key ramakrishna_t05
VLOG[2] (compute-mfcc-feats[5.5.916~1-7f57e]:main():compute-mfcc-feats.cc:182) Processed features for key ramakrishna_t06
VLOG[2] (compute-mfcc-feats[5.5.916~1-7f57e]:main():compute-mfcc-feats.cc:182) Processed features for key ramakrishna_t07
VLOG[2] (compute-mfcc-feats[5.5.916~1-7f57e]:main():compute-mfcc-feats.cc:182) Processed features for key ramakrishna_t08
VLOG[2] (compute-mfcc-feats[5.5.916~1-7f57e]:main():compute-mfcc-feats.cc:182) Processed features for key ramakrishna_t09
LOG (compute-mfcc-feats[5.5.916~1-7f57e]:main():compute-mfcc-feats.cc:181) Processed 60 utterances
VLOG[2] (compute-mfcc-feats[5.5.916~1-7f57e]:main():compute-mfcc-feats.cc:182) Processed features for key ramakrishna_t10
VLOG[2] (compute-mfcc-feats[5.5.916~1-7f57e]:main():compute-mfcc-feats.cc:182) Processed features for key rambabu_r01
VLOG[2] (compute-mfcc-feats[5.5.916~1-7f57e]:main():compute-mfcc-feats.cc:182) Processed features for key rambabu_r02
VLOG[2] (compute-mfcc-feats[5.5.916~1-7f57e]:main():compute-mfcc-feats.cc:182) Processed features for key rambabu_r03
VLOG[2] (compute-mfcc-feats[5.5.916~1-7f57e]:main():compute-mfcc-feats.cc:182) Processed features for key rambabu_r04
VLOG[2] (compute-mfcc-feats[5.5.916~1-7f57e]:main():compute-mfcc-feats.cc:182) Processed features for key rambabu_r05
VLOG[2] (compute-mfcc-feats[5.5.916~1-7f57e]:main():compute-mfcc-feats.cc:182) Processed features for key rambabu_r06
VLOG[2] (compute-mfcc-feats[5.5.916~1-7f57e]:main():compute-mfcc-feats.cc:182) Processed features for key rambabu_r07
VLOG[2] (compute-mfcc-feats[5.5.916~1-7f57e]:main():compute-mfcc-feats.cc:182) Processed features for key rambabu_r08
VLOG[2] (compute-mfcc-feats[5.5.916~1-7f57e]:main():compute-mfcc-feats.cc:182) Processed features for key rambabu_r09
LOG (compute-mfcc-feats[5.5.916~1-7f57e]:main():compute-mfcc-feats.cc:181) Processed 70 utterances
VLOG[2] (compute-mfcc-feats[5.5.916~1-7f57e]:main():compute-mfcc-feats.cc:182) Processed features for key rambabu_r10
VLOG[2] (compute-mfcc-feats[5.5.916~1-7f57e]:main():compute-mfcc-feats.cc:182) Processed features for key samyukta_s01
VLOG[2] (compute-mfcc-feats[5.5.916~1-7f57e]:main():compute-mfcc-feats.cc:182) Processed features for key samyukta_s02
VLOG[2] (compute-mfcc-feats[5.5.916~1-7f57e]:main():compute-mfcc-feats.cc:182) Processed features for key samyukta_s03
VLOG[2] (compute-mfcc-feats[5.5.916~1-7f57e]:main():compute-mfcc-feats.cc:182) Processed features for key samyukta_s04
VLOG[2] (compute-mfcc-feats[5.5.916~1-7f57e]:main():compute-mfcc-feats.cc:182) Processed features for key samyukta_s05
VLOG[2] (compute-mfcc-feats[5.5.916~1-7f57e]:main():compute-mfcc-feats.cc:182) Processed features for key samyukta_s06
VLOG[2] (compute-mfcc-feats[5.5.916~1-7f57e]:main():compute-mfcc-feats.cc:182) Processed features for key samyukta_s07
VLOG[2] (compute-mfcc-feats[5.5.916~1-7f57e]:main():compute-mfcc-feats.cc:182) Processed features for key samyukta_s08
VLOG[2] (compute-mfcc-feats[5.5.916~1-7f57e]:main():compute-mfcc-feats.cc:182) Processed features for key samyukta_s09
LOG (compute-mfcc-feats[5.5.916~1-7f57e]:main():compute-mfcc-feats.cc:181) Processed 80 utterances
VLOG[2] (compute-mfcc-feats[5.5.916~1-7f57e]:main():compute-mfcc-feats.cc:182) Processed features for key samyukta_s10
VLOG[2] (compute-mfcc-feats[5.5.916~1-7f57e]:main():compute-mfcc-feats.cc:182) Processed features for key shivanand_c01
VLOG[2] (compute-mfcc-feats[5.5.916~1-7f57e]:main():compute-mfcc-feats.cc:182) Processed features for key shivanand_c02
VLOG[2] (compute-mfcc-feats[5.5.916~1-7f57e]:main():compute-mfcc-feats.cc:182) Processed features for key shivanand_c03
VLOG[2] (compute-mfcc-feats[5.5.916~1-7f57e]:main():compute-mfcc-feats.cc:182) Processed features for key shivanand_c04
VLOG[2] (compute-mfcc-feats[5.5.916~1-7f57e]:main():compute-mfcc-feats.cc:182) Processed features for key shivanand_c05
VLOG[2] (compute-mfcc-feats[5.5.916~1-7f57e]:main():compute-mfcc-feats.cc:182) Processed features for key shivanand_c06
VLOG[2] (compute-mfcc-feats[5.5.916~1-7f57e]:main():compute-mfcc-feats.cc:182) Processed features for key shivanand_c07
VLOG[2] (compute-mfcc-feats[5.5.916~1-7f57e]:main():compute-mfcc-feats.cc:182) Processed features for key shivanand_c08
VLOG[2] (compute-mfcc-feats[5.5.916~1-7f57e]:main():compute-mfcc-feats.cc:182) Processed features for key shivanand_c09
LOG (compute-mfcc-feats[5.5.916~1-7f57e]:main():compute-mfcc-feats.cc:181) Processed 90 utterances
VLOG[2] (compute-mfcc-feats[5.5.916~1-7f57e]:main():compute-mfcc-feats.cc:182) Processed features for key shivanand_c10
VLOG[2] (compute-mfcc-feats[5.5.916~1-7f57e]:main():compute-mfcc-feats.cc:182) Processed features for key sonali_d01
VLOG[2] (compute-mfcc-feats[5.5.916~1-7f57e]:main():compute-mfcc-feats.cc:182) Processed features for key sonali_d02
VLOG[2] (compute-mfcc-feats[5.5.916~1-7f57e]:main():compute-mfcc-feats.cc:182) Processed features for key sonali_d03
VLOG[2] (compute-mfcc-feats[5.5.916~1-7f57e]:main():compute-mfcc-feats.cc:182) Processed features for key sonali_d04
VLOG[2] (compute-mfcc-feats[5.5.916~1-7f57e]:main():compute-mfcc-feats.cc:182) Processed features for key sonali_d05
VLOG[2] (compute-mfcc-feats[5.5.916~1-7f57e]:main():compute-mfcc-feats.cc:182) Processed features for key sonali_d06
VLOG[2] (compute-mfcc-feats[5.5.916~1-7f57e]:main():compute-mfcc-feats.cc:182) Processed features for key sonali_d07
VLOG[2] (compute-mfcc-feats[5.5.916~1-7f57e]:main():compute-mfcc-feats.cc:182) Processed features for key sonali_d08
VLOG[2] (compute-mfcc-feats[5.5.916~1-7f57e]:main():compute-mfcc-feats.cc:182) Processed features for key sonali_d09
LOG (compute-mfcc-feats[5.5.916~1-7f57e]:main():compute-mfcc-feats.cc:181) Processed 100 utterances
VLOG[2] (compute-mfcc-feats[5.5.916~1-7f57e]:main():compute-mfcc-feats.cc:182) Processed features for key sonali_d10
LOG (compute-mfcc-feats[5.5.916~1-7f57e]:main():compute-mfcc-feats.cc:185)  Done 100 out of 100 utterances.
LOG (copy-feats[5.5.916~1-7f57e]:main():copy-feats.cc:143) Copied 100 feature matrices.
# Accounting: time=2 threads=1
# Ended (code 0) at Sat May  8 19:19:11 IST 2021, elapsed time 2 seconds
