# lattice-scale --inv-acoustic-scale=14 "ark:gunzip -c exp/mono/decode/lat.*.gz|" ark:- | lattice-add-penalty --word-ins-penalty=0.5 ark:- ark:- | lattice-best-path --word-symbol-table=exp/mono/graph/words.txt ark:- ark,t:- | utils/int2sym.pl -f 2- exp/mono/graph/words.txt | local/wer_hyp_filter > exp/mono/decode/scoring_kaldi/penalty_0.5/14.txt 
# Started at Sat May  8 19:19:25 IST 2021
#
lattice-add-penalty --word-ins-penalty=0.5 ark:- ark:- 
lattice-scale --inv-acoustic-scale=14 'ark:gunzip -c exp/mono/decode/lat.*.gz|' ark:- 
lattice-best-path --word-symbol-table=exp/mono/graph/words.txt ark:- ark,t:- 
LOG (lattice-best-path[5.5.916~1-7f57e]:main():lattice-best-path.cc:99) For utterance sravya_w01, best cost 53.3684 + 1914.43 = 1967.8 over 290 frames.
sravya_w01 ZERO ONE TWO THREE FOUR FIVE SIX SEVEN NINE 
LOG (lattice-best-path[5.5.916~1-7f57e]:main():lattice-best-path.cc:99) For utterance sravya_w02, best cost 47.7739 + 1788.94 = 1836.72 over 267 frames.
sravya_w02 ONE THREE FIVE SEVEN NINE ZERO SIX TWO 
LOG (lattice-best-path[5.5.916~1-7f57e]:main():lattice-best-path.cc:99) For utterance sravya_w03, best cost 43.0087 + 1858.61 = 1901.62 over 276 frames.
sravya_w03 ZERO TWO FOUR SIX THREE FIVE SEVEN 
LOG (lattice-best-path[5.5.916~1-7f57e]:main():lattice-best-path.cc:99) For utterance sravya_w04, best cost 47.7171 + 1799.13 = 1846.84 over 265 frames.
sravya_w04 ONE FIVE NINE TWO FOUR SIX ZERO SEVEN 
LOG (lattice-best-path[5.5.916~1-7f57e]:main():lattice-best-path.cc:99) For utterance sravya_w05, best cost 43.792 + 1786.8 = 1830.59 over 266 frames.
sravya_w05 ONE THREE FIVE SIX ZERO NINE TWO 
LOG (lattice-best-path[5.5.916~1-7f57e]:main():lattice-best-path.cc:99) For utterance sravya_w06, best cost 63.4102 + 2297.29 = 2360.7 over 335 frames.
sravya_w06 TWO THREE NINE FOUR TWO FOUR FIVE ZERO SEVEN SIX EIGHT 
LOG (lattice-best-path[5.5.916~1-7f57e]:main():lattice-best-path.cc:99) For utterance sravya_w07, best cost 60.5373 + 2592.2 = 2652.74 over 390 frames.
sravya_w07 ONE THREE TWO FOUR FIVE THREE ZERO SIX NINE SEVEN 
LOG (lattice-best-path[5.5.916~1-7f57e]:main():lattice-best-path.cc:99) For utterance sravya_w08, best cost 53.0419 + 2302.17 = 2355.21 over 341 frames.
sravya_w08 TWO THREE FIVE FOUR SEVEN SIX ONE ZERO 
LOG (lattice-best-path[5.5.916~1-7f57e]:main():lattice-best-path.cc:99) For utterance sravya_w09, best cost 67.3578 + 2814.65 = 2882 over 424 frames.
sravya_w09 NINE THREE SEVEN SIX FIVE FOUR THREE TWO ONE ZERO SEVEN 
LOG (lattice-best-path[5.5.916~1-7f57e]:main():lattice-best-path.cc:99) For utterance sravya_w10, best cost 75.9067 + 3255.41 = 3331.32 over 499 frames.
sravya_w10 THREE FOUR ONE ZERO EIGHT SEVEN SIX FOUR THREE FIVE EIGHT NINE 
LOG (lattice-best-path[5.5.916~1-7f57e]:main():lattice-best-path.cc:99) For utterance sudharshan_x01, best cost 67.3333 + 2926.52 = 2993.86 over 461 frames.
sudharshan_x01 ZERO ONE TWO THREE FOUR FIVE SIX SEVEN EIGHT NINE 
LOG (lattice-best-path[5.5.916~1-7f57e]:main():lattice-best-path.cc:99) For utterance sudharshan_x02, best cost 56.4023 + 2366.92 = 2423.32 over 370 frames.
sudharshan_x02 ONE THREE FIVE SEVEN NINE ZERO SIX EIGHT TWO 
LOG (lattice-best-path[5.5.916~1-7f57e]:main():lattice-best-path.cc:99) For utterance sudharshan_x03, best cost 57.3326 + 2720.35 = 2777.68 over 435 frames.
sudharshan_x03 ZERO TWO FOUR SIX EIGHT SEVEN NINE SEVEN ONE 
LOG (lattice-best-path[5.5.916~1-7f57e]:main():lattice-best-path.cc:99) For utterance sudharshan_x04, best cost 50.4989 + 2374.52 = 2425.02 over 383 frames.
sudharshan_x04 ONE FIVE NINE TWO FOUR SIX ZERO SEVEN 
LOG (lattice-best-path[5.5.916~1-7f57e]:main():lattice-best-path.cc:99) For utterance sudharshan_x05, best cost 49.6966 + 2498.99 = 2548.69 over 409 frames.
sudharshan_x05 ONE THREE FIVE SIX ZERO EIGHT NINE TWO 
LOG (lattice-best-path[5.5.916~1-7f57e]:main():lattice-best-path.cc:99) For utterance sudharshan_x06, best cost 69.9801 + 3458.99 = 3528.97 over 562 frames.
sudharshan_x06 TWO THREE NINE FOUR TWO FOUR FIVE ZERO SEVEN SIX EIGHT 
LOG (lattice-best-path[5.5.916~1-7f57e]:main():lattice-best-path.cc:99) For utterance sudharshan_x07, best cost 69.342 + 3189.17 = 3258.51 over 519 frames.
sudharshan_x07 ONE THREE TWO FOUR SEVEN THREE ZERO SIX NINE EIGHT SEVEN 
LOG (lattice-best-path[5.5.916~1-7f57e]:main():lattice-best-path.cc:99) For utterance sudharshan_x08, best cost 68.1847 + 2963.48 = 3031.67 over 477 frames.
sudharshan_x08 TWO THREE FIVE FOUR EIGHT SEVEN NINE SIX ONE ZERO 
LOG (lattice-best-path[5.5.916~1-7f57e]:main():lattice-best-path.cc:99) For utterance sudharshan_x09, best cost 74.5742 + 3177.27 = 3251.84 over 500 frames.
sudharshan_x09 NINE EIGHT SEVEN SIX FIVE FOUR THREE TWO ONE ZERO SEVEN ONE 
LOG (lattice-best-path[5.5.916~1-7f57e]:main():lattice-best-path.cc:99) For utterance sudharshan_x10, best cost 78.5237 + 3319.23 = 3397.75 over 536 frames.
sudharshan_x10 THREE FOUR ONE ZERO EIGHT SEVEN SIX FOUR THREE FIVE EIGHT NINE 
LOG (lattice-best-path[5.5.916~1-7f57e]:main():lattice-best-path.cc:99) For utterance swetha_y01, best cost 38.6036 + 1493.25 = 1531.86 over 230 frames.
swetha_y01 ZERO ONE ZERO FIVE SIX SEVEN 
LOG (lattice-best-path[5.5.916~1-7f57e]:main():lattice-best-path.cc:99) For utterance swetha_y02, best cost 43.9332 + 1392.96 = 1436.89 over 220 frames.
swetha_y02 ONE THREE FIVE SEVEN ZERO SIX ZERO 
LOG (lattice-best-path[5.5.916~1-7f57e]:main():lattice-best-path.cc:99) For utterance swetha_y03, best cost 37.1167 + 1456.9 = 1494.02 over 227 frames.
swetha_y03 ZERO FOUR SIX EIGHT NINE SEVEN 
LOG (lattice-best-path[5.5.916~1-7f57e]:main():lattice-best-path.cc:99) For utterance swetha_y04, best cost 38.4864 + 1342.74 = 1381.23 over 208 frames.
swetha_y04 ONE NINE TWO SIX EIGHT SEVEN 
LOG (lattice-best-path[5.5.916~1-7f57e]:main():lattice-best-path.cc:99) For utterance swetha_y05, best cost 45.3844 + 1213.38 = 1258.77 over 189 frames.
swetha_y05 ONE THREE FIVE SIX ZERO EIGHT NINE TWO 
LOG (lattice-best-path[5.5.916~1-7f57e]:main():lattice-best-path.cc:99) For utterance swetha_y06, best cost 60.3631 + 2234.05 = 2294.42 over 362 frames.
swetha_y06 TWO THREE NINE FOUR TWO FOUR FIVE SEVEN SIX EIGHT 
LOG (lattice-best-path[5.5.916~1-7f57e]:main():lattice-best-path.cc:99) For utterance swetha_y07, best cost 50.6152 + 1606.82 = 1657.43 over 247 frames.
swetha_y07 FIVE ZERO FOUR FIVE ZERO SIX THREE SEVEN 
LOG (lattice-best-path[5.5.916~1-7f57e]:main():lattice-best-path.cc:99) For utterance swetha_y08, best cost 53.232 + 1602.09 = 1655.32 over 246 frames.
swetha_y08 TWO THREE FIVE FOUR SEVEN NINE SIX FIVE ZERO 
LOG (lattice-best-path[5.5.916~1-7f57e]:main():lattice-best-path.cc:99) For utterance swetha_y09, best cost 48.7668 + 1695.49 = 1744.25 over 258 frames.
swetha_y09 NINE FIVE SIX FIVE ONE ZERO FIVE SEVEN 
LOG (lattice-scale[5.5.916~1-7f57e]:main():lattice-scale.cc:107) Done 40 lattices.
LOG (lattice-best-path[5.5.916~1-7f57e]:main():lattice-best-path.cc:99) For utterance swetha_y10, best cost 43.7297 + 1631.93 = 1675.66 over 251 frames.
swetha_y10 ZERO EIGHT SEVEN SIX FOUR THREE NINE 
LOG (lattice-best-path[5.5.916~1-7f57e]:main():lattice-best-path.cc:99) For utterance vvraju_z01, best cost 69.4586 + 3176.76 = 3246.22 over 476 frames.
vvraju_z01 ZERO ONE TWO THREE FOUR FIVE SIX SEVEN EIGHT NINE 
LOG (lattice-best-path[5.5.916~1-7f57e]:main():lattice-best-path.cc:99) For utterance vvraju_z02, best cost 62.0961 + 2532.6 = 2594.69 over 385 frames.
vvraju_z02 ONE THREE ONE FIVE SEVEN NINE ZERO SIX EIGHT TWO 
LOG (lattice-best-path[5.5.916~1-7f57e]:main():lattice-best-path.cc:99) For utterance vvraju_z03, best cost 54.7169 + 2513.97 = 2568.69 over 374 frames.
vvraju_z03 ZERO TWO FOUR SIX EIGHT FIVE NINE SEVEN ONE 
LOG (lattice-add-penalty[5.5.916~1-7f57e]:main():lattice-add-penalty.cc:62) Done adding word insertion penalty to 40 lattices.
LOG (lattice-best-path[5.5.916~1-7f57e]:main():lattice-best-path.cc:99) For utterance vvraju_z04, best cost 55.191 + 2202.34 = 2257.53 over 340 frames.
vvraju_z04 ONE FIVE FIVE NINE TWO FOUR SIX ZERO SEVEN 
LOG (lattice-best-path[5.5.916~1-7f57e]:main():lattice-best-path.cc:99) For utterance vvraju_z05, best cost 50.5939 + 2081.94 = 2132.53 over 322 frames.
vvraju_z05 ONE THREE FIVE SIX ZERO EIGHT NINE TWO 
LOG (lattice-best-path[5.5.916~1-7f57e]:main():lattice-best-path.cc:99) For utterance vvraju_z06, best cost 70.3238 + 2877.16 = 2947.48 over 432 frames.
vvraju_z06 TWO THREE NINE FOUR TWO FOUR FIVE ZERO SEVEN SIX EIGHT 
LOG (lattice-best-path[5.5.916~1-7f57e]:main():lattice-best-path.cc:99) For utterance vvraju_z07, best cost 75.5659 + 2888.2 = 2963.77 over 442 frames.
vvraju_z07 ONE THREE TWO FOUR ONE FIVE EIGHT THREE ZERO SIX NINE EIGHT SEVEN 
LOG (lattice-best-path[5.5.916~1-7f57e]:main():lattice-best-path.cc:99) For utterance vvraju_z08, best cost 61.02 + 2592.99 = 2654.01 over 400 frames.
vvraju_z08 TWO THREE FIVE FOUR EIGHT SEVEN NINE SIX ONE ZERO 
LOG (lattice-best-path[5.5.916~1-7f57e]:main():lattice-best-path.cc:99) For utterance vvraju_z09, best cost 73.1596 + 3015.36 = 3088.52 over 458 frames.
vvraju_z09 NINE EIGHT SEVEN SIX FIVE FOUR THREE TWO ONE ZERO SEVEN ONE 
LOG (lattice-best-path[5.5.916~1-7f57e]:main():lattice-best-path.cc:99) For utterance vvraju_z10, best cost 75.7575 + 2893.41 = 2969.17 over 439 frames.
vvraju_z10 THREE ONE FOUR ONE ZERO EIGHT SEVEN SIX FOUR THREE FIVE EIGHT NINE 
LOG (lattice-best-path[5.5.916~1-7f57e]:main():lattice-best-path.cc:124) Overall cost per frame is 6.62637 = 0.158907 [graph] + 6.46747 [acoustic] over 14511 frames.
LOG (lattice-best-path[5.5.916~1-7f57e]:main():lattice-best-path.cc:128) Done 40 lattices, failed for 0
# Accounting: time=0 threads=1
# Ended (code 0) at Sat May  8 19:19:25 IST 2021, elapsed time 0 seconds
