# lattice-scale --inv-acoustic-scale=11 "ark:gunzip -c exp/tri2b/decode/lat.*.gz|" ark:- | lattice-add-penalty --word-ins-penalty=0.5 ark:- ark:- | lattice-best-path --word-symbol-table=exp/tri2b/graph/words.txt ark:- ark,t:- | utils/int2sym.pl -f 2- exp/tri2b/graph/words.txt | local/wer_hyp_filter > exp/tri2b/decode/scoring_kaldi/penalty_0.5/11.txt 
# Started at Sat May  8 21:56:57 IST 2021
#
lattice-scale --inv-acoustic-scale=11 'ark:gunzip -c exp/tri2b/decode/lat.*.gz|' ark:- 
lattice-add-penalty --word-ins-penalty=0.5 ark:- ark:- 
lattice-best-path --word-symbol-table=exp/tri2b/graph/words.txt ark:- ark,t:- 
LOG (lattice-best-path[5.5.916~1-7f57e]:main():lattice-best-path.cc:99) For utterance sravya_w01, best cost 55.2668 + 1634.95 = 1690.22 over 290 frames.
sravya_w01 ZERO ONE TWO TWO FOUR FIVE SIX SEVEN EIGHT NINE 
LOG (lattice-best-path[5.5.916~1-7f57e]:main():lattice-best-path.cc:99) For utterance sravya_w02, best cost 50.0554 + 1541.35 = 1591.41 over 267 frames.
sravya_w02 TWO THREE FIVE SEVEN NINE ZERO SIX EIGHT TWO 
LOG (lattice-best-path[5.5.916~1-7f57e]:main():lattice-best-path.cc:99) For utterance sravya_w03, best cost 52.5153 + 1613.38 = 1665.9 over 276 frames.
sravya_w03 ZERO TWO FOUR SIX ZERO FIVE NINE SEVEN ONE 
LOG (lattice-best-path[5.5.916~1-7f57e]:main():lattice-best-path.cc:99) For utterance sravya_w04, best cost 46.0532 + 1554.56 = 1600.62 over 265 frames.
sravya_w04 ONE FIVE NINE TWO FOUR FOUR ZERO SEVEN 
LOG (lattice-best-path[5.5.916~1-7f57e]:main():lattice-best-path.cc:99) For utterance sravya_w05, best cost 50.6664 + 1564.49 = 1615.15 over 266 frames.
sravya_w05 ONE THREE FIVE SIX ZERO EIGHT NINE TWO EIGHT 
LOG (lattice-best-path[5.5.916~1-7f57e]:main():lattice-best-path.cc:99) For utterance sravya_w06, best cost 61.3915 + 2043.78 = 2105.17 over 335 frames.
sravya_w06 TWO THREE NINE FOUR TWO FOUR FIVE ZERO SEVEN SIX EIGHT 
LOG (lattice-best-path[5.5.916~1-7f57e]:main():lattice-best-path.cc:99) For utterance sravya_w07, best cost 63.7098 + 2271.06 = 2334.77 over 390 frames.
sravya_w07 ONE THREE TWO FOUR FIVE THREE ZERO SIX NINE EIGHT SEVEN 
LOG (lattice-best-path[5.5.916~1-7f57e]:main():lattice-best-path.cc:99) For utterance sravya_w08, best cost 58.128 + 1979.21 = 2037.34 over 341 frames.
sravya_w08 TWO THREE FIVE FOUR EIGHT SEVEN NINE SIX ONE ZERO 
LOG (lattice-best-path[5.5.916~1-7f57e]:main():lattice-best-path.cc:99) For utterance sravya_w09, best cost 68.9482 + 2441.46 = 2510.41 over 424 frames.
sravya_w09 ONE EIGHT SEVEN SIX FIVE FOUR THREE TWO ONE ZERO SEVEN ONE 
LOG (lattice-best-path[5.5.916~1-7f57e]:main():lattice-best-path.cc:99) For utterance sravya_w10, best cost 76.7048 + 2788.56 = 2865.27 over 499 frames.
sravya_w10 THREE FOUR EIGHT ONE ZERO EIGHT SEVEN SIX FOUR THREE FIVE EIGHT NINE 
LOG (lattice-best-path[5.5.916~1-7f57e]:main():lattice-best-path.cc:99) For utterance sudharshan_x01, best cost 71.957 + 2678.23 = 2750.19 over 461 frames.
sudharshan_x01 ZERO ONE TWO THREE FOUR FIVE SIX SEVEN NINE 
LOG (lattice-best-path[5.5.916~1-7f57e]:main():lattice-best-path.cc:99) For utterance sudharshan_x02, best cost 57.4832 + 2124.54 = 2182.03 over 370 frames.
sudharshan_x02 ONE THREE FIVE SEVEN NINE ZERO SIX SIX TWO 
LOG (lattice-best-path[5.5.916~1-7f57e]:main():lattice-best-path.cc:99) For utterance sudharshan_x03, best cost 58.181 + 2432.83 = 2491.01 over 435 frames.
sudharshan_x03 ZERO TWO FOUR SIX FIVE NINE SEVEN ONE 
LOG (lattice-best-path[5.5.916~1-7f57e]:main():lattice-best-path.cc:99) For utterance sudharshan_x04, best cost 54.0403 + 2056.55 = 2110.59 over 383 frames.
sudharshan_x04 ONE FIVE NINE TWO FOUR SIX ZERO SEVEN 
LOG (lattice-best-path[5.5.916~1-7f57e]:main():lattice-best-path.cc:99) For utterance sudharshan_x05, best cost 53.6129 + 2217.06 = 2270.67 over 409 frames.
sudharshan_x05 ONE THREE FIVE SIX ZERO EIGHT NINE TWO 
LOG (lattice-best-path[5.5.916~1-7f57e]:main():lattice-best-path.cc:99) For utterance sudharshan_x06, best cost 73.1136 + 3012.63 = 3085.74 over 562 frames.
sudharshan_x06 TWO THREE NINE FOUR TWO FOUR FIVE ZERO SIX SIX 
LOG (lattice-best-path[5.5.916~1-7f57e]:main():lattice-best-path.cc:99) For utterance sudharshan_x07, best cost 78.8516 + 2800.75 = 2879.61 over 519 frames.
sudharshan_x07 ONE THREE TWO FOUR FIVE THREE ZERO SIX NINE EIGHT SEVEN 
LOG (lattice-best-path[5.5.916~1-7f57e]:main():lattice-best-path.cc:99) For utterance sudharshan_x08, best cost 65.7148 + 2673.56 = 2739.28 over 477 frames.
sudharshan_x08 TWO THREE FIVE FOUR EIGHT SEVEN NINE SIX ONE ZERO 
LOG (lattice-best-path[5.5.916~1-7f57e]:main():lattice-best-path.cc:99) For utterance sudharshan_x09, best cost 79.62 + 2918.78 = 2998.4 over 500 frames.
sudharshan_x09 NINE SEVEN SIX FIVE FOUR THREE TWO ONE ZERO SEVEN ONE 
LOG (lattice-best-path[5.5.916~1-7f57e]:main():lattice-best-path.cc:99) For utterance sudharshan_x10, best cost 83.5544 + 2873.02 = 2956.57 over 536 frames.
sudharshan_x10 THREE FOUR ONE ZERO EIGHT SEVEN SIX FOUR THREE FIVE EIGHT NINE 
LOG (lattice-best-path[5.5.916~1-7f57e]:main():lattice-best-path.cc:99) For utterance swetha_y01, best cost 49.532 + 1264.14 = 1313.67 over 230 frames.
swetha_y01 ZERO ONE THREE FOUR FIVE SIX SEVEN EIGHT NINE 
LOG (lattice-best-path[5.5.916~1-7f57e]:main():lattice-best-path.cc:99) For utterance swetha_y02, best cost 48.8177 + 1171.74 = 1220.56 over 220 frames.
swetha_y02 ONE THREE FIVE SEVEN NINE ZERO SIX EIGHT TWO 
LOG (lattice-best-path[5.5.916~1-7f57e]:main():lattice-best-path.cc:99) For utterance swetha_y03, best cost 39.827 + 1222.54 = 1262.37 over 227 frames.
swetha_y03 ZERO TWO FOUR SIX EIGHT NINE SEVEN 
LOG (lattice-best-path[5.5.916~1-7f57e]:main():lattice-best-path.cc:99) For utterance swetha_y04, best cost 39.8916 + 1127.41 = 1167.3 over 208 frames.
swetha_y04 FIVE NINE TWO FOUR SIX ZERO SEVEN 
LOG (lattice-scale[5.5.916~1-7f57e]:main():lattice-scale.cc:107) Done 40 lattices.
LOG (lattice-best-path[5.5.916~1-7f57e]:main():lattice-best-path.cc:99) For utterance swetha_y05, best cost 42.9266 + 1038.31 = 1081.24 over 189 frames.
swetha_y05 ONE THREE FIVE SIX ZERO EIGHT EIGHT TWO 
LOG (lattice-best-path[5.5.916~1-7f57e]:main():lattice-best-path.cc:99) For utterance swetha_y06, best cost 63.9028 + 1860.5 = 1924.41 over 362 frames.
swetha_y06 TWO THREE NINE FOUR TWO FOUR FIVE ZERO ONE SIX EIGHT 
LOG (lattice-best-path[5.5.916~1-7f57e]:main():lattice-best-path.cc:99) For utterance swetha_y07, best cost 59.8537 + 1324.27 = 1384.13 over 247 frames.
swetha_y07 FIVE THREE TWO FOUR FIVE THREE ZERO SIX NINE EIGHT SEVEN 
LOG (lattice-best-path[5.5.916~1-7f57e]:main():lattice-best-path.cc:99) For utterance swetha_y08, best cost 55.7943 + 1323.23 = 1379.03 over 246 frames.
swetha_y08 TWO THREE FIVE FOUR EIGHT SEVEN NINE SIX ONE SEVEN 
LOG (lattice-best-path[5.5.916~1-7f57e]:main():lattice-best-path.cc:99) For utterance swetha_y09, best cost 63.7074 + 1438.85 = 1502.56 over 258 frames.
swetha_y09 NINE EIGHT SEVEN SIX FIVE FOUR THREE TWO ONE ZERO SEVEN ONE 
LOG (lattice-best-path[5.5.916~1-7f57e]:main():lattice-best-path.cc:99) For utterance swetha_y10, best cost 55.1499 + 1374.98 = 1430.13 over 251 frames.
swetha_y10 THREE FOUR ONE EIGHT SEVEN SIX FOUR THREE NINE EIGHT 
LOG (lattice-add-penalty[5.5.916~1-7f57e]:main():lattice-add-penalty.cc:62) Done adding word insertion penalty to 40 lattices.
LOG (lattice-best-path[5.5.916~1-7f57e]:main():lattice-best-path.cc:99) For utterance vvraju_z01, best cost 80.3231 + 3091.9 = 3172.22 over 476 frames.
vvraju_z01 ZERO TWO THREE FOUR FOUR FIVE SIX SEVEN EIGHT NINE 
LOG (lattice-best-path[5.5.916~1-7f57e]:main():lattice-best-path.cc:99) For utterance vvraju_z02, best cost 63.2334 + 2414.89 = 2478.13 over 385 frames.
vvraju_z02 ONE THREE FOUR FIVE SEVEN NINE ZERO SIX EIGHT TWO 
LOG (lattice-best-path[5.5.916~1-7f57e]:main():lattice-best-path.cc:99) For utterance vvraju_z03, best cost 64.9826 + 2472.68 = 2537.67 over 374 frames.
vvraju_z03 ZERO TWO FOUR SIX EIGHT FIVE NINE SEVEN ONE 
LOG (lattice-best-path[5.5.916~1-7f57e]:main():lattice-best-path.cc:99) For utterance vvraju_z04, best cost 59.3148 + 2176.66 = 2235.97 over 340 frames.
vvraju_z04 ONE FIVE NINE TWO FOUR SIX ZERO SEVEN 
LOG (lattice-best-path[5.5.916~1-7f57e]:main():lattice-best-path.cc:99) For utterance vvraju_z05, best cost 59.2784 + 2056.7 = 2115.98 over 322 frames.
vvraju_z05 ONE THREE FIVE SIX ZERO EIGHT NINE TWO 
LOG (lattice-best-path[5.5.916~1-7f57e]:main():lattice-best-path.cc:99) For utterance vvraju_z06, best cost 82.3008 + 2814.47 = 2896.77 over 432 frames.
vvraju_z06 TWO THREE NINE FOUR TWO FOUR FOUR FIVE ZERO SEVEN SIX EIGHT 
LOG (lattice-best-path[5.5.916~1-7f57e]:main():lattice-best-path.cc:99) For utterance vvraju_z07, best cost 77.7991 + 2850.6 = 2928.4 over 442 frames.
vvraju_z07 ONE THREE TWO FOUR FOUR FIVE THREE SIX TWO SIX NINE EIGHT SEVEN 
LOG (lattice-best-path[5.5.916~1-7f57e]:main():lattice-best-path.cc:99) For utterance vvraju_z08, best cost 72.6489 + 2456 = 2528.65 over 400 frames.
vvraju_z08 TWO THREE TWO FIVE FOUR EIGHT SEVEN NINE SIX ONE ZERO 
LOG (lattice-best-path[5.5.916~1-7f57e]:main():lattice-best-path.cc:99) For utterance vvraju_z09, best cost 86.4919 + 2947.73 = 3034.22 over 458 frames.
vvraju_z09 NINE EIGHT SEVEN SIX FIVE FOUR THREE TWO ONE ZERO SEVEN EIGHT ONE 
LOG (lattice-best-path[5.5.916~1-7f57e]:main():lattice-best-path.cc:99) For utterance vvraju_z10, best cost 78.8749 + 2873.17 = 2952.04 over 439 frames.
vvraju_z10 THREE FOUR FOUR ONE ZERO THREE SEVEN SIX FOUR THREE FIVE EIGHT NINE 
LOG (lattice-best-path[5.5.916~1-7f57e]:main():lattice-best-path.cc:124) Overall cost per frame is 5.99723 = 0.172574 [graph] + 5.82465 [acoustic] over 14511 frames.
LOG (lattice-best-path[5.5.916~1-7f57e]:main():lattice-best-path.cc:128) Done 40 lattices, failed for 0
# Accounting: time=0 threads=1
# Ended (code 0) at Sat May  8 21:56:57 IST 2021, elapsed time 0 seconds
