# lattice-scale --inv-acoustic-scale=7 "ark:gunzip -c exp/tri2b/decode/lat.*.gz|" ark:- | lattice-add-penalty --word-ins-penalty=0.5 ark:- ark:- | lattice-best-path --word-symbol-table=exp/tri2b/graph/words.txt ark:- ark,t:- | utils/int2sym.pl -f 2- exp/tri2b/graph/words.txt | local/wer_hyp_filter > exp/tri2b/decode/scoring_kaldi/penalty_0.5/7.txt 
# Started at Sat May  8 21:56:57 IST 2021
#
lattice-best-path --word-symbol-table=exp/tri2b/graph/words.txt ark:- ark,t:- 
lattice-add-penalty --word-ins-penalty=0.5 ark:- ark:- 
lattice-scale --inv-acoustic-scale=7 'ark:gunzip -c exp/tri2b/decode/lat.*.gz|' ark:- 
LOG (lattice-best-path[5.5.916~1-7f57e]:main():lattice-best-path.cc:99) For utterance sravya_w01, best cost 55.2668 + 2569.21 = 2624.47 over 290 frames.
sravya_w01 ZERO ONE TWO TWO FOUR FIVE SIX SEVEN EIGHT NINE 
LOG (lattice-best-path[5.5.916~1-7f57e]:main():lattice-best-path.cc:99) For utterance sravya_w02, best cost 50.0554 + 2422.12 = 2472.18 over 267 frames.
sravya_w02 TWO THREE FIVE SEVEN NINE ZERO SIX EIGHT TWO 
LOG (lattice-best-path[5.5.916~1-7f57e]:main():lattice-best-path.cc:99) For utterance sravya_w03, best cost 52.5153 + 2535.32 = 2587.83 over 276 frames.
sravya_w03 ZERO TWO FOUR SIX ZERO FIVE NINE SEVEN ONE 
LOG (lattice-best-path[5.5.916~1-7f57e]:main():lattice-best-path.cc:99) For utterance sravya_w04, best cost 46.0532 + 2442.89 = 2488.94 over 265 frames.
sravya_w04 ONE FIVE NINE TWO FOUR FOUR ZERO SEVEN 
LOG (lattice-best-path[5.5.916~1-7f57e]:main():lattice-best-path.cc:99) For utterance sravya_w05, best cost 50.6664 + 2458.48 = 2509.14 over 266 frames.
sravya_w05 ONE THREE FIVE SIX ZERO EIGHT NINE TWO EIGHT 
LOG (lattice-best-path[5.5.916~1-7f57e]:main():lattice-best-path.cc:99) For utterance sravya_w06, best cost 61.3915 + 3211.65 = 3273.04 over 335 frames.
sravya_w06 TWO THREE NINE FOUR TWO FOUR FIVE ZERO SEVEN SIX EIGHT 
LOG (lattice-best-path[5.5.916~1-7f57e]:main():lattice-best-path.cc:99) For utterance sravya_w07, best cost 66.4419 + 3565.58 = 3632.03 over 390 frames.
sravya_w07 ONE THREE TWO FOUR FIVE THREE ZERO SIX NINE EIGHT SEVEN EIGHT 
LOG (lattice-best-path[5.5.916~1-7f57e]:main():lattice-best-path.cc:99) For utterance sravya_w08, best cost 58.128 + 3110.19 = 3168.32 over 341 frames.
sravya_w08 TWO THREE FIVE FOUR EIGHT SEVEN NINE SIX ONE ZERO 
LOG (lattice-best-path[5.5.916~1-7f57e]:main():lattice-best-path.cc:99) For utterance sravya_w09, best cost 68.9482 + 3836.58 = 3905.53 over 424 frames.
sravya_w09 ONE EIGHT SEVEN SIX FIVE FOUR THREE TWO ONE ZERO SEVEN ONE 
LOG (lattice-best-path[5.5.916~1-7f57e]:main():lattice-best-path.cc:99) For utterance sravya_w10, best cost 76.7048 + 4382.02 = 4458.73 over 499 frames.
sravya_w10 THREE FOUR EIGHT ONE ZERO EIGHT SEVEN SIX FOUR THREE FIVE EIGHT NINE 
LOG (lattice-best-path[5.5.916~1-7f57e]:main():lattice-best-path.cc:99) For utterance sudharshan_x01, best cost 71.957 + 4208.65 = 4280.61 over 461 frames.
sudharshan_x01 ZERO ONE TWO THREE FOUR FIVE SIX SEVEN NINE 
LOG (lattice-best-path[5.5.916~1-7f57e]:main():lattice-best-path.cc:99) For utterance sudharshan_x02, best cost 57.4832 + 3338.57 = 3396.05 over 370 frames.
sudharshan_x02 ONE THREE FIVE SEVEN NINE ZERO SIX SIX TWO 
LOG (lattice-best-path[5.5.916~1-7f57e]:main():lattice-best-path.cc:99) For utterance sudharshan_x03, best cost 62.8005 + 3817.22 = 3880.02 over 435 frames.
sudharshan_x03 ZERO TWO FOUR SIX EIGHT FIVE NINE SEVEN ONE 
LOG (lattice-best-path[5.5.916~1-7f57e]:main():lattice-best-path.cc:99) For utterance sudharshan_x04, best cost 54.0403 + 3231.71 = 3285.76 over 383 frames.
sudharshan_x04 ONE FIVE NINE TWO FOUR SIX ZERO SEVEN 
LOG (lattice-best-path[5.5.916~1-7f57e]:main():lattice-best-path.cc:99) For utterance sudharshan_x05, best cost 55.3987 + 3481.44 = 3536.84 over 409 frames.
sudharshan_x05 ONE THREE FIVE SIX ZERO NINE TWO 
LOG (lattice-best-path[5.5.916~1-7f57e]:main():lattice-best-path.cc:99) For utterance sudharshan_x06, best cost 73.1136 + 4734.13 = 4807.24 over 562 frames.
sudharshan_x06 TWO THREE NINE FOUR TWO FOUR FIVE ZERO SIX SIX 
LOG (lattice-best-path[5.5.916~1-7f57e]:main():lattice-best-path.cc:99) For utterance sudharshan_x07, best cost 78.8516 + 4401.18 = 4480.04 over 519 frames.
sudharshan_x07 ONE THREE TWO FOUR FIVE THREE ZERO SIX NINE EIGHT SEVEN 
LOG (lattice-best-path[5.5.916~1-7f57e]:main():lattice-best-path.cc:99) For utterance sudharshan_x08, best cost 65.7148 + 4201.32 = 4267.03 over 477 frames.
sudharshan_x08 TWO THREE FIVE FOUR EIGHT SEVEN NINE SIX ONE ZERO 
LOG (lattice-best-path[5.5.916~1-7f57e]:main():lattice-best-path.cc:99) For utterance sudharshan_x09, best cost 79.62 + 4586.66 = 4666.28 over 500 frames.
sudharshan_x09 NINE SEVEN SIX FIVE FOUR THREE TWO ONE ZERO SEVEN ONE 
LOG (lattice-best-path[5.5.916~1-7f57e]:main():lattice-best-path.cc:99) For utterance sudharshan_x10, best cost 83.5544 + 4514.74 = 4598.3 over 536 frames.
sudharshan_x10 THREE FOUR ONE ZERO EIGHT SEVEN SIX FOUR THREE FIVE EIGHT NINE 
LOG (lattice-best-path[5.5.916~1-7f57e]:main():lattice-best-path.cc:99) For utterance swetha_y01, best cost 49.532 + 1986.5 = 2036.03 over 230 frames.
swetha_y01 ZERO ONE THREE FOUR FIVE SIX SEVEN EIGHT NINE 
LOG (lattice-best-path[5.5.916~1-7f57e]:main():lattice-best-path.cc:99) For utterance swetha_y02, best cost 48.8177 + 1841.31 = 1890.13 over 220 frames.
swetha_y02 ONE THREE FIVE SEVEN NINE ZERO SIX EIGHT TWO 
LOG (lattice-best-path[5.5.916~1-7f57e]:main():lattice-best-path.cc:99) For utterance swetha_y03, best cost 44.1786 + 1914.41 = 1958.59 over 227 frames.
swetha_y03 ZERO TWO FOUR SIX EIGHT NINE SEVEN ONE 
LOG (lattice-best-path[5.5.916~1-7f57e]:main():lattice-best-path.cc:99) For utterance swetha_y04, best cost 44.4474 + 1764.99 = 1809.44 over 208 frames.
swetha_y04 FIVE NINE NINE TWO FOUR SIX ZERO SEVEN 
LOG (lattice-best-path[5.5.916~1-7f57e]:main():lattice-best-path.cc:99) For utterance swetha_y05, best cost 42.9266 + 1631.63 = 1674.56 over 189 frames.
swetha_y05 ONE THREE FIVE SIX ZERO EIGHT EIGHT TWO 
LOG (lattice-best-path[5.5.916~1-7f57e]:main():lattice-best-path.cc:99) For utterance swetha_y06, best cost 63.9028 + 2923.65 = 2987.55 over 362 frames.
swetha_y06 TWO THREE NINE FOUR TWO FOUR FIVE ZERO ONE SIX EIGHT 
LOG (lattice-best-path[5.5.916~1-7f57e]:main():lattice-best-path.cc:99) For utterance swetha_y07, best cost 59.8537 + 2081 = 2140.85 over 247 frames.
swetha_y07 FIVE THREE TWO FOUR FIVE THREE ZERO SIX NINE EIGHT SEVEN 
LOG (lattice-best-path[5.5.916~1-7f57e]:main():lattice-best-path.cc:99) For utterance swetha_y08, best cost 55.7943 + 2079.37 = 2135.16 over 246 frames.
swetha_y08 TWO THREE FIVE FOUR EIGHT SEVEN NINE SIX ONE SEVEN 
LOG (lattice-best-path[5.5.916~1-7f57e]:main():lattice-best-path.cc:99) For utterance swetha_y09, best cost 63.7074 + 2261.06 = 2324.76 over 258 frames.
swetha_y09 NINE EIGHT SEVEN SIX FIVE FOUR THREE TWO ONE ZERO SEVEN ONE 
LOG (lattice-best-path[5.5.916~1-7f57e]:main():lattice-best-path.cc:99) For utterance swetha_y10, best cost 55.1499 + 2160.68 = 2215.83 over 251 frames.
swetha_y10 THREE FOUR ONE EIGHT SEVEN SIX FOUR THREE NINE EIGHT 
LOG (lattice-best-path[5.5.916~1-7f57e]:main():lattice-best-path.cc:99) For utterance vvraju_z01, best cost 91.9242 + 4846.95 = 4938.88 over 476 frames.
vvraju_z01 ZERO ONE TWO THREE FOUR FOUR FIVE SIX SEVEN EIGHT NINE 
LOG (lattice-best-path[5.5.916~1-7f57e]:main():lattice-best-path.cc:99) For utterance vvraju_z02, best cost 63.2334 + 3794.83 = 3858.07 over 385 frames.
vvraju_z02 ONE THREE FOUR FIVE SEVEN NINE ZERO SIX EIGHT TWO 
LOG (lattice-scale[5.5.916~1-7f57e]:main():lattice-scale.cc:107) Done 40 lattices.
LOG (lattice-best-path[5.5.916~1-7f57e]:main():lattice-best-path.cc:99) For utterance vvraju_z03, best cost 64.9826 + 3885.65 = 3950.63 over 374 frames.
vvraju_z03 ZERO TWO FOUR SIX EIGHT FIVE NINE SEVEN ONE 
LOG (lattice-best-path[5.5.916~1-7f57e]:main():lattice-best-path.cc:99) For utterance vvraju_z04, best cost 59.3148 + 3420.47 = 3479.78 over 340 frames.
vvraju_z04 ONE FIVE NINE TWO FOUR SIX ZERO SEVEN 
LOG (lattice-best-path[5.5.916~1-7f57e]:main():lattice-best-path.cc:99) For utterance vvraju_z05, best cost 62.916 + 3226.35 = 3289.26 over 322 frames.
vvraju_z05 ONE THREE FOUR FIVE SIX ZERO EIGHT NINE TWO 
LOG (lattice-add-penalty[5.5.916~1-7f57e]:main():lattice-add-penalty.cc:62) Done adding word insertion penalty to 40 lattices.
LOG (lattice-best-path[5.5.916~1-7f57e]:main():lattice-best-path.cc:99) For utterance vvraju_z06, best cost 82.3008 + 4422.74 = 4505.04 over 432 frames.
vvraju_z06 TWO THREE NINE FOUR TWO FOUR FOUR FIVE ZERO SEVEN SIX EIGHT 
LOG (lattice-best-path[5.5.916~1-7f57e]:main():lattice-best-path.cc:99) For utterance vvraju_z07, best cost 77.7991 + 4479.51 = 4557.31 over 442 frames.
vvraju_z07 ONE THREE TWO FOUR FOUR FIVE THREE SIX TWO SIX NINE EIGHT SEVEN 
LOG (lattice-best-path[5.5.916~1-7f57e]:main():lattice-best-path.cc:99) For utterance vvraju_z08, best cost 72.6489 + 3859.44 = 3932.08 over 400 frames.
vvraju_z08 TWO THREE TWO FIVE FOUR EIGHT SEVEN NINE SIX ONE ZERO 
LOG (lattice-best-path[5.5.916~1-7f57e]:main():lattice-best-path.cc:99) For utterance vvraju_z09, best cost 86.4919 + 4632.15 = 4718.64 over 458 frames.
vvraju_z09 NINE EIGHT SEVEN SIX FIVE FOUR THREE TWO ONE ZERO SEVEN EIGHT ONE 
LOG (lattice-best-path[5.5.916~1-7f57e]:main():lattice-best-path.cc:99) For utterance vvraju_z10, best cost 82.9935 + 4508.63 = 4591.62 over 439 frames.
vvraju_z10 THREE FOUR FOUR ONE ZERO THREE SEVEN SIX FOUR THREE FIVE EIGHT NINE EIGHT 
LOG (lattice-best-path[5.5.916~1-7f57e]:main():lattice-best-path.cc:124) Overall cost per frame is 9.32483 = 0.175151 [graph] + 9.14968 [acoustic] over 14511 frames.
LOG (lattice-best-path[5.5.916~1-7f57e]:main():lattice-best-path.cc:128) Done 40 lattices, failed for 0
# Accounting: time=0 threads=1
# Ended (code 0) at Sat May  8 21:56:57 IST 2021, elapsed time 0 seconds
