# lattice-scale --inv-acoustic-scale=13 "ark:gunzip -c exp/tri2b/decode/lat.*.gz|" ark:- | lattice-add-penalty --word-ins-penalty=1.0 ark:- ark:- | lattice-best-path --word-symbol-table=exp/tri2b/graph/words.txt ark:- ark,t:- | utils/int2sym.pl -f 2- exp/tri2b/graph/words.txt | local/wer_hyp_filter > exp/tri2b/decode/scoring_kaldi/penalty_1.0/13.txt 
# Started at Sat May  8 21:56:57 IST 2021
#
lattice-add-penalty --word-ins-penalty=1.0 ark:- ark:- 
lattice-scale --inv-acoustic-scale=13 'ark:gunzip -c exp/tri2b/decode/lat.*.gz|' ark:- 
lattice-best-path --word-symbol-table=exp/tri2b/graph/words.txt ark:- ark,t:- 
LOG (lattice-best-path[5.5.916~1-7f57e]:main():lattice-best-path.cc:99) For utterance sravya_w01, best cost 60.2668 + 1383.42 = 1443.69 over 290 frames.
sravya_w01 ZERO ONE TWO TWO FOUR FIVE SIX SEVEN EIGHT NINE 
LOG (lattice-best-path[5.5.916~1-7f57e]:main():lattice-best-path.cc:99) For utterance sravya_w02, best cost 49.9755 + 1308.29 = 1358.27 over 267 frames.
sravya_w02 TWO THREE FIVE SEVEN ZERO SIX EIGHT TWO 
LOG (lattice-best-path[5.5.916~1-7f57e]:main():lattice-best-path.cc:99) For utterance sravya_w03, best cost 57.0153 + 1365.17 = 1422.19 over 276 frames.
sravya_w03 ZERO TWO FOUR SIX ZERO FIVE NINE SEVEN ONE 
LOG (lattice-best-path[5.5.916~1-7f57e]:main():lattice-best-path.cc:99) For utterance sravya_w04, best cost 50.0532 + 1315.4 = 1365.45 over 265 frames.
sravya_w04 ONE FIVE NINE TWO FOUR FOUR ZERO SEVEN 
LOG (lattice-best-path[5.5.916~1-7f57e]:main():lattice-best-path.cc:99) For utterance sravya_w05, best cost 55.1664 + 1323.8 = 1378.96 over 266 frames.
sravya_w05 ONE THREE FIVE SIX ZERO EIGHT NINE TWO EIGHT 
LOG (lattice-best-path[5.5.916~1-7f57e]:main():lattice-best-path.cc:99) For utterance sravya_w06, best cost 66.8915 + 1729.35 = 1796.24 over 335 frames.
sravya_w06 TWO THREE NINE FOUR TWO FOUR FIVE ZERO SEVEN SIX EIGHT 
LOG (lattice-best-path[5.5.916~1-7f57e]:main():lattice-best-path.cc:99) For utterance sravya_w07, best cost 69.2097 + 1921.67 = 1990.88 over 390 frames.
sravya_w07 ONE THREE TWO FOUR FIVE THREE ZERO SIX NINE EIGHT SEVEN 
LOG (lattice-best-path[5.5.916~1-7f57e]:main():lattice-best-path.cc:99) For utterance sravya_w08, best cost 63.128 + 1674.72 = 1737.85 over 341 frames.
sravya_w08 TWO THREE FIVE FOUR EIGHT SEVEN NINE SIX ONE ZERO 
LOG (lattice-best-path[5.5.916~1-7f57e]:main():lattice-best-path.cc:99) For utterance sravya_w09, best cost 70.4201 + 2069.72 = 2140.14 over 424 frames.
sravya_w09 ONE EIGHT SEVEN SIX FIVE FOUR THREE TWO ONE ZERO SEVEN 
LOG (lattice-best-path[5.5.916~1-7f57e]:main():lattice-best-path.cc:99) For utterance sravya_w10, best cost 83.2048 + 2359.55 = 2442.76 over 499 frames.
sravya_w10 THREE FOUR EIGHT ONE ZERO EIGHT SEVEN SIX FOUR THREE FIVE EIGHT NINE 
LOG (lattice-best-path[5.5.916~1-7f57e]:main():lattice-best-path.cc:99) For utterance sudharshan_x01, best cost 76.457 + 2266.2 = 2342.65 over 461 frames.
sudharshan_x01 ZERO ONE TWO THREE FOUR FIVE SIX SEVEN NINE 
LOG (lattice-best-path[5.5.916~1-7f57e]:main():lattice-best-path.cc:99) For utterance sudharshan_x02, best cost 61.9832 + 1797.69 = 1859.67 over 370 frames.
sudharshan_x02 ONE THREE FIVE SEVEN NINE ZERO SIX SIX TWO 
LOG (lattice-best-path[5.5.916~1-7f57e]:main():lattice-best-path.cc:99) For utterance sudharshan_x03, best cost 62.181 + 2058.55 = 2120.73 over 435 frames.
sudharshan_x03 ZERO TWO FOUR SIX FIVE NINE SEVEN ONE 
LOG (lattice-best-path[5.5.916~1-7f57e]:main():lattice-best-path.cc:99) For utterance sudharshan_x04, best cost 58.0403 + 1740.15 = 1798.19 over 383 frames.
sudharshan_x04 ONE FIVE NINE TWO FOUR SIX ZERO SEVEN 
LOG (lattice-best-path[5.5.916~1-7f57e]:main():lattice-best-path.cc:99) For utterance sudharshan_x05, best cost 58.8987 + 1874.62 = 1933.52 over 409 frames.
sudharshan_x05 ONE THREE FIVE SIX ZERO NINE TWO 
LOG (lattice-best-path[5.5.916~1-7f57e]:main():lattice-best-path.cc:99) For utterance sudharshan_x06, best cost 78.1136 + 2549.15 = 2627.26 over 562 frames.
sudharshan_x06 TWO THREE NINE FOUR TWO FOUR FIVE ZERO SIX SIX 
LOG (lattice-best-path[5.5.916~1-7f57e]:main():lattice-best-path.cc:99) For utterance sudharshan_x07, best cost 84.3516 + 2369.87 = 2454.22 over 519 frames.
sudharshan_x07 ONE THREE TWO FOUR FIVE THREE ZERO SIX NINE EIGHT SEVEN 
LOG (lattice-best-path[5.5.916~1-7f57e]:main():lattice-best-path.cc:99) For utterance sudharshan_x08, best cost 70.7148 + 2262.25 = 2332.96 over 477 frames.
sudharshan_x08 TWO THREE FIVE FOUR EIGHT SEVEN NINE SIX ONE ZERO 
LOG (lattice-best-path[5.5.916~1-7f57e]:main():lattice-best-path.cc:99) For utterance sudharshan_x09, best cost 85.12 + 2469.74 = 2554.86 over 500 frames.
sudharshan_x09 NINE SEVEN SIX FIVE FOUR THREE TWO ONE ZERO SEVEN ONE 
LOG (lattice-best-path[5.5.916~1-7f57e]:main():lattice-best-path.cc:99) For utterance sudharshan_x10, best cost 89.5544 + 2431.01 = 2520.57 over 536 frames.
sudharshan_x10 THREE FOUR ONE ZERO EIGHT SEVEN SIX FOUR THREE FIVE EIGHT NINE 
LOG (lattice-best-path[5.5.916~1-7f57e]:main():lattice-best-path.cc:99) For utterance swetha_y01, best cost 49.3761 + 1074.26 = 1123.63 over 230 frames.
swetha_y01 ZERO ONE THREE FOUR FIVE SIX SEVEN NINE 
LOG (lattice-best-path[5.5.916~1-7f57e]:main():lattice-best-path.cc:99) For utterance swetha_y02, best cost 53.3177 + 991.474 = 1044.79 over 220 frames.
swetha_y02 ONE THREE FIVE SEVEN NINE ZERO SIX EIGHT TWO 
LOG (lattice-best-path[5.5.916~1-7f57e]:main():lattice-best-path.cc:99) For utterance swetha_y03, best cost 43.327 + 1034.46 = 1077.78 over 227 frames.
swetha_y03 ZERO TWO FOUR SIX EIGHT NINE SEVEN 
LOG (lattice-best-path[5.5.916~1-7f57e]:main():lattice-best-path.cc:99) For utterance swetha_y04, best cost 43.3916 + 953.962 = 997.354 over 208 frames.
swetha_y04 FIVE NINE TWO FOUR SIX ZERO SEVEN 
LOG (lattice-best-path[5.5.916~1-7f57e]:main():lattice-best-path.cc:99) For utterance swetha_y05, best cost 46.9266 + 878.571 = 925.497 over 189 frames.
swetha_y05 ONE THREE FIVE SIX ZERO EIGHT EIGHT TWO 
LOG (lattice-best-path[5.5.916~1-7f57e]:main():lattice-best-path.cc:99) For utterance swetha_y06, best cost 69.4028 + 1574.27 = 1643.68 over 362 frames.
swetha_y06 TWO THREE NINE FOUR TWO FOUR FIVE ZERO ONE SIX EIGHT 
LOG (lattice-best-path[5.5.916~1-7f57e]:main():lattice-best-path.cc:99) For utterance swetha_y07, best cost 65.3537 + 1120.54 = 1185.89 over 247 frames.
LOG (lattice-scale[5.5.916~1-7f57e]:main():lattice-scale.cc:107) Done 40 lattices.
swetha_y07 FIVE THREE TWO FOUR FIVE THREE ZERO SIX NINE EIGHT SEVEN 
LOG (lattice-best-path[5.5.916~1-7f57e]:main():lattice-best-path.cc:99) For utterance swetha_y08, best cost 60.7943 + 1119.66 = 1180.45 over 246 frames.
swetha_y08 TWO THREE FIVE FOUR EIGHT SEVEN NINE SIX ONE SEVEN 
LOG (lattice-best-path[5.5.916~1-7f57e]:main():lattice-best-path.cc:99) For utterance swetha_y09, best cost 64.9982 + 1221.94 = 1286.93 over 258 frames.
swetha_y09 NINE SEVEN SIX FIVE FOUR THREE TWO ONE ZERO SEVEN ONE 
LOG (lattice-best-path[5.5.916~1-7f57e]:main():lattice-best-path.cc:99) For utterance swetha_y10, best cost 60.1499 + 1163.44 = 1223.59 over 251 frames.
swetha_y10 THREE FOUR ONE EIGHT SEVEN SIX FOUR THREE NINE EIGHT 
LOG (lattice-add-penalty[5.5.916~1-7f57e]:main():lattice-add-penalty.cc:62) Done adding word insertion penalty to 40 lattices.
LOG (lattice-best-path[5.5.916~1-7f57e]:main():lattice-best-path.cc:99) For utterance vvraju_z01, best cost 85.3231 + 2616.22 = 2701.55 over 476 frames.
vvraju_z01 ZERO TWO THREE FOUR FOUR FIVE SIX SEVEN EIGHT NINE 
LOG (lattice-best-path[5.5.916~1-7f57e]:main():lattice-best-path.cc:99) For utterance vvraju_z02, best cost 68.2334 + 2043.37 = 2111.61 over 385 frames.
vvraju_z02 ONE THREE FOUR FIVE SEVEN NINE ZERO SIX EIGHT TWO 
LOG (lattice-best-path[5.5.916~1-7f57e]:main():lattice-best-path.cc:99) For utterance vvraju_z03, best cost 69.4826 + 2092.27 = 2161.75 over 374 frames.
vvraju_z03 ZERO TWO FOUR SIX EIGHT FIVE NINE SEVEN ONE 
LOG (lattice-best-path[5.5.916~1-7f57e]:main():lattice-best-path.cc:99) For utterance vvraju_z04, best cost 63.3148 + 1841.79 = 1905.1 over 340 frames.
vvraju_z04 ONE FIVE NINE TWO FOUR SIX ZERO SEVEN 
LOG (lattice-best-path[5.5.916~1-7f57e]:main():lattice-best-path.cc:99) For utterance vvraju_z05, best cost 63.2784 + 1740.29 = 1803.57 over 322 frames.
vvraju_z05 ONE THREE FIVE SIX ZERO EIGHT NINE TWO 
LOG (lattice-best-path[5.5.916~1-7f57e]:main():lattice-best-path.cc:99) For utterance vvraju_z06, best cost 88.3008 + 2381.47 = 2469.78 over 432 frames.
vvraju_z06 TWO THREE NINE FOUR TWO FOUR FOUR FIVE ZERO SEVEN SIX EIGHT 
LOG (lattice-best-path[5.5.916~1-7f57e]:main():lattice-best-path.cc:99) For utterance vvraju_z07, best cost 77.2189 + 2417.71 = 2494.93 over 442 frames.
vvraju_z07 ONE THREE TWO FOUR THREE SIX TWO SIX NINE EIGHT SEVEN 
LOG (lattice-best-path[5.5.916~1-7f57e]:main():lattice-best-path.cc:99) For utterance vvraju_z08, best cost 78.1489 + 2078.16 = 2156.31 over 400 frames.
vvraju_z08 TWO THREE TWO FIVE FOUR EIGHT SEVEN NINE SIX ONE ZERO 
LOG (lattice-best-path[5.5.916~1-7f57e]:main():lattice-best-path.cc:99) For utterance vvraju_z09, best cost 92.9919 + 2494.24 = 2587.23 over 458 frames.
vvraju_z09 NINE EIGHT SEVEN SIX FIVE FOUR THREE TWO ONE ZERO SEVEN EIGHT ONE 
LOG (lattice-best-path[5.5.916~1-7f57e]:main():lattice-best-path.cc:99) For utterance vvraju_z10, best cost 85.3749 + 2431.14 = 2516.52 over 439 frames.
vvraju_z10 THREE FOUR FOUR ONE ZERO THREE SEVEN SIX FOUR THREE FIVE EIGHT NINE 
LOG (lattice-best-path[5.5.916~1-7f57e]:main():lattice-best-path.cc:124) Overall cost per frame is 5.11467 = 0.18465 [graph] + 4.93002 [acoustic] over 14511 frames.
LOG (lattice-best-path[5.5.916~1-7f57e]:main():lattice-best-path.cc:128) Done 40 lattices, failed for 0
# Accounting: time=0 threads=1
# Ended (code 0) at Sat May  8 21:56:57 IST 2021, elapsed time 0 seconds
