# lattice-scale --inv-acoustic-scale=16 "ark:gunzip -c exp/tri2b/decode/lat.*.gz|" ark:- | lattice-add-penalty --word-ins-penalty=1.0 ark:- ark:- | lattice-best-path --word-symbol-table=exp/tri2b/graph/words.txt ark:- ark,t:- | utils/int2sym.pl -f 2- exp/tri2b/graph/words.txt | local/wer_hyp_filter > exp/tri2b/decode/scoring_kaldi/penalty_1.0/16.txt 
# Started at Sat May  8 21:56:57 IST 2021
#
lattice-best-path --word-symbol-table=exp/tri2b/graph/words.txt ark:- ark,t:- 
lattice-add-penalty --word-ins-penalty=1.0 ark:- ark:- 
lattice-scale --inv-acoustic-scale=16 'ark:gunzip -c exp/tri2b/decode/lat.*.gz|' ark:- 
LOG (lattice-best-path[5.5.916~1-7f57e]:main():lattice-best-path.cc:99) For utterance sravya_w01, best cost 60.2668 + 1124.03 = 1184.29 over 290 frames.
sravya_w01 ZERO ONE TWO TWO FOUR FIVE SIX SEVEN EIGHT NINE 
LOG (lattice-best-path[5.5.916~1-7f57e]:main():lattice-best-path.cc:99) For utterance sravya_w02, best cost 49.9755 + 1062.99 = 1112.96 over 267 frames.
sravya_w02 TWO THREE FIVE SEVEN ZERO SIX EIGHT TWO 
LOG (lattice-best-path[5.5.916~1-7f57e]:main():lattice-best-path.cc:99) For utterance sravya_w03, best cost 52.2004 + 1113.95 = 1166.15 over 276 frames.
sravya_w03 ZERO TWO FOUR SIX ZERO FIVE NINE SEVEN 
LOG (lattice-best-path[5.5.916~1-7f57e]:main():lattice-best-path.cc:99) For utterance sravya_w04, best cost 50.0532 + 1068.76 = 1118.82 over 265 frames.
sravya_w04 ONE FIVE NINE TWO FOUR FOUR ZERO SEVEN 
LOG (lattice-best-path[5.5.916~1-7f57e]:main():lattice-best-path.cc:99) For utterance sravya_w05, best cost 55.1664 + 1075.58 = 1130.75 over 266 frames.
sravya_w05 ONE THREE FIVE SIX ZERO EIGHT NINE TWO EIGHT 
LOG (lattice-best-path[5.5.916~1-7f57e]:main():lattice-best-path.cc:99) For utterance sravya_w06, best cost 66.8915 + 1405.1 = 1471.99 over 335 frames.
sravya_w06 TWO THREE NINE FOUR TWO FOUR FIVE ZERO SEVEN SIX EIGHT 
LOG (lattice-best-path[5.5.916~1-7f57e]:main():lattice-best-path.cc:99) For utterance sravya_w07, best cost 69.2097 + 1561.35 = 1630.56 over 390 frames.
sravya_w07 ONE THREE TWO FOUR FIVE THREE ZERO SIX NINE EIGHT SEVEN 
LOG (lattice-best-path[5.5.916~1-7f57e]:main():lattice-best-path.cc:99) For utterance sravya_w08, best cost 58.5855 + 1365.21 = 1423.79 over 341 frames.
sravya_w08 TWO THREE FIVE FOUR SEVEN NINE SIX ONE ZERO 
LOG (lattice-best-path[5.5.916~1-7f57e]:main():lattice-best-path.cc:99) For utterance sravya_w09, best cost 70.4201 + 1681.65 = 1752.07 over 424 frames.
sravya_w09 ONE EIGHT SEVEN SIX FIVE FOUR THREE TWO ONE ZERO SEVEN 
LOG (lattice-best-path[5.5.916~1-7f57e]:main():lattice-best-path.cc:99) For utterance sravya_w10, best cost 78.3777 + 1921.18 = 1999.56 over 499 frames.
sravya_w10 THREE FOUR ONE ZERO EIGHT SEVEN SIX FOUR THREE FIVE EIGHT NINE 
LOG (lattice-best-path[5.5.916~1-7f57e]:main():lattice-best-path.cc:99) For utterance sudharshan_x01, best cost 76.457 + 1841.28 = 1917.74 over 461 frames.
sudharshan_x01 ZERO ONE TWO THREE FOUR FIVE SIX SEVEN NINE 
LOG (lattice-best-path[5.5.916~1-7f57e]:main():lattice-best-path.cc:99) For utterance sudharshan_x02, best cost 61.9832 + 1460.62 = 1522.61 over 370 frames.
sudharshan_x02 ONE THREE FIVE SEVEN NINE ZERO SIX SIX TWO 
LOG (lattice-best-path[5.5.916~1-7f57e]:main():lattice-best-path.cc:99) For utterance sudharshan_x03, best cost 62.181 + 1672.57 = 1734.75 over 435 frames.
sudharshan_x03 ZERO TWO FOUR SIX FIVE NINE SEVEN ONE 
LOG (lattice-best-path[5.5.916~1-7f57e]:main():lattice-best-path.cc:99) For utterance sudharshan_x04, best cost 58.0403 + 1413.88 = 1471.92 over 383 frames.
sudharshan_x04 ONE FIVE NINE TWO FOUR SIX ZERO SEVEN 
LOG (lattice-best-path[5.5.916~1-7f57e]:main():lattice-best-path.cc:99) For utterance sudharshan_x05, best cost 57.6129 + 1524.23 = 1581.84 over 409 frames.
sudharshan_x05 ONE THREE FIVE SIX ZERO EIGHT NINE TWO 
LOG (lattice-best-path[5.5.916~1-7f57e]:main():lattice-best-path.cc:99) For utterance sudharshan_x06, best cost 67.2926 + 2080.38 = 2147.68 over 562 frames.
sudharshan_x06 TWO THREE NINE FOUR TWO FOUR FIVE ZERO SIX 
LOG (lattice-best-path[5.5.916~1-7f57e]:main():lattice-best-path.cc:99) For utterance sudharshan_x07, best cost 84.3516 + 1925.52 = 2009.87 over 519 frames.
sudharshan_x07 ONE THREE TWO FOUR FIVE THREE ZERO SIX NINE EIGHT SEVEN 
LOG (lattice-best-path[5.5.916~1-7f57e]:main():lattice-best-path.cc:99) For utterance sudharshan_x08, best cost 70.7148 + 1838.08 = 1908.79 over 477 frames.
sudharshan_x08 TWO THREE FIVE FOUR EIGHT SEVEN NINE SIX ONE ZERO 
LOG (lattice-best-path[5.5.916~1-7f57e]:main():lattice-best-path.cc:99) For utterance sudharshan_x09, best cost 85.12 + 2006.66 = 2091.78 over 500 frames.
sudharshan_x09 NINE SEVEN SIX FIVE FOUR THREE TWO ONE ZERO SEVEN ONE 
LOG (lattice-best-path[5.5.916~1-7f57e]:main():lattice-best-path.cc:99) For utterance sudharshan_x10, best cost 89.5544 + 1975.2 = 2064.75 over 536 frames.
sudharshan_x10 THREE FOUR ONE ZERO EIGHT SEVEN SIX FOUR THREE FIVE EIGHT NINE 
LOG (lattice-best-path[5.5.916~1-7f57e]:main():lattice-best-path.cc:99) For utterance swetha_y01, best cost 49.3761 + 872.833 = 922.209 over 230 frames.
swetha_y01 ZERO ONE THREE FOUR FIVE SIX SEVEN NINE 
LOG (lattice-best-path[5.5.916~1-7f57e]:main():lattice-best-path.cc:99) For utterance swetha_y02, best cost 53.3177 + 805.572 = 858.89 over 220 frames.
swetha_y02 ONE THREE FIVE SEVEN NINE ZERO SIX EIGHT TWO 
LOG (lattice-best-path[5.5.916~1-7f57e]:main():lattice-best-path.cc:99) For utterance swetha_y03, best cost 43.327 + 840.496 = 883.823 over 227 frames.
swetha_y03 ZERO TWO FOUR SIX EIGHT NINE SEVEN 
LOG (lattice-best-path[5.5.916~1-7f57e]:main():lattice-best-path.cc:99) For utterance swetha_y04, best cost 43.3916 + 775.094 = 818.486 over 208 frames.
swetha_y04 FIVE NINE TWO FOUR SIX ZERO SEVEN 
LOG (lattice-best-path[5.5.916~1-7f57e]:main():lattice-best-path.cc:99) For utterance swetha_y05, best cost 42.3198 + 717.685 = 760.004 over 189 frames.
swetha_y05 ONE THREE FIVE SIX ZERO EIGHT TWO 
LOG (lattice-best-path[5.5.916~1-7f57e]:main():lattice-best-path.cc:99) For utterance swetha_y06, best cost 69.4028 + 1279.1 = 1348.5 over 362 frames.
swetha_y06 TWO THREE NINE FOUR TWO FOUR FIVE ZERO ONE SIX EIGHT 
LOG (lattice-scale[5.5.916~1-7f57e]:main():lattice-scale.cc:107) Done 40 lattices.
LOG (lattice-best-path[5.5.916~1-7f57e]:main():lattice-best-path.cc:99) For utterance swetha_y07, best cost 65.3537 + 910.438 = 975.792 over 247 frames.
swetha_y07 FIVE THREE TWO FOUR FIVE THREE ZERO SIX NINE EIGHT SEVEN 
LOG (lattice-best-path[5.5.916~1-7f57e]:main():lattice-best-path.cc:99) For utterance swetha_y08, best cost 60.7943 + 909.723 = 970.517 over 246 frames.
swetha_y08 TWO THREE FIVE FOUR EIGHT SEVEN NINE SIX ONE SEVEN 
LOG (lattice-best-path[5.5.916~1-7f57e]:main():lattice-best-path.cc:99) For utterance swetha_y09, best cost 60.0887 + 997.109 = 1057.2 over 258 frames.
swetha_y09 NINE SEVEN SIX FIVE FOUR THREE TWO ONE ZERO SEVEN 
LOG (lattice-best-path[5.5.916~1-7f57e]:main():lattice-best-path.cc:99) For utterance swetha_y10, best cost 50.1617 + 954.104 = 1004.27 over 251 frames.
swetha_y10 THREE FOUR EIGHT SEVEN SIX FOUR THREE EIGHT 
LOG (lattice-best-path[5.5.916~1-7f57e]:main():lattice-best-path.cc:99) For utterance vvraju_z01, best cost 85.3231 + 2125.68 = 2211 over 476 frames.
vvraju_z01 ZERO TWO THREE FOUR FOUR FIVE SIX SEVEN EIGHT NINE 
LOG (lattice-add-penalty[5.5.916~1-7f57e]:main():lattice-add-penalty.cc:62) Done adding word insertion penalty to 40 lattices.
LOG (lattice-best-path[5.5.916~1-7f57e]:main():lattice-best-path.cc:99) For utterance vvraju_z02, best cost 68.2334 + 1660.24 = 1728.47 over 385 frames.
vvraju_z02 ONE THREE FOUR FIVE SEVEN NINE ZERO SIX EIGHT TWO 
LOG (lattice-best-path[5.5.916~1-7f57e]:main():lattice-best-path.cc:99) For utterance vvraju_z03, best cost 69.4826 + 1699.97 = 1769.45 over 374 frames.
vvraju_z03 ZERO TWO FOUR SIX EIGHT FIVE NINE SEVEN ONE 
LOG (lattice-best-path[5.5.916~1-7f57e]:main():lattice-best-path.cc:99) For utterance vvraju_z04, best cost 63.3148 + 1496.45 = 1559.77 over 340 frames.
vvraju_z04 ONE FIVE NINE TWO FOUR SIX ZERO SEVEN 
LOG (lattice-best-path[5.5.916~1-7f57e]:main():lattice-best-path.cc:99) For utterance vvraju_z05, best cost 63.2784 + 1413.98 = 1477.26 over 322 frames.
vvraju_z05 ONE THREE FIVE SIX ZERO EIGHT NINE TWO 
LOG (lattice-best-path[5.5.916~1-7f57e]:main():lattice-best-path.cc:99) For utterance vvraju_z06, best cost 88.3008 + 1934.95 = 2023.25 over 432 frames.
vvraju_z06 TWO THREE NINE FOUR TWO FOUR FOUR FIVE ZERO SEVEN SIX EIGHT 
LOG (lattice-best-path[5.5.916~1-7f57e]:main():lattice-best-path.cc:99) For utterance vvraju_z07, best cost 72.2379 + 1969.29 = 2041.52 over 442 frames.
vvraju_z07 ONE THREE TWO FOUR THREE ZERO SIX NINE EIGHT SEVEN 
LOG (lattice-best-path[5.5.916~1-7f57e]:main():lattice-best-path.cc:99) For utterance vvraju_z08, best cost 78.1489 + 1688.5 = 1766.65 over 400 frames.
vvraju_z08 TWO THREE TWO FIVE FOUR EIGHT SEVEN NINE SIX ONE ZERO 
LOG (lattice-best-path[5.5.916~1-7f57e]:main():lattice-best-path.cc:99) For utterance vvraju_z09, best cost 88.371 + 2030.76 = 2119.13 over 458 frames.
vvraju_z09 NINE EIGHT SEVEN SIX FIVE FOUR THREE TWO ONE ZERO SEVEN ONE 
LOG (lattice-best-path[5.5.916~1-7f57e]:main():lattice-best-path.cc:99) For utterance vvraju_z10, best cost 85.3749 + 1975.3 = 2060.68 over 439 frames.
vvraju_z10 THREE FOUR FOUR ONE ZERO THREE SEVEN SIX FOUR THREE FIVE EIGHT NINE 
LOG (lattice-best-path[5.5.916~1-7f57e]:main():lattice-best-path.cc:124) Overall cost per frame is 4.18989 = 0.180832 [graph] + 4.00906 [acoustic] over 14511 frames.
LOG (lattice-best-path[5.5.916~1-7f57e]:main():lattice-best-path.cc:128) Done 40 lattices, failed for 0
# Accounting: time=0 threads=1
# Ended (code 0) at Sat May  8 21:56:57 IST 2021, elapsed time 0 seconds
